2026-02-18 02:01:05,804 - httpx - INFO - HTTP Request: POST https://api.telegram.org/bot7966102912:AAE6lVKzQ_OCchVeODIMl3pxYvWBiIx8Z1w/getMe "HTTP/1.1 200 OK"
2026-02-18 02:01:06,247 - httpx - INFO - HTTP Request: POST https://api.telegram.org/bot7966102912:AAE6lVKzQ_OCchVeODIMl3pxYvWBiIx8Z1w/deleteWebhook "HTTP/1.1 200 OK"
2026-02-18 02:01:06,248 - telegram.ext.Application - INFO - Application started
2026-02-18 02:01:17,122 - httpx - INFO - HTTP Request: POST https://api.telegram.org/bot7966102912:AAE6lVKzQ_OCchVeODIMl3pxYvWBiIx8Z1w/getUpdates "HTTP/1.1 200 OK"
2026-02-18 02:01:27,489 - httpx - INFO - HTTP Request: POST https://api.telegram.org/bot7966102912:AAE6lVKzQ_OCchVeODIMl3pxYvWBiIx8Z1w/getUpdates "HTTP/1.1 200 OK"
2026-02-18 02:01:28,421 - httpx - INFO - HTTP Request: POST https://api.telegram.org/bot7966102912:AAE6lVKzQ_OCchVeODIMl3pxYvWBiIx8Z1w/sendMessage "HTTP/1.1 200 OK"
2026-02-18 02:01:37,620 - httpx - INFO - HTTP Request: POST https://api.telegram.org/bot7966102912:AAE6lVKzQ_OCchVeODIMl3pxYvWBiIx8Z1w/getUpdates "HTTP/1.1 200 OK"
2026-02-18 02:01:48,488 - httpx - INFO - HTTP Request: POST https://api.telegram.org/bot7966102912:AAE6lVKzQ_OCchVeODIMl3pxYvWBiIx8Z1w/getUpdates "HTTP/1.1 200 OK"
2026-02-18 02:01:54,669 - httpx - INFO - HTTP Request: POST https://api.telegram.org/bot7966102912:AAE6lVKzQ_OCchVeODIMl3pxYvWBiIx8Z1w/getUpdates "HTTP/1.1 200 OK"
2026-02-18 02:01:56,018 - httpx - INFO - HTTP Request: POST https://api.telegram.org/bot7966102912:AAE6lVKzQ_OCchVeODIMl3pxYvWBiIx8Z1w/answerCallbackQuery "HTTP/1.1 200 OK"
2026-02-18 02:01:56,019 - __main__ - INFO - Пользователь 1796014793 нажал: my_words
2026-02-18 02:01:56,561 - httpx - INFO - HTTP Request: POST https://api.telegram.org/bot7966102912:AAE6lVKzQ_OCchVeODIMl3pxYvWBiIx8Z1w/editMessageText "HTTP/1.1 200 OK"
2026-02-18 02:02:05,123 - httpx - INFO - HTTP Request: POST https://api.telegram.org/bot7966102912:AAE6lVKzQ_OCchVeODIMl3pxYvWBiIx8Z1w/getUpdates "HTTP/1.1 200 OK"
2026-02-18 02:02:08,338 - httpx - INFO - HTTP Request: POST https://api.telegram.org/bot7966102912:AAE6lVKzQ_OCchVeODIMl3pxYvWBiIx8Z1w/getUpdates "HTTP/1.1 200 OK"
2026-02-18 02:02:09,211 - httpx - INFO - HTTP Request: POST https://api.telegram.org/bot7966102912:AAE6lVKzQ_OCchVeODIMl3pxYvWBiIx8Z1w/answerCallbackQuery "HTTP/1.1 200 OK"
2026-02-18 02:02:09,212 - __main__ - INFO - Пользователь 1796014793 нажал: practice_Hello
2026-02-18 02:02:10,420 - httpx - INFO - HTTP Request: POST https://api.telegram.org/bot7966102912:AAE6lVKzQ_OCchVeODIMl3pxYvWBiIx8Z1w/editMessageText "HTTP/1.1 200 OK"
2026-02-18 02:02:17,662 - httpx - INFO - HTTP Request: POST https://api.telegram.org/bot7966102912:AAE6lVKzQ_OCchVeODIMl3pxYvWBiIx8Z1w/getUpdates "HTTP/1.1 200 OK"
2026-02-18 02:02:18,625 - httpx - INFO - HTTP Request: POST https://api.telegram.org/bot7966102912:AAE6lVKzQ_OCchVeODIMl3pxYvWBiIx8Z1w/answerCallbackQuery "HTTP/1.1 200 OK"
2026-02-18 02:02:18,626 - __main__ - INFO - Пользователь 1796014793 нажал: answer_wrong
2026-02-18 02:02:22,677 - httpx - INFO - HTTP Request: POST https://api.telegram.org/bot7966102912:AAE6lVKzQ_OCchVeODIMl3pxYvWBiIx8Z1w/getUpdates "HTTP/1.1 200 OK"
2026-02-18 02:02:22,926 - httpx - INFO - HTTP Request: POST https://api.telegram.org/bot7966102912:AAE6lVKzQ_OCchVeODIMl3pxYvWBiIx8Z1w/answerCallbackQuery "HTTP/1.1 200 OK"
2026-02-18 02:02:22,927 - __main__ - INFO - Пользователь 1796014793 нажал: answer_wrong
2026-02-18 02:02:25,259 - httpx - INFO - HTTP Request: POST https://api.telegram.org/bot7966102912:AAE6lVKzQ_OCchVeODIMl3pxYvWBiIx8Z1w/getUpdates "HTTP/1.1 200 OK"
2026-02-18 02:02:25,676 - httpx - INFO - HTTP Request: POST https://api.telegram.org/bot7966102912:AAE6lVKzQ_OCchVeODIMl3pxYvWBiIx8Z1w/answerCallbackQuery "HTTP/1.1 200 OK"
2026-02-18 02:02:25,678 - __main__ - INFO - Пользователь 1796014793 нажал: answer_wrong
2026-02-18 02:02:27,385 - httpx - INFO - HTTP Request: POST https://api.telegram.org/bot7966102912:AAE6lVKzQ_OCchVeODIMl3pxYvWBiIx8Z1w/getUpdates "HTTP/1.1 200 OK"
2026-02-18 02:02:27,804 - httpx - INFO - HTTP Request: POST https://api.telegram.org/bot7966102912:AAE6lVKzQ_OCchVeODIMl3pxYvWBiIx8Z1w/answerCallbackQuery "HTTP/1.1 200 OK"
2026-02-18 02:02:27,805 - __main__ - INFO - Пользователь 1796014793 нажал: answer_correct
2026-02-18 02:02:28,191 - httpx - INFO - HTTP Request: POST https://api.telegram.org/bot7966102912:AAE6lVKzQ_OCchVeODIMl3pxYvWBiIx8Z1w/getUpdates "HTTP/1.1 200 OK"
2026-02-18 02:02:29,127 - httpx - INFO - HTTP Request: POST https://api.telegram.org/bot7966102912:AAE6lVKzQ_OCchVeODIMl3pxYvWBiIx8Z1w/answerCallbackQuery "HTTP/1.1 200 OK"
2026-02-18 02:02:29,129 - __main__ - INFO - Пользователь 1796014793 нажал: my_words
2026-02-18 02:02:29,272 - httpx - INFO - HTTP Request: POST https://api.telegram.org/bot7966102912:AAE6lVKzQ_OCchVeODIMl3pxYvWBiIx8Z1w/editMessageText "HTTP/1.1 200 OK"
2026-02-18 02:02:32,836 - httpx - INFO - HTTP Request: POST https://api.telegram.org/bot7966102912:AAE6lVKzQ_OCchVeODIMl3pxYvWBiIx8Z1w/getUpdates "HTTP/1.1 200 OK"
2026-02-18 02:02:33,239 - httpx - INFO - HTTP Request: POST https://api.telegram.org/bot7966102912:AAE6lVKzQ_OCchVeODIMl3pxYvWBiIx8Z1w/answerCallbackQuery "HTTP/1.1 200 OK"
2026-02-18 02:02:33,241 - __main__ - INFO - Пользователь 1796014793 нажал: back_to_main
2026-02-18 02:02:34,248 - httpx - INFO - HTTP Request: POST https://api.telegram.org/bot7966102912:AAE6lVKzQ_OCchVeODIMl3pxYvWBiIx8Z1w/editMessageText "HTTP/1.1 200 OK"
2026-02-18 02:02:43,190 - httpx - INFO - HTTP Request: POST https://api.telegram.org/bot7966102912:AAE6lVKzQ_OCchVeODIMl3pxYvWBiIx8Z1w/getUpdates "HTTP/1.1 200 OK"
2026-02-18 02:02:44,689 - httpx - INFO - HTTP Request: POST https://api.telegram.org/bot7966102912:AAE6lVKzQ_OCchVeODIMl3pxYvWBiIx8Z1w/getUpdates "HTTP/1.1 200 OK"
2026-02-18 02:02:45,688 - httpx - INFO - HTTP Request: POST https://api.telegram.org/bot7966102912:AAE6lVKzQ_OCchVeODIMl3pxYvWBiIx8Z1w/answerCallbackQuery "HTTP/1.1 200 OK"
2026-02-18 02:02:45,689 - __main__ - INFO - Пользователь 1796014793 нажал: achievements
2026-02-18 02:02:46,512 - httpx - INFO - HTTP Request: POST https://api.telegram.org/bot7966102912:AAE6lVKzQ_OCchVeODIMl3pxYvWBiIx8Z1w/editMessageText "HTTP/1.1 200 OK"
2026-02-18 02:02:53,478 - httpx - INFO - HTTP Request: POST https://api.telegram.org/bot7966102912:AAE6lVKzQ_OCchVeODIMl3pxYvWBiIx8Z1w/getUpdates "HTTP/1.1 200 OK"
2026-02-18 02:02:54,382 - httpx - INFO - HTTP Request: POST https://api.telegram.org/bot7966102912:AAE6lVKzQ_OCchVeODIMl3pxYvWBiIx8Z1w/answerCallbackQuery "HTTP/1.1 200 OK"
2026-02-18 02:02:54,383 - __main__ - INFO - Пользователь 1796014793 нажал: back_to_main
2026-02-18 02:02:55,176 - httpx - INFO - HTTP Request: POST https://api.telegram.org/bot7966102912:AAE6lVKzQ_OCchVeODIMl3pxYvWBiIx8Z1w/editMessageText "HTTP/1.1 200 OK"
2026-02-18 02:02:57,481 - httpx - INFO - HTTP Request: POST https://api.telegram.org/bot7966102912:AAE6lVKzQ_OCchVeODIMl3pxYvWBiIx8Z1w/getUpdates "HTTP/1.1 200 OK"
2026-02-18 02:02:57,730 - httpx - INFO - HTTP Request: POST https://api.telegram.org/bot7966102912:AAE6lVKzQ_OCchVeODIMl3pxYvWBiIx8Z1w/answerCallbackQuery "HTTP/1.1 200 OK"
2026-02-18 02:02:57,731 - __main__ - INFO - Пользователь 1796014793 нажал: stats
2026-02-18 02:02:58,189 - httpx - INFO - HTTP Request: POST https://api.telegram.org/bot7966102912:AAE6lVKzQ_OCchVeODIMl3pxYvWBiIx8Z1w/editMessageText "HTTP/1.1 200 OK"
2026-02-18 02:03:05,438 - httpx - INFO - HTTP Request: POST https://api.telegram.org/bot7966102912:AAE6lVKzQ_OCchVeODIMl3pxYvWBiIx8Z1w/getUpdates "HTTP/1.1 200 OK"
2026-02-18 02:03:06,458 - httpx - INFO - HTTP Request: POST https://api.telegram.org/bot7966102912:AAE6lVKzQ_OCchVeODIMl3pxYvWBiIx8Z1w/answerCallbackQuery "HTTP/1.1 200 OK"
2026-02-18 02:03:06,459 - __main__ - INFO - Пользователь 1796014793 нажал: back_to_main
2026-02-18 02:03:07,261 - httpx - INFO - HTTP Request: POST https://api.telegram.org/bot7966102912:AAE6lVKzQ_OCchVeODIMl3pxYvWBiIx8Z1w/editMessageText "HTTP/1.1 200 OK"
2026-02-18 02:03:08,816 - httpx - INFO - HTTP Request: POST https://api.telegram.org/bot7966102912:AAE6lVKzQ_OCchVeODIMl3pxYvWBiIx8Z1w/getUpdates "HTTP/1.1 200 OK"
2026-02-18 02:03:09,083 - httpx - INFO - HTTP Request: POST https://api.telegram.org/bot7966102912:AAE6lVKzQ_OCchVeODIMl3pxYvWBiIx8Z1w/answerCallbackQuery "HTTP/1.1 200 OK"
2026-02-18 02:03:09,084 - __main__ - INFO - Пользователь 1796014793 нажал: help
2026-02-18 02:03:09,538 - httpx - INFO - HTTP Request: POST https://api.telegram.org/bot7966102912:AAE6lVKzQ_OCchVeODIMl3pxYvWBiIx8Z1w/editMessageText "HTTP/1.1 200 OK"
2026-02-18 02:03:13,261 - httpx - INFO - HTTP Request: POST https://api.telegram.org/bot7966102912:AAE6lVKzQ_OCchVeODIMl3pxYvWBiIx8Z1w/getUpdates "HTTP/1.1 200 OK"
2026-02-18 02:03:13,634 - httpx - INFO - HTTP Request: POST https://api.telegram.org/bot7966102912:AAE6lVKzQ_OCchVeODIMl3pxYvWBiIx8Z1w/sendMessage "HTTP/1.1 200 OK"
2026-02-18 02:03:23,736 - httpx - INFO - HTTP Request: POST https://api.telegram.org/bot7966102912:AAE6lVKzQ_OCchVeODIMl3pxYvWBiIx8Z1w/getUpdates "HTTP/1.1 200 OK"
2026-02-18 02:03:33,957 - httpx - INFO - HTTP Request: POST https://api.telegram.org/bot7966102912:AAE6lVKzQ_OCchVeODIMl3pxYvWBiIx8Z1w/getUpdates "HTTP/1.1 200 OK"
2026-02-18 02:03:34,940 - httpx - INFO - HTTP Request: POST https://api.telegram.org/bot7966102912:AAE6lVKzQ_OCchVeODIMl3pxYvWBiIx8Z1w/sendMessage "HTTP/1.1 200 OK"
2026-02-18 02:03:44,390 - httpx - INFO - HTTP Request: POST https://api.telegram.org/bot7966102912:AAE6lVKzQ_OCchVeODIMl3pxYvWBiIx8Z1w/getUpdates "HTTP/1.1 200 OK"
2026-02-18 02:03:54,810 - httpx - INFO - HTTP Request: POST https://api.telegram.org/bot7966102912:AAE6lVKzQ_OCchVeODIMl3pxYvWBiIx8Z1w/getUpdates "HTTP/1.1 200 OK"
2026-02-18 02:04:04,942 - httpx - INFO - HTTP Request: POST https://api.telegram.org/bot7966102912:AAE6lVKzQ_OCchVeODIMl3pxYvWBiIx8Z1w/getUpdates "HTTP/1.1 200 OK"
2026-02-18 02:04:15,646 - httpx - INFO - HTTP Request: POST https://api.telegram.org/bot7966102912:AAE6lVKzQ_OCchVeODIMl3pxYvWBiIx8Z1w/getUpdates "HTTP/1.1 200 OK"
2026-02-18 02:04:25,760 - httpx - INFO - HTTP Request: POST https://api.telegram.org/bot7966102912:AAE6lVKzQ_OCchVeODIMl3pxYvWBiIx8Z1w/getUpdates "HTTP/1.1 200 OK"
2026-02-18 02:04:36,221 - httpx - INFO - HTTP Request: POST https://api.telegram.org/bot7966102912:AAE6lVKzQ_OCchVeODIMl3pxYvWBiIx8Z1w/getUpdates "HTTP/1.1 200 OK"
2026-02-18 02:04:46,670 - httpx - INFO - HTTP Request: POST https://api.telegram.org/bot7966102912:AAE6lVKzQ_OCchVeODIMl3pxYvWBiIx8Z1w/getUpdates "HTTP/1.1 200 OK"
2026-02-18 02:04:57,022 - httpx - INFO - HTTP Request: POST https://api.telegram.org/bot7966102912:AAE6lVKzQ_OCchVeODIMl3pxYvWBiIx8Z1w/getUpdates "HTTP/1.1 200 OK"
2026-02-18 02:05:07,909 - httpx - INFO - HTTP Request: POST https://api.telegram.org/bot7966102912:AAE6lVKzQ_OCchVeODIMl3pxYvWBiIx8Z1w/getUpdates "HTTP/1.1 200 OK"
2026-02-18 02:05:18,421 - httpx - INFO - HTTP Request: POST https://api.telegram.org/bot7966102912:AAE6lVKzQ_OCchVeODIMl3pxYvWBiIx8Z1w/getUpdates "HTTP/1.1 200 OK"
2026-02-18 02:05:28,553 - httpx - INFO - HTTP Request: POST https://api.telegram.org/bot7966102912:AAE6lVKzQ_OCchVeODIMl3pxYvWBiIx8Z1w/getUpdates "HTTP/1.1 200 OK"
2026-02-18 02:05:39,426 - httpx - INFO - HTTP Request: POST https://api.telegram.org/bot7966102912:AAE6lVKzQ_OCchVeODIMl3pxYvWBiIx8Z1w/getUpdates "HTTP/1.1 200 OK"
2026-02-18 02:05:49,537 - httpx - INFO - HTTP Request: POST https://api.telegram.org/bot7966102912:AAE6lVKzQ_OCchVeODIMl3pxYvWBiIx8Z1w/getUpdates "HTTP/1.1 200 OK"
2026-02-18 02:05:59,985 - httpx - INFO - HTTP Request: POST https://api.telegram.org/bot7966102912:AAE6lVKzQ_OCchVeODIMl3pxYvWBiIx8Z1w/getUpdates "HTTP/1.1 200 OK"
2026-02-18 02:06:10,088 - httpx - INFO - HTTP Request: POST https://api.telegram.org/bot7966102912:AAE6lVKzQ_OCchVeODIMl3pxYvWBiIx8Z1w/getUpdates "HTTP/1.1 200 OK"
2026-02-18 02:06:20,943 - httpx - INFO - HTTP Request: POST https://api.telegram.org/bot7966102912:AAE6lVKzQ_OCchVeODIMl3pxYvWBiIx8Z1w/getUpdates "HTTP/1.1 200 OK"
2026-02-18 02:06:31,453 - httpx - INFO - HTTP Request: POST https://api.telegram.org/bot7966102912:AAE6lVKzQ_OCchVeODIMl3pxYvWBiIx8Z1w/getUpdates "HTTP/1.1 200 OK"
2026-02-18 02:06:41,551 - httpx - INFO - HTTP Request: POST https://api.telegram.org/bot7966102912:AAE6lVKzQ_OCchVeODIMl3pxYvWBiIx8Z1w/getUpdates "HTTP/1.1 200 OK"
2026-02-18 02:06:52,411 - httpx - INFO - HTTP Request: POST https://api.telegram.org/bot7966102912:AAE6lVKzQ_OCchVeODIMl3pxYvWBiIx8Z1w/getUpdates "HTTP/1.1 200 OK"
2026-02-18 02:06:59,983 - telegram.ext.Application - INFO - Application is stopping. This might take a moment.
2026-02-18 02:06:59,984 - telegram.ext.Application - INFO - Application.stop() complete
2026-02-18 02:23:10,338 - httpx - INFO - HTTP Request: POST https://api.telegram.org/bot7966102912:AAE6lVKzQ_OCchVeODIMl3pxYvWBiIx8Z1w/getMe "HTTP/1.1 200 OK"
2026-02-18 02:23:10,827 - httpx - INFO - HTTP Request: POST https://api.telegram.org/bot7966102912:AAE6lVKzQ_OCchVeODIMl3pxYvWBiIx8Z1w/deleteWebhook "HTTP/1.1 200 OK"
2026-02-18 02:23:10,828 - telegram.ext.Application - INFO - Application started
2026-02-18 02:23:21,775 - httpx - INFO - HTTP Request: POST https://api.telegram.org/bot7966102912:AAE6lVKzQ_OCchVeODIMl3pxYvWBiIx8Z1w/getUpdates "HTTP/1.1 200 OK"
2026-02-18 02:23:22,689 - httpx - INFO - HTTP Request: POST https://api.telegram.org/bot7966102912:AAE6lVKzQ_OCchVeODIMl3pxYvWBiIx8Z1w/sendMessage "HTTP/1.1 200 OK"
2026-02-18 02:23:32,417 - httpx - INFO - HTTP Request: POST https://api.telegram.org/bot7966102912:AAE6lVKzQ_OCchVeODIMl3pxYvWBiIx8Z1w/getUpdates "HTTP/1.1 200 OK"
2026-02-18 02:23:42,552 - httpx - INFO - HTTP Request: POST https://api.telegram.org/bot7966102912:AAE6lVKzQ_OCchVeODIMl3pxYvWBiIx8Z1w/getUpdates "HTTP/1.1 200 OK"
2026-02-18 02:23:53,431 - httpx - INFO - HTTP Request: POST https://api.telegram.org/bot7966102912:AAE6lVKzQ_OCchVeODIMl3pxYvWBiIx8Z1w/getUpdates "HTTP/1.1 200 OK"
2026-02-18 02:24:03,539 - httpx - INFO - HTTP Request: POST https://api.telegram.org/bot7966102912:AAE6lVKzQ_OCchVeODIMl3pxYvWBiIx8Z1w/getUpdates "HTTP/1.1 200 OK"
2026-02-18 02:24:13,940 - httpx - INFO - HTTP Request: POST https://api.telegram.org/bot7966102912:AAE6lVKzQ_OCchVeODIMl3pxYvWBiIx8Z1w/getUpdates "HTTP/1.1 200 OK"
2026-02-18 02:24:24,394 - httpx - INFO - HTTP Request: POST https://api.telegram.org/bot7966102912:AAE6lVKzQ_OCchVeODIMl3pxYvWBiIx8Z1w/getUpdates "HTTP/1.1 200 OK"
2026-02-18 02:24:34,903 - httpx - INFO - HTTP Request: POST https://api.telegram.org/bot7966102912:AAE6lVKzQ_OCchVeODIMl3pxYvWBiIx8Z1w/getUpdates "HTTP/1.1 200 OK"
2026-02-18 02:24:45,344 - httpx - INFO - HTTP Request: POST https://api.telegram.org/bot7966102912:AAE6lVKzQ_OCchVeODIMl3pxYvWBiIx8Z1w/getUpdates "HTTP/1.1 200 OK"
2026-02-18 02:24:55,705 - httpx - INFO - HTTP Request: POST https://api.telegram.org/bot7966102912:AAE6lVKzQ_OCchVeODIMl3pxYvWBiIx8Z1w/getUpdates "HTTP/1.1 200 OK"
2026-02-18 02:25:06,123 - httpx - INFO - HTTP Request: POST https://api.telegram.org/bot7966102912:AAE6lVKzQ_OCchVeODIMl3pxYvWBiIx8Z1w/getUpdates "HTTP/1.1 200 OK"
2026-02-18 02:25:16,180 - httpx - INFO - HTTP Request: POST https://api.telegram.org/bot7966102912:AAE6lVKzQ_OCchVeODIMl3pxYvWBiIx8Z1w/getUpdates "HTTP/1.1 200 OK"
2026-02-18 02:25:17,296 - httpx - INFO - HTTP Request: POST https://api.telegram.org/bot7966102912:AAE6lVKzQ_OCchVeODIMl3pxYvWBiIx8Z1w/sendMessage "HTTP/1.1 200 OK"
2026-02-18 02:25:26,496 - httpx - INFO - HTTP Request: POST https://api.telegram.org/bot7966102912:AAE6lVKzQ_OCchVeODIMl3pxYvWBiIx8Z1w/getUpdates "HTTP/1.1 200 OK"
2026-02-18 02:25:36,620 - httpx - INFO - HTTP Request: POST https://api.telegram.org/bot7966102912:AAE6lVKzQ_OCchVeODIMl3pxYvWBiIx8Z1w/getUpdates "HTTP/1.1 200 OK"
2026-02-18 02:25:47,048 - httpx - INFO - HTTP Request: POST https://api.telegram.org/bot7966102912:AAE6lVKzQ_OCchVeODIMl3pxYvWBiIx8Z1w/getUpdates "HTTP/1.1 200 OK"
2026-02-18 02:25:57,503 - httpx - INFO - HTTP Request: POST https://api.telegram.org/bot7966102912:AAE6lVKzQ_OCchVeODIMl3pxYvWBiIx8Z1w/getUpdates "HTTP/1.1 200 OK"
2026-02-18 02:26:07,832 - httpx - INFO - HTTP Request: POST https://api.telegram.org/bot7966102912:AAE6lVKzQ_OCchVeODIMl3pxYvWBiIx8Z1w/getUpdates "HTTP/1.1 200 OK"
2026-02-18 02:26:17,943 - httpx - INFO - HTTP Request: POST https://api.telegram.org/bot7966102912:AAE6lVKzQ_OCchVeODIMl3pxYvWBiIx8Z1w/getUpdates "HTTP/1.1 200 OK"
2026-02-18 02:26:28,609 - httpx - INFO - HTTP Request: POST https://api.telegram.org/bot7966102912:AAE6lVKzQ_OCchVeODIMl3pxYvWBiIx8Z1w/getUpdates "HTTP/1.1 200 OK"
2026-02-18 02:26:38,947 - httpx - INFO - HTTP Request: POST https://api.telegram.org/bot7966102912:AAE6lVKzQ_OCchVeODIMl3pxYvWBiIx8Z1w/getUpdates "HTTP/1.1 200 OK"
2026-02-18 02:26:50,052 - httpx - INFO - HTTP Request: POST https://api.telegram.org/bot7966102912:AAE6lVKzQ_OCchVeODIMl3pxYvWBiIx8Z1w/getUpdates "HTTP/1.1 200 OK"
2026-02-18 02:27:00,195 - httpx - INFO - HTTP Request: POST https://api.telegram.org/bot7966102912:AAE6lVKzQ_OCchVeODIMl3pxYvWBiIx8Z1w/getUpdates "HTTP/1.1 200 OK"
2026-02-18 02:27:04,862 - httpx - INFO - HTTP Request: POST https://api.telegram.org/bot7966102912:AAE6lVKzQ_OCchVeODIMl3pxYvWBiIx8Z1w/getUpdates "HTTP/1.1 200 OK"
2026-02-18 02:27:05,744 - httpx - INFO - HTTP Request: POST https://api.telegram.org/bot7966102912:AAE6lVKzQ_OCchVeODIMl3pxYvWBiIx8Z1w/answerCallbackQuery "HTTP/1.1 200 OK"
2026-02-18 02:27:05,745 - __main__ - INFO - Пользователь 1796014793 нажал: help
2026-02-18 02:27:06,130 - httpx - INFO - HTTP Request: POST https://api.telegram.org/bot7966102912:AAE6lVKzQ_OCchVeODIMl3pxYvWBiIx8Z1w/editMessageText "HTTP/1.1 200 OK"
2026-02-18 02:27:13,824 - httpx - INFO - HTTP Request: POST https://api.telegram.org/bot7966102912:AAE6lVKzQ_OCchVeODIMl3pxYvWBiIx8Z1w/getUpdates "HTTP/1.1 200 OK"
2026-02-18 02:27:14,721 - httpx - INFO - HTTP Request: POST https://api.telegram.org/bot7966102912:AAE6lVKzQ_OCchVeODIMl3pxYvWBiIx8Z1w/answerCallbackQuery "HTTP/1.1 200 OK"
2026-02-18 02:27:14,722 - __main__ - INFO - Пользователь 1796014793 нажал: back_to_main
2026-02-18 02:27:15,457 - httpx - INFO - HTTP Request: POST https://api.telegram.org/bot7966102912:AAE6lVKzQ_OCchVeODIMl3pxYvWBiIx8Z1w/editMessageText "HTTP/1.1 200 OK"
2026-02-18 02:27:18,983 - httpx - INFO - HTTP Request: POST https://api.telegram.org/bot7966102912:AAE6lVKzQ_OCchVeODIMl3pxYvWBiIx8Z1w/getUpdates "HTTP/1.1 200 OK"
2026-02-18 02:27:19,232 - httpx - INFO - HTTP Request: POST https://api.telegram.org/bot7966102912:AAE6lVKzQ_OCchVeODIMl3pxYvWBiIx8Z1w/answerCallbackQuery "HTTP/1.1 200 OK"
2026-02-18 02:27:19,233 - __main__ - INFO - Пользователь 1796014793 нажал: my_words
2026-02-18 02:27:19,635 - httpx - INFO - HTTP Request: POST https://api.telegram.org/bot7966102912:AAE6lVKzQ_OCchVeODIMl3pxYvWBiIx8Z1w/editMessageText "HTTP/1.1 200 OK"
2026-02-18 02:27:21,311 - httpx - INFO - HTTP Request: POST https://api.telegram.org/bot7966102912:AAE6lVKzQ_OCchVeODIMl3pxYvWBiIx8Z1w/getUpdates "HTTP/1.1 200 OK"
2026-02-18 02:27:21,889 - httpx - INFO - HTTP Request: POST https://api.telegram.org/bot7966102912:AAE6lVKzQ_OCchVeODIMl3pxYvWBiIx8Z1w/answerCallbackQuery "HTTP/1.1 200 OK"
2026-02-18 02:27:21,890 - __main__ - INFO - Пользователь 1796014793 нажал: back_to_main
2026-02-18 02:27:22,748 - httpx - INFO - HTTP Request: POST https://api.telegram.org/bot7966102912:AAE6lVKzQ_OCchVeODIMl3pxYvWBiIx8Z1w/editMessageText "HTTP/1.1 200 OK"
2026-02-18 02:27:23,544 - httpx - INFO - HTTP Request: POST https://api.telegram.org/bot7966102912:AAE6lVKzQ_OCchVeODIMl3pxYvWBiIx8Z1w/getUpdates "HTTP/1.1 200 OK"
2026-02-18 02:27:23,864 - httpx - INFO - HTTP Request: POST https://api.telegram.org/bot7966102912:AAE6lVKzQ_OCchVeODIMl3pxYvWBiIx8Z1w/answerCallbackQuery "HTTP/1.1 200 OK"
2026-02-18 02:27:23,865 - __main__ - INFO - Пользователь 1796014793 нажал: stats
2026-02-18 02:27:24,300 - httpx - INFO - HTTP Request: POST https://api.telegram.org/bot7966102912:AAE6lVKzQ_OCchVeODIMl3pxYvWBiIx8Z1w/editMessageText "HTTP/1.1 200 OK"
2026-02-18 02:27:27,036 - httpx - INFO - HTTP Request: POST https://api.telegram.org/bot7966102912:AAE6lVKzQ_OCchVeODIMl3pxYvWBiIx8Z1w/getUpdates "HTTP/1.1 200 OK"
2026-02-18 02:27:27,671 - httpx - INFO - HTTP Request: POST https://api.telegram.org/bot7966102912:AAE6lVKzQ_OCchVeODIMl3pxYvWBiIx8Z1w/answerCallbackQuery "HTTP/1.1 200 OK"
2026-02-18 02:27:27,672 - __main__ - INFO - Пользователь 1796014793 нажал: back_to_main
2026-02-18 02:27:28,638 - httpx - INFO - HTTP Request: POST https://api.telegram.org/bot7966102912:AAE6lVKzQ_OCchVeODIMl3pxYvWBiIx8Z1w/editMessageText "HTTP/1.1 200 OK"
2026-02-18 02:27:30,873 - httpx - INFO - HTTP Request: POST https://api.telegram.org/bot7966102912:AAE6lVKzQ_OCchVeODIMl3pxYvWBiIx8Z1w/getUpdates "HTTP/1.1 200 OK"
2026-02-18 02:27:31,204 - httpx - INFO - HTTP Request: POST https://api.telegram.org/bot7966102912:AAE6lVKzQ_OCchVeODIMl3pxYvWBiIx8Z1w/answerCallbackQuery "HTTP/1.1 200 OK"
2026-02-18 02:27:31,205 - __main__ - INFO - Пользователь 1796014793 нажал: daily_tasks
2026-02-18 02:27:31,639 - httpx - INFO - HTTP Request: POST https://api.telegram.org/bot7966102912:AAE6lVKzQ_OCchVeODIMl3pxYvWBiIx8Z1w/editMessageText "HTTP/1.1 200 OK"
2026-02-18 02:27:41,977 - httpx - INFO - HTTP Request: POST https://api.telegram.org/bot7966102912:AAE6lVKzQ_OCchVeODIMl3pxYvWBiIx8Z1w/getUpdates "HTTP/1.1 200 OK"
2026-02-18 02:27:47,584 - httpx - INFO - HTTP Request: POST https://api.telegram.org/bot7966102912:AAE6lVKzQ_OCchVeODIMl3pxYvWBiIx8Z1w/getUpdates "HTTP/1.1 200 OK"
2026-02-18 02:27:48,559 - httpx - INFO - HTTP Request: POST https://api.telegram.org/bot7966102912:AAE6lVKzQ_OCchVeODIMl3pxYvWBiIx8Z1w/answerCallbackQuery "HTTP/1.1 200 OK"
2026-02-18 02:27:48,560 - __main__ - INFO - Пользователь 1796014793 нажал: back_to_main
2026-02-18 02:27:49,384 - httpx - INFO - HTTP Request: POST https://api.telegram.org/bot7966102912:AAE6lVKzQ_OCchVeODIMl3pxYvWBiIx8Z1w/editMessageText "HTTP/1.1 200 OK"
2026-02-18 02:27:57,702 - httpx - INFO - HTTP Request: POST https://api.telegram.org/bot7966102912:AAE6lVKzQ_OCchVeODIMl3pxYvWBiIx8Z1w/getUpdates "HTTP/1.1 200 OK"
2026-02-18 02:28:08,384 - httpx - INFO - HTTP Request: POST https://api.telegram.org/bot7966102912:AAE6lVKzQ_OCchVeODIMl3pxYvWBiIx8Z1w/getUpdates "HTTP/1.1 200 OK"
2026-02-18 02:28:18,944 - httpx - INFO - HTTP Request: POST https://api.telegram.org/bot7966102912:AAE6lVKzQ_OCchVeODIMl3pxYvWBiIx8Z1w/getUpdates "HTTP/1.1 200 OK"
2026-02-18 02:28:29,391 - httpx - INFO - HTTP Request: POST https://api.telegram.org/bot7966102912:AAE6lVKzQ_OCchVeODIMl3pxYvWBiIx8Z1w/getUpdates "HTTP/1.1 200 OK"
2026-02-18 02:28:40,059 - httpx - INFO - HTTP Request: POST https://api.telegram.org/bot7966102912:AAE6lVKzQ_OCchVeODIMl3pxYvWBiIx8Z1w/getUpdates "HTTP/1.1 200 OK"
2026-02-18 02:28:50,601 - httpx - INFO - HTTP Request: POST https://api.telegram.org/bot7966102912:AAE6lVKzQ_OCchVeODIMl3pxYvWBiIx8Z1w/getUpdates "HTTP/1.1 200 OK"
2026-02-18 02:28:59,565 - telegram.ext.Application - INFO - Application is stopping. This might take a moment.
2026-02-18 02:28:59,566 - telegram.ext.Application - INFO - Application.stop() complete
2026-02-18 02:37:42,955 - httpx - INFO - HTTP Request: POST https://api.telegram.org/bot7966102912:AAE6lVKzQ_OCchVeODIMl3pxYvWBiIx8Z1w/getMe "HTTP/1.1 200 OK"
2026-02-18 02:37:43,427 - httpx - INFO - HTTP Request: POST https://api.telegram.org/bot7966102912:AAE6lVKzQ_OCchVeODIMl3pxYvWBiIx8Z1w/deleteWebhook "HTTP/1.1 200 OK"
2026-02-18 02:37:43,429 - telegram.ext.Application - INFO - Application started
2026-02-18 02:37:54,395 - httpx - INFO - HTTP Request: POST https://api.telegram.org/bot7966102912:AAE6lVKzQ_OCchVeODIMl3pxYvWBiIx8Z1w/getUpdates "HTTP/1.1 200 OK"
2026-02-18 02:37:56,116 - httpx - INFO - HTTP Request: POST https://api.telegram.org/bot7966102912:AAE6lVKzQ_OCchVeODIMl3pxYvWBiIx8Z1w/getUpdates "HTTP/1.1 200 OK"
2026-02-18 02:37:57,078 - httpx - INFO - HTTP Request: POST https://api.telegram.org/bot7966102912:AAE6lVKzQ_OCchVeODIMl3pxYvWBiIx8Z1w/sendMessage "HTTP/1.1 200 OK"
2026-02-18 02:38:06,268 - httpx - INFO - HTTP Request: POST https://api.telegram.org/bot7966102912:AAE6lVKzQ_OCchVeODIMl3pxYvWBiIx8Z1w/getUpdates "HTTP/1.1 200 OK"
2026-02-18 02:38:17,139 - httpx - INFO - HTTP Request: POST https://api.telegram.org/bot7966102912:AAE6lVKzQ_OCchVeODIMl3pxYvWBiIx8Z1w/getUpdates "HTTP/1.1 200 OK"
2026-02-18 02:38:27,260 - httpx - INFO - HTTP Request: POST https://api.telegram.org/bot7966102912:AAE6lVKzQ_OCchVeODIMl3pxYvWBiIx8Z1w/getUpdates "HTTP/1.1 200 OK"
2026-02-18 02:38:37,676 - httpx - INFO - HTTP Request: POST https://api.telegram.org/bot7966102912:AAE6lVKzQ_OCchVeODIMl3pxYvWBiIx8Z1w/getUpdates "HTTP/1.1 200 OK"
2026-02-18 02:38:48,114 - httpx - INFO - HTTP Request: POST https://api.telegram.org/bot7966102912:AAE6lVKzQ_OCchVeODIMl3pxYvWBiIx8Z1w/getUpdates "HTTP/1.1 200 OK"
2026-02-18 02:38:58,629 - httpx - INFO - HTTP Request: POST https://api.telegram.org/bot7966102912:AAE6lVKzQ_OCchVeODIMl3pxYvWBiIx8Z1w/getUpdates "HTTP/1.1 200 OK"
2026-02-18 02:39:09,078 - httpx - INFO - HTTP Request: POST https://api.telegram.org/bot7966102912:AAE6lVKzQ_OCchVeODIMl3pxYvWBiIx8Z1w/getUpdates "HTTP/1.1 200 OK"
2026-02-18 02:39:19,388 - httpx - INFO - HTTP Request: POST https://api.telegram.org/bot7966102912:AAE6lVKzQ_OCchVeODIMl3pxYvWBiIx8Z1w/getUpdates "HTTP/1.1 200 OK"
2026-02-18 02:39:29,865 - httpx - INFO - HTTP Request: POST https://api.telegram.org/bot7966102912:AAE6lVKzQ_OCchVeODIMl3pxYvWBiIx8Z1w/getUpdates "HTTP/1.1 200 OK"
2026-02-18 02:39:40,308 - httpx - INFO - HTTP Request: POST https://api.telegram.org/bot7966102912:AAE6lVKzQ_OCchVeODIMl3pxYvWBiIx8Z1w/getUpdates "HTTP/1.1 200 OK"
2026-02-18 02:39:50,642 - httpx - INFO - HTTP Request: POST https://api.telegram.org/bot7966102912:AAE6lVKzQ_OCchVeODIMl3pxYvWBiIx8Z1w/getUpdates "HTTP/1.1 200 OK"
2026-02-18 02:40:00,747 - httpx - INFO - HTTP Request: POST https://api.telegram.org/bot7966102912:AAE6lVKzQ_OCchVeODIMl3pxYvWBiIx8Z1w/getUpdates "HTTP/1.1 200 OK"
2026-02-18 02:40:11,184 - httpx - INFO - HTTP Request: POST https://api.telegram.org/bot7966102912:AAE6lVKzQ_OCchVeODIMl3pxYvWBiIx8Z1w/getUpdates "HTTP/1.1 200 OK"
2026-02-18 02:40:21,620 - httpx - INFO - HTTP Request: POST https://api.telegram.org/bot7966102912:AAE6lVKzQ_OCchVeODIMl3pxYvWBiIx8Z1w/getUpdates "HTTP/1.1 200 OK"
2026-02-18 02:40:31,955 - httpx - INFO - HTTP Request: POST https://api.telegram.org/bot7966102912:AAE6lVKzQ_OCchVeODIMl3pxYvWBiIx8Z1w/getUpdates "HTTP/1.1 200 OK"
2026-02-18 02:40:42,062 - httpx - INFO - HTTP Request: POST https://api.telegram.org/bot7966102912:AAE6lVKzQ_OCchVeODIMl3pxYvWBiIx8Z1w/getUpdates "HTTP/1.1 200 OK"
2026-02-18 02:40:45,760 - httpx - INFO - HTTP Request: POST https://api.telegram.org/bot7966102912:AAE6lVKzQ_OCchVeODIMl3pxYvWBiIx8Z1w/getUpdates "HTTP/1.1 200 OK"
2026-02-18 02:40:46,819 - httpx - INFO - HTTP Request: POST https://api.telegram.org/bot7966102912:AAE6lVKzQ_OCchVeODIMl3pxYvWBiIx8Z1w/answerCallbackQuery "HTTP/1.1 200 OK"
2026-02-18 02:40:46,820 - __main__ - INFO - Пользователь 1796014793 нажал: my_words
2026-02-18 02:40:47,719 - httpx - INFO - HTTP Request: POST https://api.telegram.org/bot7966102912:AAE6lVKzQ_OCchVeODIMl3pxYvWBiIx8Z1w/editMessageText "HTTP/1.1 200 OK"
2026-02-18 02:40:51,398 - httpx - INFO - HTTP Request: POST https://api.telegram.org/bot7966102912:AAE6lVKzQ_OCchVeODIMl3pxYvWBiIx8Z1w/getUpdates "HTTP/1.1 200 OK"
2026-02-18 02:40:51,695 - httpx - INFO - HTTP Request: POST https://api.telegram.org/bot7966102912:AAE6lVKzQ_OCchVeODIMl3pxYvWBiIx8Z1w/answerCallbackQuery "HTTP/1.1 200 OK"
2026-02-18 02:40:51,696 - __main__ - INFO - Пользователь 1796014793 нажал: back_to_main
2026-02-18 02:40:52,205 - httpx - INFO - HTTP Request: POST https://api.telegram.org/bot7966102912:AAE6lVKzQ_OCchVeODIMl3pxYvWBiIx8Z1w/editMessageText "HTTP/1.1 200 OK"
2026-02-18 02:41:01,507 - httpx - INFO - HTTP Request: POST https://api.telegram.org/bot7966102912:AAE6lVKzQ_OCchVeODIMl3pxYvWBiIx8Z1w/getUpdates "HTTP/1.1 200 OK"
2026-02-18 02:41:11,632 - httpx - INFO - HTTP Request: POST https://api.telegram.org/bot7966102912:AAE6lVKzQ_OCchVeODIMl3pxYvWBiIx8Z1w/getUpdates "HTTP/1.1 200 OK"
2026-02-18 02:41:22,342 - httpx - INFO - HTTP Request: POST https://api.telegram.org/bot7966102912:AAE6lVKzQ_OCchVeODIMl3pxYvWBiIx8Z1w/getUpdates "HTTP/1.1 200 OK"
2026-02-18 02:41:32,450 - httpx - INFO - HTTP Request: POST https://api.telegram.org/bot7966102912:AAE6lVKzQ_OCchVeODIMl3pxYvWBiIx8Z1w/getUpdates "HTTP/1.1 200 OK"
2026-02-18 02:41:43,316 - httpx - INFO - HTTP Request: POST https://api.telegram.org/bot7966102912:AAE6lVKzQ_OCchVeODIMl3pxYvWBiIx8Z1w/getUpdates "HTTP/1.1 200 OK"
2026-02-18 02:41:53,422 - httpx - INFO - HTTP Request: POST https://api.telegram.org/bot7966102912:AAE6lVKzQ_OCchVeODIMl3pxYvWBiIx8Z1w/getUpdates "HTTP/1.1 200 OK"
2026-02-18 02:42:03,894 - httpx - INFO - HTTP Request: POST https://api.telegram.org/bot7966102912:AAE6lVKzQ_OCchVeODIMl3pxYvWBiIx8Z1w/getUpdates "HTTP/1.1 200 OK"
2026-02-18 02:42:14,324 - httpx - INFO - HTTP Request: POST https://api.telegram.org/bot7966102912:AAE6lVKzQ_OCchVeODIMl3pxYvWBiIx8Z1w/getUpdates "HTTP/1.1 200 OK"
2026-02-18 02:42:24,852 - httpx - INFO - HTTP Request: POST https://api.telegram.org/bot7966102912:AAE6lVKzQ_OCchVeODIMl3pxYvWBiIx8Z1w/getUpdates "HTTP/1.1 200 OK"
2026-02-18 02:42:34,959 - httpx - INFO - HTTP Request: POST https://api.telegram.org/bot7966102912:AAE6lVKzQ_OCchVeODIMl3pxYvWBiIx8Z1w/getUpdates "HTTP/1.1 200 OK"
2026-02-18 02:42:45,378 - httpx - INFO - HTTP Request: POST https://api.telegram.org/bot7966102912:AAE6lVKzQ_OCchVeODIMl3pxYvWBiIx8Z1w/getUpdates "HTTP/1.1 200 OK"
2026-02-18 02:42:56,272 - httpx - INFO - HTTP Request: POST https://api.telegram.org/bot7966102912:AAE6lVKzQ_OCchVeODIMl3pxYvWBiIx8Z1w/getUpdates "HTTP/1.1 200 OK"
2026-02-18 02:43:06,383 - httpx - INFO - HTTP Request: POST https://api.telegram.org/bot7966102912:AAE6lVKzQ_OCchVeODIMl3pxYvWBiIx8Z1w/getUpdates "HTTP/1.1 200 OK"
2026-02-18 02:43:07,704 - telegram.ext.Application - INFO - Application is stopping. This might take a moment.
2026-02-18 02:43:07,704 - telegram.ext.Application - INFO - Application.stop() complete
2026-02-18 03:09:53,035 - httpx - INFO - HTTP Request: POST https://api.telegram.org/bot7966102912:AAE6lVKzQ_OCchVeODIMl3pxYvWBiIx8Z1w/getMe "HTTP/1.1 200 OK"
2026-02-18 03:09:53,597 - httpx - INFO - HTTP Request: POST https://api.telegram.org/bot7966102912:AAE6lVKzQ_OCchVeODIMl3pxYvWBiIx8Z1w/deleteWebhook "HTTP/1.1 200 OK"
2026-02-18 03:09:53,598 - telegram.ext.Application - INFO - Application started
2026-02-18 03:10:03,137 - httpx - INFO - HTTP Request: POST https://api.telegram.org/bot7966102912:AAE6lVKzQ_OCchVeODIMl3pxYvWBiIx8Z1w/getUpdates "HTTP/1.1 200 OK"
2026-02-18 03:10:04,097 - httpx - INFO - HTTP Request: POST https://api.telegram.org/bot7966102912:AAE6lVKzQ_OCchVeODIMl3pxYvWBiIx8Z1w/sendMessage "HTTP/1.1 200 OK"
2026-02-18 03:10:13,797 - httpx - INFO - HTTP Request: POST https://api.telegram.org/bot7966102912:AAE6lVKzQ_OCchVeODIMl3pxYvWBiIx8Z1w/getUpdates "HTTP/1.1 200 OK"
2026-02-18 03:10:23,900 - httpx - INFO - HTTP Request: POST https://api.telegram.org/bot7966102912:AAE6lVKzQ_OCchVeODIMl3pxYvWBiIx8Z1w/getUpdates "HTTP/1.1 200 OK"
2026-02-18 03:10:34,759 - httpx - INFO - HTTP Request: POST https://api.telegram.org/bot7966102912:AAE6lVKzQ_OCchVeODIMl3pxYvWBiIx8Z1w/getUpdates "HTTP/1.1 200 OK"
2026-02-18 03:10:44,949 - httpx - INFO - HTTP Request: POST https://api.telegram.org/bot7966102912:AAE6lVKzQ_OCchVeODIMl3pxYvWBiIx8Z1w/getUpdates "HTTP/1.1 200 OK"
2026-02-18 03:10:55,358 - httpx - INFO - HTTP Request: POST https://api.telegram.org/bot7966102912:AAE6lVKzQ_OCchVeODIMl3pxYvWBiIx8Z1w/getUpdates "HTTP/1.1 200 OK"
2026-02-18 03:11:05,797 - httpx - INFO - HTTP Request: POST https://api.telegram.org/bot7966102912:AAE6lVKzQ_OCchVeODIMl3pxYvWBiIx8Z1w/getUpdates "HTTP/1.1 200 OK"
2026-02-18 03:11:16,317 - httpx - INFO - HTTP Request: POST https://api.telegram.org/bot7966102912:AAE6lVKzQ_OCchVeODIMl3pxYvWBiIx8Z1w/getUpdates "HTTP/1.1 200 OK"
2026-02-18 03:11:26,778 - httpx - INFO - HTTP Request: POST https://api.telegram.org/bot7966102912:AAE6lVKzQ_OCchVeODIMl3pxYvWBiIx8Z1w/getUpdates "HTTP/1.1 200 OK"
2026-02-18 03:11:37,100 - httpx - INFO - HTTP Request: POST https://api.telegram.org/bot7966102912:AAE6lVKzQ_OCchVeODIMl3pxYvWBiIx8Z1w/getUpdates "HTTP/1.1 200 OK"
2026-02-18 03:11:47,526 - httpx - INFO - HTTP Request: POST https://api.telegram.org/bot7966102912:AAE6lVKzQ_OCchVeODIMl3pxYvWBiIx8Z1w/getUpdates "HTTP/1.1 200 OK"
2026-02-18 03:11:58,009 - httpx - INFO - HTTP Request: POST https://api.telegram.org/bot7966102912:AAE6lVKzQ_OCchVeODIMl3pxYvWBiIx8Z1w/getUpdates "HTTP/1.1 200 OK"
2026-02-18 03:12:08,343 - httpx - INFO - HTTP Request: POST https://api.telegram.org/bot7966102912:AAE6lVKzQ_OCchVeODIMl3pxYvWBiIx8Z1w/getUpdates "HTTP/1.1 200 OK"
2026-02-18 03:12:18,441 - httpx - INFO - HTTP Request: POST https://api.telegram.org/bot7966102912:AAE6lVKzQ_OCchVeODIMl3pxYvWBiIx8Z1w/getUpdates "HTTP/1.1 200 OK"
2026-02-18 03:12:29,005 - httpx - INFO - HTTP Request: POST https://api.telegram.org/bot7966102912:AAE6lVKzQ_OCchVeODIMl3pxYvWBiIx8Z1w/getUpdates "HTTP/1.1 200 OK"
2026-02-18 03:12:37,988 - telegram.ext.Application - INFO - Application is stopping. This might take a moment.
2026-02-18 03:12:37,988 - telegram.ext.Application - INFO - Application.stop() complete
2026-02-18 03:14:27,145 - httpx - INFO - HTTP Request: POST https://api.telegram.org/bot7966102912:AAE6lVKzQ_OCchVeODIMl3pxYvWBiIx8Z1w/getMe "HTTP/1.1 200 OK"
2026-02-18 03:14:27,615 - httpx - INFO - HTTP Request: POST https://api.telegram.org/bot7966102912:AAE6lVKzQ_OCchVeODIMl3pxYvWBiIx8Z1w/deleteWebhook "HTTP/1.1 200 OK"
2026-02-18 03:14:27,617 - telegram.ext.Application - INFO - Application started
2026-02-18 03:14:38,557 - httpx - INFO - HTTP Request: POST https://api.telegram.org/bot7966102912:AAE6lVKzQ_OCchVeODIMl3pxYvWBiIx8Z1w/getUpdates "HTTP/1.1 200 OK"
2026-02-18 03:14:49,225 - httpx - INFO - HTTP Request: POST https://api.telegram.org/bot7966102912:AAE6lVKzQ_OCchVeODIMl3pxYvWBiIx8Z1w/getUpdates "HTTP/1.1 200 OK"
2026-02-18 03:14:56,179 - httpx - INFO - HTTP Request: POST https://api.telegram.org/bot7966102912:AAE6lVKzQ_OCchVeODIMl3pxYvWBiIx8Z1w/getUpdates "HTTP/1.1 200 OK"
2026-02-18 03:14:57,354 - httpx - INFO - HTTP Request: POST https://api.telegram.org/bot7966102912:AAE6lVKzQ_OCchVeODIMl3pxYvWBiIx8Z1w/sendMessage "HTTP/1.1 200 OK"
2026-02-18 03:15:07,140 - httpx - INFO - HTTP Request: POST https://api.telegram.org/bot7966102912:AAE6lVKzQ_OCchVeODIMl3pxYvWBiIx8Z1w/getUpdates "HTTP/1.1 200 OK"
2026-02-18 03:15:17,239 - httpx - INFO - HTTP Request: POST https://api.telegram.org/bot7966102912:AAE6lVKzQ_OCchVeODIMl3pxYvWBiIx8Z1w/getUpdates "HTTP/1.1 200 OK"
2026-02-18 03:15:27,782 - httpx - INFO - HTTP Request: POST https://api.telegram.org/bot7966102912:AAE6lVKzQ_OCchVeODIMl3pxYvWBiIx8Z1w/getUpdates "HTTP/1.1 200 OK"
2026-02-18 03:15:38,301 - httpx - INFO - HTTP Request: POST https://api.telegram.org/bot7966102912:AAE6lVKzQ_OCchVeODIMl3pxYvWBiIx8Z1w/getUpdates "HTTP/1.1 200 OK"
2026-02-18 03:15:48,937 - httpx - INFO - HTTP Request: POST https://api.telegram.org/bot7966102912:AAE6lVKzQ_OCchVeODIMl3pxYvWBiIx8Z1w/getUpdates "HTTP/1.1 200 OK"
2026-02-18 03:15:59,431 - httpx - INFO - HTTP Request: POST https://api.telegram.org/bot7966102912:AAE6lVKzQ_OCchVeODIMl3pxYvWBiIx8Z1w/getUpdates "HTTP/1.1 200 OK"
2026-02-18 03:16:09,825 - httpx - INFO - HTTP Request: POST https://api.telegram.org/bot7966102912:AAE6lVKzQ_OCchVeODIMl3pxYvWBiIx8Z1w/getUpdates "HTTP/1.1 200 OK"
2026-02-18 03:16:20,272 - httpx - INFO - HTTP Request: POST https://api.telegram.org/bot7966102912:AAE6lVKzQ_OCchVeODIMl3pxYvWBiIx8Z1w/getUpdates "HTTP/1.1 200 OK"
2026-02-18 03:16:30,781 - httpx - INFO - HTTP Request: POST https://api.telegram.org/bot7966102912:AAE6lVKzQ_OCchVeODIMl3pxYvWBiIx8Z1w/getUpdates "HTTP/1.1 200 OK"
2026-02-18 03:16:41,195 - httpx - INFO - HTTP Request: POST https://api.telegram.org/bot7966102912:AAE6lVKzQ_OCchVeODIMl3pxYvWBiIx8Z1w/getUpdates "HTTP/1.1 200 OK"
2026-02-18 03:16:51,323 - httpx - INFO - HTTP Request: POST https://api.telegram.org/bot7966102912:AAE6lVKzQ_OCchVeODIMl3pxYvWBiIx8Z1w/getUpdates "HTTP/1.1 200 OK"
2026-02-18 03:17:01,732 - httpx - INFO - HTTP Request: POST https://api.telegram.org/bot7966102912:AAE6lVKzQ_OCchVeODIMl3pxYvWBiIx8Z1w/getUpdates "HTTP/1.1 200 OK"
2026-02-18 03:17:12,199 - httpx - INFO - HTTP Request: POST https://api.telegram.org/bot7966102912:AAE6lVKzQ_OCchVeODIMl3pxYvWBiIx8Z1w/getUpdates "HTTP/1.1 200 OK"
2026-02-18 03:17:22,550 - httpx - INFO - HTTP Request: POST https://api.telegram.org/bot7966102912:AAE6lVKzQ_OCchVeODIMl3pxYvWBiIx8Z1w/getUpdates "HTTP/1.1 200 OK"
2026-02-18 03:17:32,679 - httpx - INFO - HTTP Request: POST https://api.telegram.org/bot7966102912:AAE6lVKzQ_OCchVeODIMl3pxYvWBiIx8Z1w/getUpdates "HTTP/1.1 200 OK"
2026-02-18 03:17:43,399 - httpx - INFO - HTTP Request: POST https://api.telegram.org/bot7966102912:AAE6lVKzQ_OCchVeODIMl3pxYvWBiIx8Z1w/getUpdates "HTTP/1.1 200 OK"
2026-02-18 03:17:53,757 - httpx - INFO - HTTP Request: POST https://api.telegram.org/bot7966102912:AAE6lVKzQ_OCchVeODIMl3pxYvWBiIx8Z1w/getUpdates "HTTP/1.1 200 OK"
2026-02-18 03:18:04,622 - httpx - INFO - HTTP Request: POST https://api.telegram.org/bot7966102912:AAE6lVKzQ_OCchVeODIMl3pxYvWBiIx8Z1w/getUpdates "HTTP/1.1 200 OK"
2026-02-18 03:18:14,741 - httpx - INFO - HTTP Request: POST https://api.telegram.org/bot7966102912:AAE6lVKzQ_OCchVeODIMl3pxYvWBiIx8Z1w/getUpdates "HTTP/1.1 200 OK"
2026-02-18 03:18:25,164 - httpx - INFO - HTTP Request: POST https://api.telegram.org/bot7966102912:AAE6lVKzQ_OCchVeODIMl3pxYvWBiIx8Z1w/getUpdates "HTTP/1.1 200 OK"
2026-02-18 03:18:35,627 - httpx - INFO - HTTP Request: POST https://api.telegram.org/bot7966102912:AAE6lVKzQ_OCchVeODIMl3pxYvWBiIx8Z1w/getUpdates "HTTP/1.1 200 OK"
2026-02-18 03:18:46,159 - httpx - INFO - HTTP Request: POST https://api.telegram.org/bot7966102912:AAE6lVKzQ_OCchVeODIMl3pxYvWBiIx8Z1w/getUpdates "HTTP/1.1 200 OK"
2026-02-18 03:18:56,829 - httpx - INFO - HTTP Request: POST https://api.telegram.org/bot7966102912:AAE6lVKzQ_OCchVeODIMl3pxYvWBiIx8Z1w/getUpdates "HTTP/1.1 200 OK"
2026-02-18 03:19:06,930 - httpx - INFO - HTTP Request: POST https://api.telegram.org/bot7966102912:AAE6lVKzQ_OCchVeODIMl3pxYvWBiIx8Z1w/getUpdates "HTTP/1.1 200 OK"
2026-02-18 03:19:17,361 - httpx - INFO - HTTP Request: POST https://api.telegram.org/bot7966102912:AAE6lVKzQ_OCchVeODIMl3pxYvWBiIx8Z1w/getUpdates "HTTP/1.1 200 OK"
2026-02-18 03:19:27,811 - httpx - INFO - HTTP Request: POST https://api.telegram.org/bot7966102912:AAE6lVKzQ_OCchVeODIMl3pxYvWBiIx8Z1w/getUpdates "HTTP/1.1 200 OK"
2026-02-18 03:19:31,447 - httpx - INFO - HTTP Request: POST https://api.telegram.org/bot7966102912:AAE6lVKzQ_OCchVeODIMl3pxYvWBiIx8Z1w/getUpdates "HTTP/1.1 200 OK"
2026-02-18 03:19:32,472 - httpx - INFO - HTTP Request: POST https://api.telegram.org/bot7966102912:AAE6lVKzQ_OCchVeODIMl3pxYvWBiIx8Z1w/sendMessage "HTTP/1.1 200 OK"
2026-02-18 03:19:41,575 - httpx - INFO - HTTP Request: POST https://api.telegram.org/bot7966102912:AAE6lVKzQ_OCchVeODIMl3pxYvWBiIx8Z1w/getUpdates "HTTP/1.1 200 OK"
2026-02-18 03:19:51,998 - httpx - INFO - HTTP Request: POST https://api.telegram.org/bot7966102912:AAE6lVKzQ_OCchVeODIMl3pxYvWBiIx8Z1w/getUpdates "HTTP/1.1 200 OK"
2026-02-18 03:20:02,652 - httpx - INFO - HTTP Request: POST https://api.telegram.org/bot7966102912:AAE6lVKzQ_OCchVeODIMl3pxYvWBiIx8Z1w/getUpdates "HTTP/1.1 200 OK"
2026-02-18 03:20:12,862 - httpx - INFO - HTTP Request: POST https://api.telegram.org/bot7966102912:AAE6lVKzQ_OCchVeODIMl3pxYvWBiIx8Z1w/getUpdates "HTTP/1.1 200 OK"
2026-02-18 03:20:23,305 - httpx - INFO - HTTP Request: POST https://api.telegram.org/bot7966102912:AAE6lVKzQ_OCchVeODIMl3pxYvWBiIx8Z1w/getUpdates "HTTP/1.1 200 OK"
2026-02-18 03:20:33,757 - httpx - INFO - HTTP Request: POST https://api.telegram.org/bot7966102912:AAE6lVKzQ_OCchVeODIMl3pxYvWBiIx8Z1w/getUpdates "HTTP/1.1 200 OK"
2026-02-18 03:20:44,118 - httpx - INFO - HTTP Request: POST https://api.telegram.org/bot7966102912:AAE6lVKzQ_OCchVeODIMl3pxYvWBiIx8Z1w/getUpdates "HTTP/1.1 200 OK"
2026-02-18 03:20:55,004 - httpx - INFO - HTTP Request: POST https://api.telegram.org/bot7966102912:AAE6lVKzQ_OCchVeODIMl3pxYvWBiIx8Z1w/getUpdates "HTTP/1.1 200 OK"
2026-02-18 03:21:05,127 - httpx - INFO - HTTP Request: POST https://api.telegram.org/bot7966102912:AAE6lVKzQ_OCchVeODIMl3pxYvWBiIx8Z1w/getUpdates "HTTP/1.1 200 OK"
2026-02-18 03:21:15,531 - httpx - INFO - HTTP Request: POST https://api.telegram.org/bot7966102912:AAE6lVKzQ_OCchVeODIMl3pxYvWBiIx8Z1w/getUpdates "HTTP/1.1 200 OK"
2026-02-18 03:21:26,395 - httpx - INFO - HTTP Request: POST https://api.telegram.org/bot7966102912:AAE6lVKzQ_OCchVeODIMl3pxYvWBiIx8Z1w/getUpdates "HTTP/1.1 200 OK"
2026-02-18 03:21:36,518 - httpx - INFO - HTTP Request: POST https://api.telegram.org/bot7966102912:AAE6lVKzQ_OCchVeODIMl3pxYvWBiIx8Z1w/getUpdates "HTTP/1.1 200 OK"
2026-02-18 03:21:46,959 - httpx - INFO - HTTP Request: POST https://api.telegram.org/bot7966102912:AAE6lVKzQ_OCchVeODIMl3pxYvWBiIx8Z1w/getUpdates "HTTP/1.1 200 OK"
2026-02-18 03:21:57,068 - httpx - INFO - HTTP Request: POST https://api.telegram.org/bot7966102912:AAE6lVKzQ_OCchVeODIMl3pxYvWBiIx8Z1w/getUpdates "HTTP/1.1 200 OK"
2026-02-18 03:22:07,908 - httpx - INFO - HTTP Request: POST https://api.telegram.org/bot7966102912:AAE6lVKzQ_OCchVeODIMl3pxYvWBiIx8Z1w/getUpdates "HTTP/1.1 200 OK"
2026-02-18 03:22:18,010 - httpx - INFO - HTTP Request: POST https://api.telegram.org/bot7966102912:AAE6lVKzQ_OCchVeODIMl3pxYvWBiIx8Z1w/getUpdates "HTTP/1.1 200 OK"
2026-02-18 03:22:28,440 - httpx - INFO - HTTP Request: POST https://api.telegram.org/bot7966102912:AAE6lVKzQ_OCchVeODIMl3pxYvWBiIx8Z1w/getUpdates "HTTP/1.1 200 OK"
2026-02-18 03:22:29,966 - httpx - INFO - HTTP Request: POST https://api.telegram.org/bot7966102912:AAE6lVKzQ_OCchVeODIMl3pxYvWBiIx8Z1w/getUpdates "HTTP/1.1 200 OK"
2026-02-18 03:22:30,986 - httpx - INFO - HTTP Request: POST https://api.telegram.org/bot7966102912:AAE6lVKzQ_OCchVeODIMl3pxYvWBiIx8Z1w/answerCallbackQuery "HTTP/1.1 200 OK"
2026-02-18 03:22:30,987 - __main__ - INFO - Пользователь 1023416545 нажал: my_words
2026-02-18 03:22:31,764 - httpx - INFO - HTTP Request: POST https://api.telegram.org/bot7966102912:AAE6lVKzQ_OCchVeODIMl3pxYvWBiIx8Z1w/editMessageText "HTTP/1.1 200 OK"
2026-02-18 03:22:39,457 - httpx - INFO - HTTP Request: POST https://api.telegram.org/bot7966102912:AAE6lVKzQ_OCchVeODIMl3pxYvWBiIx8Z1w/getUpdates "HTTP/1.1 200 OK"
2026-02-18 03:22:40,443 - httpx - INFO - HTTP Request: POST https://api.telegram.org/bot7966102912:AAE6lVKzQ_OCchVeODIMl3pxYvWBiIx8Z1w/answerCallbackQuery "HTTP/1.1 200 OK"
2026-02-18 03:22:40,445 - __main__ - INFO - Пользователь 1023416545 нажал: practice_Hello
2026-02-18 03:22:41,558 - httpx - INFO - HTTP Request: POST https://api.telegram.org/bot7966102912:AAE6lVKzQ_OCchVeODIMl3pxYvWBiIx8Z1w/editMessageText "HTTP/1.1 200 OK"
2026-02-18 03:22:44,001 - httpx - INFO - HTTP Request: POST https://api.telegram.org/bot7966102912:AAE6lVKzQ_OCchVeODIMl3pxYvWBiIx8Z1w/getUpdates "HTTP/1.1 200 OK"
2026-02-18 03:22:44,567 - httpx - INFO - HTTP Request: POST https://api.telegram.org/bot7966102912:AAE6lVKzQ_OCchVeODIMl3pxYvWBiIx8Z1w/answerCallbackQuery "HTTP/1.1 200 OK"
2026-02-18 03:22:44,568 - __main__ - INFO - Пользователь 1023416545 нажал: my_words
2026-02-18 03:22:45,358 - httpx - INFO - HTTP Request: POST https://api.telegram.org/bot7966102912:AAE6lVKzQ_OCchVeODIMl3pxYvWBiIx8Z1w/editMessageText "HTTP/1.1 200 OK"
2026-02-18 03:22:46,149 - httpx - INFO - HTTP Request: POST https://api.telegram.org/bot7966102912:AAE6lVKzQ_OCchVeODIMl3pxYvWBiIx8Z1w/getUpdates "HTTP/1.1 200 OK"
2026-02-18 03:22:46,391 - httpx - INFO - HTTP Request: POST https://api.telegram.org/bot7966102912:AAE6lVKzQ_OCchVeODIMl3pxYvWBiIx8Z1w/answerCallbackQuery "HTTP/1.1 200 OK"
2026-02-18 03:22:46,392 - __main__ - INFO - Пользователь 1023416545 нажал: back_to_main
2026-02-18 03:22:46,883 - httpx - INFO - HTTP Request: POST https://api.telegram.org/bot7966102912:AAE6lVKzQ_OCchVeODIMl3pxYvWBiIx8Z1w/editMessageText "HTTP/1.1 200 OK"
2026-02-18 03:22:49,374 - httpx - INFO - HTTP Request: POST https://api.telegram.org/bot7966102912:AAE6lVKzQ_OCchVeODIMl3pxYvWBiIx8Z1w/getUpdates "HTTP/1.1 200 OK"
2026-02-18 03:22:49,493 - httpx - INFO - HTTP Request: POST https://api.telegram.org/bot7966102912:AAE6lVKzQ_OCchVeODIMl3pxYvWBiIx8Z1w/answerCallbackQuery "HTTP/1.1 200 OK"
2026-02-18 03:22:49,494 - __main__ - INFO - Пользователь 1023416545 нажал: daily_tasks
2026-02-18 03:22:49,705 - httpx - INFO - HTTP Request: POST https://api.telegram.org/bot7966102912:AAE6lVKzQ_OCchVeODIMl3pxYvWBiIx8Z1w/editMessageText "HTTP/1.1 200 OK"
2026-02-18 03:22:52,367 - httpx - INFO - HTTP Request: POST https://api.telegram.org/bot7966102912:AAE6lVKzQ_OCchVeODIMl3pxYvWBiIx8Z1w/getUpdates "HTTP/1.1 200 OK"
2026-02-18 03:22:52,488 - httpx - INFO - HTTP Request: POST https://api.telegram.org/bot7966102912:AAE6lVKzQ_OCchVeODIMl3pxYvWBiIx8Z1w/answerCallbackQuery "HTTP/1.1 200 OK"
2026-02-18 03:22:52,489 - __main__ - INFO - Пользователь 1023416545 нажал: back_to_main
2026-02-18 03:22:52,867 - httpx - INFO - HTTP Request: POST https://api.telegram.org/bot7966102912:AAE6lVKzQ_OCchVeODIMl3pxYvWBiIx8Z1w/editMessageText "HTTP/1.1 200 OK"
2026-02-18 03:23:02,688 - httpx - INFO - HTTP Request: POST https://api.telegram.org/bot7966102912:AAE6lVKzQ_OCchVeODIMl3pxYvWBiIx8Z1w/getUpdates "HTTP/1.1 200 OK"
2026-02-18 03:23:06,120 - telegram.ext.Application - INFO - Application is stopping. This might take a moment.
2026-02-18 03:23:06,120 - telegram.ext.Application - INFO - Application.stop() complete
2026-02-18 03:50:24,585 - httpx - INFO - HTTP Request: POST https://api.telegram.org/bot7966102912:AAE6lVKzQ_OCchVeODIMl3pxYvWBiIx8Z1w/getMe "HTTP/1.1 200 OK"
2026-02-18 03:50:25,086 - httpx - INFO - HTTP Request: POST https://api.telegram.org/bot7966102912:AAE6lVKzQ_OCchVeODIMl3pxYvWBiIx8Z1w/deleteWebhook "HTTP/1.1 200 OK"
2026-02-18 03:50:25,088 - telegram.ext.Application - INFO - Application started
2026-02-18 03:50:36,110 - httpx - INFO - HTTP Request: POST https://api.telegram.org/bot7966102912:AAE6lVKzQ_OCchVeODIMl3pxYvWBiIx8Z1w/getUpdates "HTTP/1.1 200 OK"
2026-02-18 03:50:46,746 - httpx - INFO - HTTP Request: POST https://api.telegram.org/bot7966102912:AAE6lVKzQ_OCchVeODIMl3pxYvWBiIx8Z1w/getUpdates "HTTP/1.1 200 OK"
2026-02-18 03:50:56,846 - httpx - INFO - HTTP Request: POST https://api.telegram.org/bot7966102912:AAE6lVKzQ_OCchVeODIMl3pxYvWBiIx8Z1w/getUpdates "HTTP/1.1 200 OK"
2026-02-18 03:51:07,773 - httpx - INFO - HTTP Request: POST https://api.telegram.org/bot7966102912:AAE6lVKzQ_OCchVeODIMl3pxYvWBiIx8Z1w/getUpdates "HTTP/1.1 200 OK"
2026-02-18 03:51:17,869 - httpx - INFO - HTTP Request: POST https://api.telegram.org/bot7966102912:AAE6lVKzQ_OCchVeODIMl3pxYvWBiIx8Z1w/getUpdates "HTTP/1.1 200 OK"
2026-02-18 03:51:28,352 - httpx - INFO - HTTP Request: POST https://api.telegram.org/bot7966102912:AAE6lVKzQ_OCchVeODIMl3pxYvWBiIx8Z1w/getUpdates "HTTP/1.1 200 OK"
2026-02-18 03:51:38,832 - httpx - INFO - HTTP Request: POST https://api.telegram.org/bot7966102912:AAE6lVKzQ_OCchVeODIMl3pxYvWBiIx8Z1w/getUpdates "HTTP/1.1 200 OK"
2026-02-18 03:51:49,392 - httpx - INFO - HTTP Request: POST https://api.telegram.org/bot7966102912:AAE6lVKzQ_OCchVeODIMl3pxYvWBiIx8Z1w/getUpdates "HTTP/1.1 200 OK"
2026-02-18 03:51:59,864 - httpx - INFO - HTTP Request: POST https://api.telegram.org/bot7966102912:AAE6lVKzQ_OCchVeODIMl3pxYvWBiIx8Z1w/getUpdates "HTTP/1.1 200 OK"
2026-02-18 03:52:10,233 - httpx - INFO - HTTP Request: POST https://api.telegram.org/bot7966102912:AAE6lVKzQ_OCchVeODIMl3pxYvWBiIx8Z1w/getUpdates "HTTP/1.1 200 OK"
2026-02-18 03:52:20,671 - httpx - INFO - HTTP Request: POST https://api.telegram.org/bot7966102912:AAE6lVKzQ_OCchVeODIMl3pxYvWBiIx8Z1w/getUpdates "HTTP/1.1 200 OK"
2026-02-18 03:52:31,145 - httpx - INFO - HTTP Request: POST https://api.telegram.org/bot7966102912:AAE6lVKzQ_OCchVeODIMl3pxYvWBiIx8Z1w/getUpdates "HTTP/1.1 200 OK"
2026-02-18 03:52:41,505 - httpx - INFO - HTTP Request: POST https://api.telegram.org/bot7966102912:AAE6lVKzQ_OCchVeODIMl3pxYvWBiIx8Z1w/getUpdates "HTTP/1.1 200 OK"
2026-02-18 03:52:51,624 - httpx - INFO - HTTP Request: POST https://api.telegram.org/bot7966102912:AAE6lVKzQ_OCchVeODIMl3pxYvWBiIx8Z1w/getUpdates "HTTP/1.1 200 OK"
2026-02-18 03:53:02,042 - httpx - INFO - HTTP Request: POST https://api.telegram.org/bot7966102912:AAE6lVKzQ_OCchVeODIMl3pxYvWBiIx8Z1w/getUpdates "HTTP/1.1 200 OK"
2026-02-18 03:53:12,514 - httpx - INFO - HTTP Request: POST https://api.telegram.org/bot7966102912:AAE6lVKzQ_OCchVeODIMl3pxYvWBiIx8Z1w/getUpdates "HTTP/1.1 200 OK"
2026-02-18 03:53:22,858 - httpx - INFO - HTTP Request: POST https://api.telegram.org/bot7966102912:AAE6lVKzQ_OCchVeODIMl3pxYvWBiIx8Z1w/getUpdates "HTTP/1.1 200 OK"
2026-02-18 03:53:32,992 - httpx - INFO - HTTP Request: POST https://api.telegram.org/bot7966102912:AAE6lVKzQ_OCchVeODIMl3pxYvWBiIx8Z1w/getUpdates "HTTP/1.1 200 OK"
2026-02-18 03:53:39,081 - telegram.ext.Application - INFO - Application is stopping. This might take a moment.
2026-02-18 03:53:39,082 - telegram.ext.Application - INFO - Application.stop() complete
2026-02-19 13:04:23,084 - httpx - INFO - HTTP Request: POST https://api.telegram.org/bot7966102912:AAE6lVKzQ_OCchVeODIMl3pxYvWBiIx8Z1w/getMe "HTTP/1.1 200 OK"
2026-02-19 13:04:23,163 - httpx - INFO - HTTP Request: POST https://api.telegram.org/bot7966102912:AAE6lVKzQ_OCchVeODIMl3pxYvWBiIx8Z1w/deleteWebhook "HTTP/1.1 200 OK"
2026-02-19 13:04:23,164 - telegram.ext.Application - INFO - Application started
2026-02-19 13:04:34,125 - httpx - INFO - HTTP Request: POST https://api.telegram.org/bot7966102912:AAE6lVKzQ_OCchVeODIMl3pxYvWBiIx8Z1w/getUpdates "HTTP/1.1 200 OK"
2026-02-19 13:04:44,558 - httpx - INFO - HTTP Request: POST https://api.telegram.org/bot7966102912:AAE6lVKzQ_OCchVeODIMl3pxYvWBiIx8Z1w/getUpdates "HTTP/1.1 200 OK"
2026-02-19 13:04:54,629 - httpx - INFO - HTTP Request: POST https://api.telegram.org/bot7966102912:AAE6lVKzQ_OCchVeODIMl3pxYvWBiIx8Z1w/getUpdates "HTTP/1.1 200 OK"
2026-02-19 13:05:05,010 - httpx - INFO - HTTP Request: POST https://api.telegram.org/bot7966102912:AAE6lVKzQ_OCchVeODIMl3pxYvWBiIx8Z1w/getUpdates "HTTP/1.1 200 OK"
2026-02-19 13:05:15,730 - httpx - INFO - HTTP Request: POST https://api.telegram.org/bot7966102912:AAE6lVKzQ_OCchVeODIMl3pxYvWBiIx8Z1w/getUpdates "HTTP/1.1 200 OK"
2026-02-19 13:05:25,805 - httpx - INFO - HTTP Request: POST https://api.telegram.org/bot7966102912:AAE6lVKzQ_OCchVeODIMl3pxYvWBiIx8Z1w/getUpdates "HTTP/1.1 200 OK"
2026-02-19 13:05:36,172 - httpx - INFO - HTTP Request: POST https://api.telegram.org/bot7966102912:AAE6lVKzQ_OCchVeODIMl3pxYvWBiIx8Z1w/getUpdates "HTTP/1.1 200 OK"
2026-02-19 13:05:46,541 - httpx - INFO - HTTP Request: POST https://api.telegram.org/bot7966102912:AAE6lVKzQ_OCchVeODIMl3pxYvWBiIx8Z1w/getUpdates "HTTP/1.1 200 OK"
2026-02-19 13:05:56,993 - httpx - INFO - HTTP Request: POST https://api.telegram.org/bot7966102912:AAE6lVKzQ_OCchVeODIMl3pxYvWBiIx8Z1w/getUpdates "HTTP/1.1 200 OK"
2026-02-19 13:06:07,342 - httpx - INFO - HTTP Request: POST https://api.telegram.org/bot7966102912:AAE6lVKzQ_OCchVeODIMl3pxYvWBiIx8Z1w/getUpdates "HTTP/1.1 200 OK"
2026-02-19 13:06:17,550 - httpx - INFO - HTTP Request: POST https://api.telegram.org/bot7966102912:AAE6lVKzQ_OCchVeODIMl3pxYvWBiIx8Z1w/getUpdates "HTTP/1.1 200 OK"
2026-02-19 13:06:27,924 - httpx - INFO - HTTP Request: POST https://api.telegram.org/bot7966102912:AAE6lVKzQ_OCchVeODIMl3pxYvWBiIx8Z1w/getUpdates "HTTP/1.1 200 OK"
2026-02-19 13:06:38,287 - httpx - INFO - HTTP Request: POST https://api.telegram.org/bot7966102912:AAE6lVKzQ_OCchVeODIMl3pxYvWBiIx8Z1w/getUpdates "HTTP/1.1 200 OK"
2026-02-19 13:06:48,501 - httpx - INFO - HTTP Request: POST https://api.telegram.org/bot7966102912:AAE6lVKzQ_OCchVeODIMl3pxYvWBiIx8Z1w/getUpdates "HTTP/1.1 200 OK"
2026-02-19 13:06:58,574 - httpx - INFO - HTTP Request: POST https://api.telegram.org/bot7966102912:AAE6lVKzQ_OCchVeODIMl3pxYvWBiIx8Z1w/getUpdates "HTTP/1.1 200 OK"
2026-02-19 13:07:08,955 - httpx - INFO - HTTP Request: POST https://api.telegram.org/bot7966102912:AAE6lVKzQ_OCchVeODIMl3pxYvWBiIx8Z1w/getUpdates "HTTP/1.1 200 OK"
2026-02-19 13:07:19,314 - httpx - INFO - HTTP Request: POST https://api.telegram.org/bot7966102912:AAE6lVKzQ_OCchVeODIMl3pxYvWBiIx8Z1w/getUpdates "HTTP/1.1 200 OK"
2026-02-19 13:07:29,523 - httpx - INFO - HTTP Request: POST https://api.telegram.org/bot7966102912:AAE6lVKzQ_OCchVeODIMl3pxYvWBiIx8Z1w/getUpdates "HTTP/1.1 200 OK"
2026-02-19 13:07:39,595 - httpx - INFO - HTTP Request: POST https://api.telegram.org/bot7966102912:AAE6lVKzQ_OCchVeODIMl3pxYvWBiIx8Z1w/getUpdates "HTTP/1.1 200 OK"
2026-02-19 13:07:50,095 - httpx - INFO - HTTP Request: POST https://api.telegram.org/bot7966102912:AAE6lVKzQ_OCchVeODIMl3pxYvWBiIx8Z1w/getUpdates "HTTP/1.1 200 OK"
2026-02-19 13:08:00,306 - httpx - INFO - HTTP Request: POST https://api.telegram.org/bot7966102912:AAE6lVKzQ_OCchVeODIMl3pxYvWBiIx8Z1w/getUpdates "HTTP/1.1 200 OK"
2026-02-19 13:08:11,022 - httpx - INFO - HTTP Request: POST https://api.telegram.org/bot7966102912:AAE6lVKzQ_OCchVeODIMl3pxYvWBiIx8Z1w/getUpdates "HTTP/1.1 200 OK"
2026-02-19 13:08:21,102 - httpx - INFO - HTTP Request: POST https://api.telegram.org/bot7966102912:AAE6lVKzQ_OCchVeODIMl3pxYvWBiIx8Z1w/getUpdates "HTTP/1.1 200 OK"
2026-02-19 13:08:31,486 - httpx - INFO - HTTP Request: POST https://api.telegram.org/bot7966102912:AAE6lVKzQ_OCchVeODIMl3pxYvWBiIx8Z1w/getUpdates "HTTP/1.1 200 OK"
2026-02-19 13:08:41,839 - httpx - INFO - HTTP Request: POST https://api.telegram.org/bot7966102912:AAE6lVKzQ_OCchVeODIMl3pxYvWBiIx8Z1w/getUpdates "HTTP/1.1 200 OK"
2026-02-19 13:08:52,292 - httpx - INFO - HTTP Request: POST https://api.telegram.org/bot7966102912:AAE6lVKzQ_OCchVeODIMl3pxYvWBiIx8Z1w/getUpdates "HTTP/1.1 200 OK"
2026-02-19 13:09:02,512 - httpx - INFO - HTTP Request: POST https://api.telegram.org/bot7966102912:AAE6lVKzQ_OCchVeODIMl3pxYvWBiIx8Z1w/getUpdates "HTTP/1.1 200 OK"
2026-02-19 13:09:13,007 - httpx - INFO - HTTP Request: POST https://api.telegram.org/bot7966102912:AAE6lVKzQ_OCchVeODIMl3pxYvWBiIx8Z1w/getUpdates "HTTP/1.1 200 OK"
2026-02-19 13:09:23,085 - httpx - INFO - HTTP Request: POST https://api.telegram.org/bot7966102912:AAE6lVKzQ_OCchVeODIMl3pxYvWBiIx8Z1w/getUpdates "HTTP/1.1 200 OK"
2026-02-19 13:09:33,459 - httpx - INFO - HTTP Request: POST https://api.telegram.org/bot7966102912:AAE6lVKzQ_OCchVeODIMl3pxYvWBiIx8Z1w/getUpdates "HTTP/1.1 200 OK"
2026-02-19 13:09:43,826 - httpx - INFO - HTTP Request: POST https://api.telegram.org/bot7966102912:AAE6lVKzQ_OCchVeODIMl3pxYvWBiIx8Z1w/getUpdates "HTTP/1.1 200 OK"
2026-02-19 13:09:54,033 - httpx - INFO - HTTP Request: POST https://api.telegram.org/bot7966102912:AAE6lVKzQ_OCchVeODIMl3pxYvWBiIx8Z1w/getUpdates "HTTP/1.1 200 OK"
2026-02-19 13:10:04,398 - httpx - INFO - HTTP Request: POST https://api.telegram.org/bot7966102912:AAE6lVKzQ_OCchVeODIMl3pxYvWBiIx8Z1w/getUpdates "HTTP/1.1 200 OK"
2026-02-19 13:10:14,838 - httpx - INFO - HTTP Request: POST https://api.telegram.org/bot7966102912:AAE6lVKzQ_OCchVeODIMl3pxYvWBiIx8Z1w/getUpdates "HTTP/1.1 200 OK"
2026-02-19 13:10:24,911 - httpx - INFO - HTTP Request: POST https://api.telegram.org/bot7966102912:AAE6lVKzQ_OCchVeODIMl3pxYvWBiIx8Z1w/getUpdates "HTTP/1.1 200 OK"
2026-02-19 13:10:35,661 - httpx - INFO - HTTP Request: POST https://api.telegram.org/bot7966102912:AAE6lVKzQ_OCchVeODIMl3pxYvWBiIx8Z1w/getUpdates "HTTP/1.1 200 OK"
2026-02-19 13:10:45,731 - httpx - INFO - HTTP Request: POST https://api.telegram.org/bot7966102912:AAE6lVKzQ_OCchVeODIMl3pxYvWBiIx8Z1w/getUpdates "HTTP/1.1 200 OK"
2026-02-19 13:10:56,238 - httpx - INFO - HTTP Request: POST https://api.telegram.org/bot7966102912:AAE6lVKzQ_OCchVeODIMl3pxYvWBiIx8Z1w/getUpdates "HTTP/1.1 200 OK"
2026-02-19 13:11:06,310 - httpx - INFO - HTTP Request: POST https://api.telegram.org/bot7966102912:AAE6lVKzQ_OCchVeODIMl3pxYvWBiIx8Z1w/getUpdates "HTTP/1.1 200 OK"
2026-02-19 13:11:16,675 - httpx - INFO - HTTP Request: POST https://api.telegram.org/bot7966102912:AAE6lVKzQ_OCchVeODIMl3pxYvWBiIx8Z1w/getUpdates "HTTP/1.1 200 OK"
2026-02-19 13:11:27,182 - httpx - INFO - HTTP Request: POST https://api.telegram.org/bot7966102912:AAE6lVKzQ_OCchVeODIMl3pxYvWBiIx8Z1w/getUpdates "HTTP/1.1 200 OK"
2026-02-19 13:11:37,252 - httpx - INFO - HTTP Request: POST https://api.telegram.org/bot7966102912:AAE6lVKzQ_OCchVeODIMl3pxYvWBiIx8Z1w/getUpdates "HTTP/1.1 200 OK"
2026-02-19 13:11:47,630 - httpx - INFO - HTTP Request: POST https://api.telegram.org/bot7966102912:AAE6lVKzQ_OCchVeODIMl3pxYvWBiIx8Z1w/getUpdates "HTTP/1.1 200 OK"
2026-02-19 13:11:57,702 - httpx - INFO - HTTP Request: POST https://api.telegram.org/bot7966102912:AAE6lVKzQ_OCchVeODIMl3pxYvWBiIx8Z1w/getUpdates "HTTP/1.1 200 OK"
2026-02-19 13:12:08,207 - httpx - INFO - HTTP Request: POST https://api.telegram.org/bot7966102912:AAE6lVKzQ_OCchVeODIMl3pxYvWBiIx8Z1w/getUpdates "HTTP/1.1 200 OK"
2026-02-19 13:12:18,278 - httpx - INFO - HTTP Request: POST https://api.telegram.org/bot7966102912:AAE6lVKzQ_OCchVeODIMl3pxYvWBiIx8Z1w/getUpdates "HTTP/1.1 200 OK"
2026-02-19 13:12:28,654 - httpx - INFO - HTTP Request: POST https://api.telegram.org/bot7966102912:AAE6lVKzQ_OCchVeODIMl3pxYvWBiIx8Z1w/getUpdates "HTTP/1.1 200 OK"
2026-02-19 13:12:39,151 - httpx - INFO - HTTP Request: POST https://api.telegram.org/bot7966102912:AAE6lVKzQ_OCchVeODIMl3pxYvWBiIx8Z1w/getUpdates "HTTP/1.1 200 OK"
2026-02-19 13:12:49,223 - httpx - INFO - HTTP Request: POST https://api.telegram.org/bot7966102912:AAE6lVKzQ_OCchVeODIMl3pxYvWBiIx8Z1w/getUpdates "HTTP/1.1 200 OK"
2026-02-19 13:12:59,599 - httpx - INFO - HTTP Request: POST https://api.telegram.org/bot7966102912:AAE6lVKzQ_OCchVeODIMl3pxYvWBiIx8Z1w/getUpdates "HTTP/1.1 200 OK"
2026-02-19 13:13:10,039 - httpx - INFO - HTTP Request: POST https://api.telegram.org/bot7966102912:AAE6lVKzQ_OCchVeODIMl3pxYvWBiIx8Z1w/getUpdates "HTTP/1.1 200 OK"
2026-02-19 13:13:20,110 - httpx - INFO - HTTP Request: POST https://api.telegram.org/bot7966102912:AAE6lVKzQ_OCchVeODIMl3pxYvWBiIx8Z1w/getUpdates "HTTP/1.1 200 OK"
2026-02-19 13:13:30,831 - httpx - INFO - HTTP Request: POST https://api.telegram.org/bot7966102912:AAE6lVKzQ_OCchVeODIMl3pxYvWBiIx8Z1w/getUpdates "HTTP/1.1 200 OK"
2026-02-19 13:13:40,903 - httpx - INFO - HTTP Request: POST https://api.telegram.org/bot7966102912:AAE6lVKzQ_OCchVeODIMl3pxYvWBiIx8Z1w/getUpdates "HTTP/1.1 200 OK"
2026-02-19 13:13:51,282 - httpx - INFO - HTTP Request: POST https://api.telegram.org/bot7966102912:AAE6lVKzQ_OCchVeODIMl3pxYvWBiIx8Z1w/getUpdates "HTTP/1.1 200 OK"
2026-02-19 13:14:01,659 - httpx - INFO - HTTP Request: POST https://api.telegram.org/bot7966102912:AAE6lVKzQ_OCchVeODIMl3pxYvWBiIx8Z1w/getUpdates "HTTP/1.1 200 OK"
2026-02-19 13:14:12,015 - httpx - INFO - HTTP Request: POST https://api.telegram.org/bot7966102912:AAE6lVKzQ_OCchVeODIMl3pxYvWBiIx8Z1w/getUpdates "HTTP/1.1 200 OK"
2026-02-19 13:14:22,457 - httpx - INFO - HTTP Request: POST https://api.telegram.org/bot7966102912:AAE6lVKzQ_OCchVeODIMl3pxYvWBiIx8Z1w/getUpdates "HTTP/1.1 200 OK"
2026-02-19 13:14:32,530 - httpx - INFO - HTTP Request: POST https://api.telegram.org/bot7966102912:AAE6lVKzQ_OCchVeODIMl3pxYvWBiIx8Z1w/getUpdates "HTTP/1.1 200 OK"
2026-02-19 13:14:43,247 - httpx - INFO - HTTP Request: POST https://api.telegram.org/bot7966102912:AAE6lVKzQ_OCchVeODIMl3pxYvWBiIx8Z1w/getUpdates "HTTP/1.1 200 OK"
2026-02-19 13:14:53,319 - httpx - INFO - HTTP Request: POST https://api.telegram.org/bot7966102912:AAE6lVKzQ_OCchVeODIMl3pxYvWBiIx8Z1w/getUpdates "HTTP/1.1 200 OK"
2026-02-19 13:15:03,823 - httpx - INFO - HTTP Request: POST https://api.telegram.org/bot7966102912:AAE6lVKzQ_OCchVeODIMl3pxYvWBiIx8Z1w/getUpdates "HTTP/1.1 200 OK"
2026-02-19 13:15:14,034 - httpx - INFO - HTTP Request: POST https://api.telegram.org/bot7966102912:AAE6lVKzQ_OCchVeODIMl3pxYvWBiIx8Z1w/getUpdates "HTTP/1.1 200 OK"
2026-02-19 13:15:24,105 - httpx - INFO - HTTP Request: POST https://api.telegram.org/bot7966102912:AAE6lVKzQ_OCchVeODIMl3pxYvWBiIx8Z1w/getUpdates "HTTP/1.1 200 OK"
2026-02-19 13:15:34,606 - httpx - INFO - HTTP Request: POST https://api.telegram.org/bot7966102912:AAE6lVKzQ_OCchVeODIMl3pxYvWBiIx8Z1w/getUpdates "HTTP/1.1 200 OK"
2026-02-19 13:15:44,677 - httpx - INFO - HTTP Request: POST https://api.telegram.org/bot7966102912:AAE6lVKzQ_OCchVeODIMl3pxYvWBiIx8Z1w/getUpdates "HTTP/1.1 200 OK"
2026-02-19 13:15:55,028 - httpx - INFO - HTTP Request: POST https://api.telegram.org/bot7966102912:AAE6lVKzQ_OCchVeODIMl3pxYvWBiIx8Z1w/getUpdates "HTTP/1.1 200 OK"
2026-02-19 13:16:05,467 - httpx - INFO - HTTP Request: POST https://api.telegram.org/bot7966102912:AAE6lVKzQ_OCchVeODIMl3pxYvWBiIx8Z1w/getUpdates "HTTP/1.1 200 OK"
2026-02-19 13:16:15,541 - httpx - INFO - HTTP Request: POST https://api.telegram.org/bot7966102912:AAE6lVKzQ_OCchVeODIMl3pxYvWBiIx8Z1w/getUpdates "HTTP/1.1 200 OK"
2026-02-19 13:16:26,286 - httpx - INFO - HTTP Request: POST https://api.telegram.org/bot7966102912:AAE6lVKzQ_OCchVeODIMl3pxYvWBiIx8Z1w/getUpdates "HTTP/1.1 200 OK"
2026-02-19 13:16:36,728 - httpx - INFO - HTTP Request: POST https://api.telegram.org/bot7966102912:AAE6lVKzQ_OCchVeODIMl3pxYvWBiIx8Z1w/getUpdates "HTTP/1.1 200 OK"
2026-02-19 13:16:46,799 - httpx - INFO - HTTP Request: POST https://api.telegram.org/bot7966102912:AAE6lVKzQ_OCchVeODIMl3pxYvWBiIx8Z1w/getUpdates "HTTP/1.1 200 OK"
2026-02-19 13:16:57,182 - httpx - INFO - HTTP Request: POST https://api.telegram.org/bot7966102912:AAE6lVKzQ_OCchVeODIMl3pxYvWBiIx8Z1w/getUpdates "HTTP/1.1 200 OK"
2026-02-19 13:17:07,535 - httpx - INFO - HTTP Request: POST https://api.telegram.org/bot7966102912:AAE6lVKzQ_OCchVeODIMl3pxYvWBiIx8Z1w/getUpdates "HTTP/1.1 200 OK"
2026-02-19 13:17:17,972 - httpx - INFO - HTTP Request: POST https://api.telegram.org/bot7966102912:AAE6lVKzQ_OCchVeODIMl3pxYvWBiIx8Z1w/getUpdates "HTTP/1.1 200 OK"
2026-02-19 13:17:28,043 - httpx - INFO - HTTP Request: POST https://api.telegram.org/bot7966102912:AAE6lVKzQ_OCchVeODIMl3pxYvWBiIx8Z1w/getUpdates "HTTP/1.1 200 OK"
2026-02-19 13:17:38,770 - httpx - INFO - HTTP Request: POST https://api.telegram.org/bot7966102912:AAE6lVKzQ_OCchVeODIMl3pxYvWBiIx8Z1w/getUpdates "HTTP/1.1 200 OK"
2026-02-19 13:17:49,206 - httpx - INFO - HTTP Request: POST https://api.telegram.org/bot7966102912:AAE6lVKzQ_OCchVeODIMl3pxYvWBiIx8Z1w/getUpdates "HTTP/1.1 200 OK"
2026-02-19 13:17:59,567 - httpx - INFO - HTTP Request: POST https://api.telegram.org/bot7966102912:AAE6lVKzQ_OCchVeODIMl3pxYvWBiIx8Z1w/getUpdates "HTTP/1.1 200 OK"
2026-02-19 13:18:09,778 - httpx - INFO - HTTP Request: POST https://api.telegram.org/bot7966102912:AAE6lVKzQ_OCchVeODIMl3pxYvWBiIx8Z1w/getUpdates "HTTP/1.1 200 OK"
2026-02-19 13:18:19,851 - httpx - INFO - HTTP Request: POST https://api.telegram.org/bot7966102912:AAE6lVKzQ_OCchVeODIMl3pxYvWBiIx8Z1w/getUpdates "HTTP/1.1 200 OK"
2026-02-19 13:18:30,351 - httpx - INFO - HTTP Request: POST https://api.telegram.org/bot7966102912:AAE6lVKzQ_OCchVeODIMl3pxYvWBiIx8Z1w/getUpdates "HTTP/1.1 200 OK"
2026-02-19 13:18:40,424 - httpx - INFO - HTTP Request: POST https://api.telegram.org/bot7966102912:AAE6lVKzQ_OCchVeODIMl3pxYvWBiIx8Z1w/getUpdates "HTTP/1.1 200 OK"
2026-02-19 13:18:51,150 - httpx - INFO - HTTP Request: POST https://api.telegram.org/bot7966102912:AAE6lVKzQ_OCchVeODIMl3pxYvWBiIx8Z1w/getUpdates "HTTP/1.1 200 OK"
2026-02-19 13:19:01,219 - httpx - INFO - HTTP Request: POST https://api.telegram.org/bot7966102912:AAE6lVKzQ_OCchVeODIMl3pxYvWBiIx8Z1w/getUpdates "HTTP/1.1 200 OK"
2026-02-19 13:19:11,592 - httpx - INFO - HTTP Request: POST https://api.telegram.org/bot7966102912:AAE6lVKzQ_OCchVeODIMl3pxYvWBiIx8Z1w/getUpdates "HTTP/1.1 200 OK"
2026-02-19 13:19:21,966 - httpx - INFO - HTTP Request: POST https://api.telegram.org/bot7966102912:AAE6lVKzQ_OCchVeODIMl3pxYvWBiIx8Z1w/getUpdates "HTTP/1.1 200 OK"
2026-02-19 13:19:32,409 - httpx - INFO - HTTP Request: POST https://api.telegram.org/bot7966102912:AAE6lVKzQ_OCchVeODIMl3pxYvWBiIx8Z1w/getUpdates "HTTP/1.1 200 OK"
2026-02-19 13:19:42,478 - httpx - INFO - HTTP Request: POST https://api.telegram.org/bot7966102912:AAE6lVKzQ_OCchVeODIMl3pxYvWBiIx8Z1w/getUpdates "HTTP/1.1 200 OK"
2026-02-19 13:19:52,849 - httpx - INFO - HTTP Request: POST https://api.telegram.org/bot7966102912:AAE6lVKzQ_OCchVeODIMl3pxYvWBiIx8Z1w/getUpdates "HTTP/1.1 200 OK"
2026-02-19 13:20:03,215 - httpx - INFO - HTTP Request: POST https://api.telegram.org/bot7966102912:AAE6lVKzQ_OCchVeODIMl3pxYvWBiIx8Z1w/getUpdates "HTTP/1.1 200 OK"
2026-02-19 13:20:13,666 - httpx - INFO - HTTP Request: POST https://api.telegram.org/bot7966102912:AAE6lVKzQ_OCchVeODIMl3pxYvWBiIx8Z1w/getUpdates "HTTP/1.1 200 OK"
2026-02-19 13:20:24,051 - httpx - INFO - HTTP Request: POST https://api.telegram.org/bot7966102912:AAE6lVKzQ_OCchVeODIMl3pxYvWBiIx8Z1w/getUpdates "HTTP/1.1 200 OK"
2026-02-19 13:20:34,450 - httpx - INFO - HTTP Request: POST https://api.telegram.org/bot7966102912:AAE6lVKzQ_OCchVeODIMl3pxYvWBiIx8Z1w/getUpdates "HTTP/1.1 200 OK"
2026-02-19 13:20:44,891 - httpx - INFO - HTTP Request: POST https://api.telegram.org/bot7966102912:AAE6lVKzQ_OCchVeODIMl3pxYvWBiIx8Z1w/getUpdates "HTTP/1.1 200 OK"
2026-02-19 13:20:55,250 - httpx - INFO - HTTP Request: POST https://api.telegram.org/bot7966102912:AAE6lVKzQ_OCchVeODIMl3pxYvWBiIx8Z1w/getUpdates "HTTP/1.1 200 OK"
2026-02-19 13:21:05,472 - httpx - INFO - HTTP Request: POST https://api.telegram.org/bot7966102912:AAE6lVKzQ_OCchVeODIMl3pxYvWBiIx8Z1w/getUpdates "HTTP/1.1 200 OK"
2026-02-19 13:21:15,544 - httpx - INFO - HTTP Request: POST https://api.telegram.org/bot7966102912:AAE6lVKzQ_OCchVeODIMl3pxYvWBiIx8Z1w/getUpdates "HTTP/1.1 200 OK"
2026-02-19 13:21:26,067 - httpx - INFO - HTTP Request: POST https://api.telegram.org/bot7966102912:AAE6lVKzQ_OCchVeODIMl3pxYvWBiIx8Z1w/getUpdates "HTTP/1.1 200 OK"
2026-02-19 13:21:36,288 - httpx - INFO - HTTP Request: POST https://api.telegram.org/bot7966102912:AAE6lVKzQ_OCchVeODIMl3pxYvWBiIx8Z1w/getUpdates "HTTP/1.1 200 OK"
2026-02-19 13:21:46,963 - httpx - INFO - HTTP Request: POST https://api.telegram.org/bot7966102912:AAE6lVKzQ_OCchVeODIMl3pxYvWBiIx8Z1w/getUpdates "HTTP/1.1 200 OK"
2026-02-19 13:21:57,341 - httpx - INFO - HTTP Request: POST https://api.telegram.org/bot7966102912:AAE6lVKzQ_OCchVeODIMl3pxYvWBiIx8Z1w/getUpdates "HTTP/1.1 200 OK"
2026-02-19 13:22:07,686 - httpx - INFO - HTTP Request: POST https://api.telegram.org/bot7966102912:AAE6lVKzQ_OCchVeODIMl3pxYvWBiIx8Z1w/getUpdates "HTTP/1.1 200 OK"
2026-02-19 13:22:18,136 - httpx - INFO - HTTP Request: POST https://api.telegram.org/bot7966102912:AAE6lVKzQ_OCchVeODIMl3pxYvWBiIx8Z1w/getUpdates "HTTP/1.1 200 OK"
2026-02-19 13:22:28,615 - httpx - INFO - HTTP Request: POST https://api.telegram.org/bot7966102912:AAE6lVKzQ_OCchVeODIMl3pxYvWBiIx8Z1w/getUpdates "HTTP/1.1 200 OK"
2026-02-19 13:22:38,700 - httpx - INFO - HTTP Request: POST https://api.telegram.org/bot7966102912:AAE6lVKzQ_OCchVeODIMl3pxYvWBiIx8Z1w/getUpdates "HTTP/1.1 200 OK"
2026-02-19 13:22:49,076 - httpx - INFO - HTTP Request: POST https://api.telegram.org/bot7966102912:AAE6lVKzQ_OCchVeODIMl3pxYvWBiIx8Z1w/getUpdates "HTTP/1.1 200 OK"
2026-02-19 13:22:59,430 - httpx - INFO - HTTP Request: POST https://api.telegram.org/bot7966102912:AAE6lVKzQ_OCchVeODIMl3pxYvWBiIx8Z1w/getUpdates "HTTP/1.1 200 OK"
2026-02-19 13:23:09,642 - httpx - INFO - HTTP Request: POST https://api.telegram.org/bot7966102912:AAE6lVKzQ_OCchVeODIMl3pxYvWBiIx8Z1w/getUpdates "HTTP/1.1 200 OK"
2026-02-19 13:23:20,391 - httpx - INFO - HTTP Request: POST https://api.telegram.org/bot7966102912:AAE6lVKzQ_OCchVeODIMl3pxYvWBiIx8Z1w/getUpdates "HTTP/1.1 200 OK"
2026-02-19 13:23:30,834 - httpx - INFO - HTTP Request: POST https://api.telegram.org/bot7966102912:AAE6lVKzQ_OCchVeODIMl3pxYvWBiIx8Z1w/getUpdates "HTTP/1.1 200 OK"
2026-02-19 13:23:40,906 - httpx - INFO - HTTP Request: POST https://api.telegram.org/bot7966102912:AAE6lVKzQ_OCchVeODIMl3pxYvWBiIx8Z1w/getUpdates "HTTP/1.1 200 OK"
2026-02-19 13:23:51,654 - httpx - INFO - HTTP Request: POST https://api.telegram.org/bot7966102912:AAE6lVKzQ_OCchVeODIMl3pxYvWBiIx8Z1w/getUpdates "HTTP/1.1 200 OK"
2026-02-19 13:24:01,725 - httpx - INFO - HTTP Request: POST https://api.telegram.org/bot7966102912:AAE6lVKzQ_OCchVeODIMl3pxYvWBiIx8Z1w/getUpdates "HTTP/1.1 200 OK"
2026-02-19 13:24:12,100 - httpx - INFO - HTTP Request: POST https://api.telegram.org/bot7966102912:AAE6lVKzQ_OCchVeODIMl3pxYvWBiIx8Z1w/getUpdates "HTTP/1.1 200 OK"
2026-02-19 13:24:21,083 - telegram.ext.Application - INFO - Application is stopping. This might take a moment.
2026-02-19 13:24:21,083 - telegram.ext.Application - INFO - Application.stop() complete
2026-02-19 13:53:09,174 - httpx - INFO - HTTP Request: POST https://api.telegram.org/bot7966102912:AAE6lVKzQ_OCchVeODIMl3pxYvWBiIx8Z1w/getMe "HTTP/1.1 200 OK"
2026-02-19 13:53:09,366 - httpx - INFO - HTTP Request: POST https://api.telegram.org/bot7966102912:AAE6lVKzQ_OCchVeODIMl3pxYvWBiIx8Z1w/deleteWebhook "HTTP/1.1 200 OK"
2026-02-19 13:53:09,368 - telegram.ext.Application - INFO - Application started
2026-02-19 13:53:23,205 - httpx - INFO - HTTP Request: POST https://api.telegram.org/bot7966102912:AAE6lVKzQ_OCchVeODIMl3pxYvWBiIx8Z1w/getUpdates "HTTP/1.1 200 OK"
2026-02-19 13:53:50,947 - httpx - INFO - HTTP Request: POST https://api.telegram.org/bot7966102912:AAE6lVKzQ_OCchVeODIMl3pxYvWBiIx8Z1w/getUpdates "HTTP/1.1 200 OK"
2026-02-19 13:54:02,855 - httpx - INFO - HTTP Request: POST https://api.telegram.org/bot7966102912:AAE6lVKzQ_OCchVeODIMl3pxYvWBiIx8Z1w/getUpdates "HTTP/1.1 200 OK"
2026-02-19 13:54:13,062 - httpx - INFO - HTTP Request: POST https://api.telegram.org/bot7966102912:AAE6lVKzQ_OCchVeODIMl3pxYvWBiIx8Z1w/getUpdates "HTTP/1.1 200 OK"
2026-02-19 13:54:24,192 - httpx - INFO - HTTP Request: POST https://api.telegram.org/bot7966102912:AAE6lVKzQ_OCchVeODIMl3pxYvWBiIx8Z1w/getUpdates "HTTP/1.1 200 OK"
2026-02-19 13:54:34,918 - httpx - INFO - HTTP Request: POST https://api.telegram.org/bot7966102912:AAE6lVKzQ_OCchVeODIMl3pxYvWBiIx8Z1w/getUpdates "HTTP/1.1 200 OK"
2026-02-19 13:54:40,816 - httpx - INFO - HTTP Request: POST https://api.telegram.org/bot7966102912:AAE6lVKzQ_OCchVeODIMl3pxYvWBiIx8Z1w/getUpdates "HTTP/1.1 200 OK"
2026-02-19 13:54:45,213 - httpx - INFO - HTTP Request: POST https://api.telegram.org/bot7966102912:AAE6lVKzQ_OCchVeODIMl3pxYvWBiIx8Z1w/answerCallbackQuery "HTTP/1.1 200 OK"
2026-02-19 13:54:45,215 - __main__ - INFO - Пользователь 1796014793 нажал: daily_tasks
2026-02-19 13:54:48,269 - httpx - INFO - HTTP Request: POST https://api.telegram.org/bot7966102912:AAE6lVKzQ_OCchVeODIMl3pxYvWBiIx8Z1w/editMessageText "HTTP/1.1 200 OK"
2026-02-19 13:54:49,208 - httpx - INFO - HTTP Request: POST https://api.telegram.org/bot7966102912:AAE6lVKzQ_OCchVeODIMl3pxYvWBiIx8Z1w/getUpdates "HTTP/1.1 200 OK"
2026-02-19 13:54:49,828 - httpx - INFO - HTTP Request: POST https://api.telegram.org/bot7966102912:AAE6lVKzQ_OCchVeODIMl3pxYvWBiIx8Z1w/answerCallbackQuery "HTTP/1.1 200 OK"
2026-02-19 13:54:49,830 - __main__ - INFO - Пользователь 1796014793 нажал: back_to_main
2026-02-19 13:54:51,563 - httpx - INFO - HTTP Request: POST https://api.telegram.org/bot7966102912:AAE6lVKzQ_OCchVeODIMl3pxYvWBiIx8Z1w/editMessageText "HTTP/1.1 200 OK"
2026-02-19 13:54:56,682 - httpx - INFO - HTTP Request: POST https://api.telegram.org/bot7966102912:AAE6lVKzQ_OCchVeODIMl3pxYvWBiIx8Z1w/getUpdates "HTTP/1.1 200 OK"
2026-02-19 13:54:58,936 - httpx - INFO - HTTP Request: POST https://api.telegram.org/bot7966102912:AAE6lVKzQ_OCchVeODIMl3pxYvWBiIx8Z1w/answerCallbackQuery "HTTP/1.1 200 OK"
2026-02-19 13:54:58,938 - __main__ - INFO - Пользователь 1796014793 нажал: help
2026-02-19 13:55:00,471 - httpx - INFO - HTTP Request: POST https://api.telegram.org/bot7966102912:AAE6lVKzQ_OCchVeODIMl3pxYvWBiIx8Z1w/editMessageText "HTTP/1.1 200 OK"
2026-02-19 13:55:07,643 - httpx - INFO - HTTP Request: POST https://api.telegram.org/bot7966102912:AAE6lVKzQ_OCchVeODIMl3pxYvWBiIx8Z1w/getUpdates "HTTP/1.1 200 OK"
2026-02-19 13:55:11,633 - httpx - INFO - HTTP Request: POST https://api.telegram.org/bot7966102912:AAE6lVKzQ_OCchVeODIMl3pxYvWBiIx8Z1w/getUpdates "HTTP/1.1 200 OK"
2026-02-19 13:55:15,991 - httpx - INFO - HTTP Request: POST https://api.telegram.org/bot7966102912:AAE6lVKzQ_OCchVeODIMl3pxYvWBiIx8Z1w/answerCallbackQuery "HTTP/1.1 200 OK"
2026-02-19 13:55:15,992 - __main__ - INFO - Пользователь 1796014793 нажал: back_to_main
2026-02-19 13:55:19,253 - httpx - INFO - HTTP Request: POST https://api.telegram.org/bot7966102912:AAE6lVKzQ_OCchVeODIMl3pxYvWBiIx8Z1w/editMessageText "HTTP/1.1 200 OK"
2026-02-19 13:55:21,770 - httpx - INFO - HTTP Request: POST https://api.telegram.org/bot7966102912:AAE6lVKzQ_OCchVeODIMl3pxYvWBiIx8Z1w/getUpdates "HTTP/1.1 200 OK"
2026-02-19 13:55:32,950 - httpx - INFO - HTTP Request: POST https://api.telegram.org/bot7966102912:AAE6lVKzQ_OCchVeODIMl3pxYvWBiIx8Z1w/getUpdates "HTTP/1.1 200 OK"
2026-02-19 13:55:43,142 - httpx - INFO - HTTP Request: POST https://api.telegram.org/bot7966102912:AAE6lVKzQ_OCchVeODIMl3pxYvWBiIx8Z1w/getUpdates "HTTP/1.1 200 OK"
2026-02-19 13:55:53,832 - httpx - INFO - HTTP Request: POST https://api.telegram.org/bot7966102912:AAE6lVKzQ_OCchVeODIMl3pxYvWBiIx8Z1w/getUpdates "HTTP/1.1 200 OK"
2026-02-19 13:56:04,594 - httpx - INFO - HTTP Request: POST https://api.telegram.org/bot7966102912:AAE6lVKzQ_OCchVeODIMl3pxYvWBiIx8Z1w/getUpdates "HTTP/1.1 200 OK"
2026-02-19 13:56:14,814 - httpx - INFO - HTTP Request: POST https://api.telegram.org/bot7966102912:AAE6lVKzQ_OCchVeODIMl3pxYvWBiIx8Z1w/getUpdates "HTTP/1.1 200 OK"
2026-02-19 13:56:26,395 - httpx - INFO - HTTP Request: POST https://api.telegram.org/bot7966102912:AAE6lVKzQ_OCchVeODIMl3pxYvWBiIx8Z1w/getUpdates "HTTP/1.1 200 OK"
2026-02-19 13:56:37,446 - httpx - INFO - HTTP Request: POST https://api.telegram.org/bot7966102912:AAE6lVKzQ_OCchVeODIMl3pxYvWBiIx8Z1w/getUpdates "HTTP/1.1 200 OK"
2026-02-19 13:56:48,320 - httpx - INFO - HTTP Request: POST https://api.telegram.org/bot7966102912:AAE6lVKzQ_OCchVeODIMl3pxYvWBiIx8Z1w/getUpdates "HTTP/1.1 200 OK"
2026-02-19 13:56:58,821 - httpx - INFO - HTTP Request: POST https://api.telegram.org/bot7966102912:AAE6lVKzQ_OCchVeODIMl3pxYvWBiIx8Z1w/getUpdates "HTTP/1.1 200 OK"
2026-02-19 13:57:08,984 - httpx - INFO - HTTP Request: POST https://api.telegram.org/bot7966102912:AAE6lVKzQ_OCchVeODIMl3pxYvWBiIx8Z1w/getUpdates "HTTP/1.1 200 OK"
2026-02-19 13:57:20,109 - httpx - INFO - HTTP Request: POST https://api.telegram.org/bot7966102912:AAE6lVKzQ_OCchVeODIMl3pxYvWBiIx8Z1w/getUpdates "HTTP/1.1 200 OK"
2026-02-19 13:57:30,284 - httpx - INFO - HTTP Request: POST https://api.telegram.org/bot7966102912:AAE6lVKzQ_OCchVeODIMl3pxYvWBiIx8Z1w/getUpdates "HTTP/1.1 200 OK"
2026-02-19 13:57:41,580 - httpx - INFO - HTTP Request: POST https://api.telegram.org/bot7966102912:AAE6lVKzQ_OCchVeODIMl3pxYvWBiIx8Z1w/getUpdates "HTTP/1.1 200 OK"
2026-02-19 13:57:51,787 - httpx - INFO - HTTP Request: POST https://api.telegram.org/bot7966102912:AAE6lVKzQ_OCchVeODIMl3pxYvWBiIx8Z1w/getUpdates "HTTP/1.1 200 OK"
2026-02-19 13:58:02,643 - httpx - INFO - HTTP Request: POST https://api.telegram.org/bot7966102912:AAE6lVKzQ_OCchVeODIMl3pxYvWBiIx8Z1w/getUpdates "HTTP/1.1 200 OK"
2026-02-19 13:58:13,407 - httpx - INFO - HTTP Request: POST https://api.telegram.org/bot7966102912:AAE6lVKzQ_OCchVeODIMl3pxYvWBiIx8Z1w/getUpdates "HTTP/1.1 200 OK"
2026-02-19 13:58:24,341 - httpx - INFO - HTTP Request: POST https://api.telegram.org/bot7966102912:AAE6lVKzQ_OCchVeODIMl3pxYvWBiIx8Z1w/getUpdates "HTTP/1.1 200 OK"
2026-02-19 13:58:34,486 - httpx - INFO - HTTP Request: POST https://api.telegram.org/bot7966102912:AAE6lVKzQ_OCchVeODIMl3pxYvWBiIx8Z1w/getUpdates "HTTP/1.1 200 OK"
2026-02-19 13:58:45,446 - httpx - INFO - HTTP Request: POST https://api.telegram.org/bot7966102912:AAE6lVKzQ_OCchVeODIMl3pxYvWBiIx8Z1w/getUpdates "HTTP/1.1 200 OK"
2026-02-19 13:58:56,811 - httpx - INFO - HTTP Request: POST https://api.telegram.org/bot7966102912:AAE6lVKzQ_OCchVeODIMl3pxYvWBiIx8Z1w/getUpdates "HTTP/1.1 200 OK"
2026-02-19 13:59:06,965 - httpx - INFO - HTTP Request: POST https://api.telegram.org/bot7966102912:AAE6lVKzQ_OCchVeODIMl3pxYvWBiIx8Z1w/getUpdates "HTTP/1.1 200 OK"
2026-02-19 13:59:17,600 - httpx - INFO - HTTP Request: POST https://api.telegram.org/bot7966102912:AAE6lVKzQ_OCchVeODIMl3pxYvWBiIx8Z1w/getUpdates "HTTP/1.1 200 OK"
2026-02-19 13:59:28,351 - httpx - INFO - HTTP Request: POST https://api.telegram.org/bot7966102912:AAE6lVKzQ_OCchVeODIMl3pxYvWBiIx8Z1w/getUpdates "HTTP/1.1 200 OK"
2026-02-19 13:59:39,121 - httpx - INFO - HTTP Request: POST https://api.telegram.org/bot7966102912:AAE6lVKzQ_OCchVeODIMl3pxYvWBiIx8Z1w/getUpdates "HTTP/1.1 200 OK"
2026-02-19 13:59:49,856 - httpx - INFO - HTTP Request: POST https://api.telegram.org/bot7966102912:AAE6lVKzQ_OCchVeODIMl3pxYvWBiIx8Z1w/getUpdates "HTTP/1.1 200 OK"
2026-02-19 14:00:00,300 - httpx - INFO - HTTP Request: POST https://api.telegram.org/bot7966102912:AAE6lVKzQ_OCchVeODIMl3pxYvWBiIx8Z1w/getUpdates "HTTP/1.1 200 OK"
2026-02-19 14:00:10,540 - httpx - INFO - HTTP Request: POST https://api.telegram.org/bot7966102912:AAE6lVKzQ_OCchVeODIMl3pxYvWBiIx8Z1w/getUpdates "HTTP/1.1 200 OK"
2026-02-19 14:00:21,568 - httpx - INFO - HTTP Request: POST https://api.telegram.org/bot7966102912:AAE6lVKzQ_OCchVeODIMl3pxYvWBiIx8Z1w/getUpdates "HTTP/1.1 200 OK"
2026-02-19 14:00:32,044 - httpx - INFO - HTTP Request: POST https://api.telegram.org/bot7966102912:AAE6lVKzQ_OCchVeODIMl3pxYvWBiIx8Z1w/getUpdates "HTTP/1.1 200 OK"
2026-02-19 14:00:42,208 - httpx - INFO - HTTP Request: POST https://api.telegram.org/bot7966102912:AAE6lVKzQ_OCchVeODIMl3pxYvWBiIx8Z1w/getUpdates "HTTP/1.1 200 OK"
2026-02-19 14:00:52,853 - httpx - INFO - HTTP Request: POST https://api.telegram.org/bot7966102912:AAE6lVKzQ_OCchVeODIMl3pxYvWBiIx8Z1w/getUpdates "HTTP/1.1 200 OK"
2026-02-19 14:01:03,805 - httpx - INFO - HTTP Request: POST https://api.telegram.org/bot7966102912:AAE6lVKzQ_OCchVeODIMl3pxYvWBiIx8Z1w/getUpdates "HTTP/1.1 200 OK"
2026-02-19 14:01:14,879 - httpx - INFO - HTTP Request: POST https://api.telegram.org/bot7966102912:AAE6lVKzQ_OCchVeODIMl3pxYvWBiIx8Z1w/getUpdates "HTTP/1.1 200 OK"
2026-02-19 14:01:25,652 - httpx - INFO - HTTP Request: POST https://api.telegram.org/bot7966102912:AAE6lVKzQ_OCchVeODIMl3pxYvWBiIx8Z1w/getUpdates "HTTP/1.1 200 OK"
2026-02-19 14:01:36,255 - httpx - INFO - HTTP Request: POST https://api.telegram.org/bot7966102912:AAE6lVKzQ_OCchVeODIMl3pxYvWBiIx8Z1w/getUpdates "HTTP/1.1 200 OK"
2026-02-19 14:01:46,491 - httpx - INFO - HTTP Request: POST https://api.telegram.org/bot7966102912:AAE6lVKzQ_OCchVeODIMl3pxYvWBiIx8Z1w/getUpdates "HTTP/1.1 200 OK"
2026-02-19 14:01:57,759 - httpx - INFO - HTTP Request: POST https://api.telegram.org/bot7966102912:AAE6lVKzQ_OCchVeODIMl3pxYvWBiIx8Z1w/getUpdates "HTTP/1.1 200 OK"
2026-02-19 14:02:07,961 - httpx - INFO - HTTP Request: POST https://api.telegram.org/bot7966102912:AAE6lVKzQ_OCchVeODIMl3pxYvWBiIx8Z1w/getUpdates "HTTP/1.1 200 OK"
2026-02-19 14:02:18,511 - httpx - INFO - HTTP Request: POST https://api.telegram.org/bot7966102912:AAE6lVKzQ_OCchVeODIMl3pxYvWBiIx8Z1w/getUpdates "HTTP/1.1 200 OK"
2026-02-19 14:02:29,189 - httpx - INFO - HTTP Request: POST https://api.telegram.org/bot7966102912:AAE6lVKzQ_OCchVeODIMl3pxYvWBiIx8Z1w/getUpdates "HTTP/1.1 200 OK"
2026-02-19 14:02:39,941 - httpx - INFO - HTTP Request: POST https://api.telegram.org/bot7966102912:AAE6lVKzQ_OCchVeODIMl3pxYvWBiIx8Z1w/getUpdates "HTTP/1.1 200 OK"
2026-02-19 14:02:50,090 - httpx - INFO - HTTP Request: POST https://api.telegram.org/bot7966102912:AAE6lVKzQ_OCchVeODIMl3pxYvWBiIx8Z1w/getUpdates "HTTP/1.1 200 OK"
2026-02-19 14:03:00,832 - httpx - INFO - HTTP Request: POST https://api.telegram.org/bot7966102912:AAE6lVKzQ_OCchVeODIMl3pxYvWBiIx8Z1w/getUpdates "HTTP/1.1 200 OK"
2026-02-19 14:03:12,064 - httpx - INFO - HTTP Request: POST https://api.telegram.org/bot7966102912:AAE6lVKzQ_OCchVeODIMl3pxYvWBiIx8Z1w/getUpdates "HTTP/1.1 200 OK"
2026-02-19 14:03:22,439 - httpx - INFO - HTTP Request: POST https://api.telegram.org/bot7966102912:AAE6lVKzQ_OCchVeODIMl3pxYvWBiIx8Z1w/getUpdates "HTTP/1.1 200 OK"
2026-02-19 14:03:33,192 - httpx - INFO - HTTP Request: POST https://api.telegram.org/bot7966102912:AAE6lVKzQ_OCchVeODIMl3pxYvWBiIx8Z1w/getUpdates "HTTP/1.1 200 OK"
2026-02-19 14:03:43,944 - httpx - INFO - HTTP Request: POST https://api.telegram.org/bot7966102912:AAE6lVKzQ_OCchVeODIMl3pxYvWBiIx8Z1w/getUpdates "HTTP/1.1 200 OK"
2026-02-19 14:04:00,967 - telegram.ext.Updater - ERROR - Error while getting Updates: httpx.ConnectError: [Errno 11001] getaddrinfo failed
2026-02-19 14:04:00,968 - telegram.ext.Application - ERROR - No error handlers are registered, logging exception.
Traceback (most recent call last):
  File "C:\Users\user\PycharmProjects\LearnLang_TMA\venv\lib\python3.13\site-packages\httpcore\_exceptions.py", line 10, in map_exceptions
    yield
  File "C:\Users\user\PycharmProjects\LearnLang_TMA\venv\lib\python3.13\site-packages\httpcore\_backends\anyio.py", line 114, in connect_tcp
    stream: anyio.abc.ByteStream = await anyio.connect_tcp(
                                   ^^^^^^^^^^^^^^^^^^^^^^^^
    ...<3 lines>...
    )
    ^
  File "C:\Users\user\PycharmProjects\LearnLang_TMA\venv\lib\python3.13\site-packages\anyio\_core\_sockets.py", line 215, in connect_tcp
    gai_res = await getaddrinfo(
              ^^^^^^^^^^^^^^^^^^
        target_host, remote_port, family=family, type=socket.SOCK_STREAM
        ^^^^^^^^^^^^^^^^^^^^^^^^^^^^^^^^^^^^^^^^^^^^^^^^^^^^^^^^^^^^^^^^
    )
    ^
  File "C:\Users\user\PycharmProjects\LearnLang_TMA\venv\lib\python3.13\site-packages\anyio\_core\_sockets.py", line 649, in getaddrinfo
    gai_res = await get_async_backend().getaddrinfo(
              ^^^^^^^^^^^^^^^^^^^^^^^^^^^^^^^^^^^^^^
        encoded_host, port, family=family, type=type, proto=proto, flags=flags
        ^^^^^^^^^^^^^^^^^^^^^^^^^^^^^^^^^^^^^^^^^^^^^^^^^^^^^^^^^^^^^^^^^^^^^^
    )
    ^
  File "C:\Users\user\PycharmProjects\LearnLang_TMA\venv\lib\python3.13\site-packages\anyio\_backends\_asyncio.py", line 2732, in getaddrinfo
    return await get_running_loop().getaddrinfo(
           ^^^^^^^^^^^^^^^^^^^^^^^^^^^^^^^^^^^^^
        host, port, family=family, type=type, proto=proto, flags=flags
        ^^^^^^^^^^^^^^^^^^^^^^^^^^^^^^^^^^^^^^^^^^^^^^^^^^^^^^^^^^^^^^
    )
    ^
  File "A:\msys64\ucrt64\lib\python3.13\asyncio\base_events.py", line 939, in getaddrinfo
    return await self.run_in_executor(
           ^^^^^^^^^^^^^^^^^^^^^^^^^^^
        None, getaddr_func, host, port, family, type, proto, flags)
        ^^^^^^^^^^^^^^^^^^^^^^^^^^^^^^^^^^^^^^^^^^^^^^^^^^^^^^^^^^^
  File "A:\msys64\ucrt64\lib\python3.13\concurrent\futures\thread.py", line 59, in run
    result = self.fn(*self.args, **self.kwargs)
  File "A:\msys64\ucrt64\lib\python3.13\socket.py", line 977, in getaddrinfo
    for res in _socket.getaddrinfo(host, port, family, type, proto, flags):
               ~~~~~~~~~~~~~~~~~~~^^^^^^^^^^^^^^^^^^^^^^^^^^^^^^^^^^^^^^^^
socket.gaierror: [Errno 11001] getaddrinfo failed

The above exception was the direct cause of the following exception:

Traceback (most recent call last):
  File "C:\Users\user\PycharmProjects\LearnLang_TMA\venv\lib\python3.13\site-packages\httpx\_transports\default.py", line 60, in map_httpcore_exceptions
    yield
  File "C:\Users\user\PycharmProjects\LearnLang_TMA\venv\lib\python3.13\site-packages\httpx\_transports\default.py", line 353, in handle_async_request
    resp = await self._pool.handle_async_request(req)
           ^^^^^^^^^^^^^^^^^^^^^^^^^^^^^^^^^^^^^^^^^^
  File "C:\Users\user\PycharmProjects\LearnLang_TMA\venv\lib\python3.13\site-packages\httpcore\_async\connection_pool.py", line 262, in handle_async_request
    raise exc
  File "C:\Users\user\PycharmProjects\LearnLang_TMA\venv\lib\python3.13\site-packages\httpcore\_async\connection_pool.py", line 245, in handle_async_request
    response = await connection.handle_async_request(request)
               ^^^^^^^^^^^^^^^^^^^^^^^^^^^^^^^^^^^^^^^^^^^^^^
  File "C:\Users\user\PycharmProjects\LearnLang_TMA\venv\lib\python3.13\site-packages\httpcore\_async\connection.py", line 92, in handle_async_request
    raise exc
  File "C:\Users\user\PycharmProjects\LearnLang_TMA\venv\lib\python3.13\site-packages\httpcore\_async\connection.py", line 69, in handle_async_request
    stream = await self._connect(request)
             ^^^^^^^^^^^^^^^^^^^^^^^^^^^^
  File "C:\Users\user\PycharmProjects\LearnLang_TMA\venv\lib\python3.13\site-packages\httpcore\_async\connection.py", line 117, in _connect
    stream = await self._network_backend.connect_tcp(**kwargs)
             ^^^^^^^^^^^^^^^^^^^^^^^^^^^^^^^^^^^^^^^^^^^^^^^^^
  File "C:\Users\user\PycharmProjects\LearnLang_TMA\venv\lib\python3.13\site-packages\httpcore\_backends\auto.py", line 31, in connect_tcp
    return await self._backend.connect_tcp(
           ^^^^^^^^^^^^^^^^^^^^^^^^^^^^^^^^
    ...<5 lines>...
    )
    ^
  File "C:\Users\user\PycharmProjects\LearnLang_TMA\venv\lib\python3.13\site-packages\httpcore\_backends\anyio.py", line 112, in connect_tcp
    with map_exceptions(exc_map):
         ~~~~~~~~~~~~~~^^^^^^^^^
  File "A:\msys64\ucrt64\lib\python3.13\contextlib.py", line 162, in __exit__
    self.gen.throw(value)
    ~~~~~~~~~~~~~~^^^^^^^
  File "C:\Users\user\PycharmProjects\LearnLang_TMA\venv\lib\python3.13\site-packages\httpcore\_exceptions.py", line 14, in map_exceptions
    raise to_exc(exc) from exc
httpcore.ConnectError: [Errno 11001] getaddrinfo failed

The above exception was the direct cause of the following exception:

Traceback (most recent call last):
  File "C:\Users\user\PycharmProjects\LearnLang_TMA\venv\lib\python3.13\site-packages\telegram\request\_httpxrequest.py", line 216, in do_request
    res = await self._client.request(
          ^^^^^^^^^^^^^^^^^^^^^^^^^^^
    ...<6 lines>...
    )
    ^
  File "C:\Users\user\PycharmProjects\LearnLang_TMA\venv\lib\python3.13\site-packages\httpx\_client.py", line 1530, in request
    return await self.send(request, auth=auth, follow_redirects=follow_redirects)
           ^^^^^^^^^^^^^^^^^^^^^^^^^^^^^^^^^^^^^^^^^^^^^^^^^^^^^^^^^^^^^^^^^^^^^^
  File "C:\Users\user\PycharmProjects\LearnLang_TMA\venv\lib\python3.13\site-packages\httpx\_client.py", line 1617, in send
    response = await self._send_handling_auth(
               ^^^^^^^^^^^^^^^^^^^^^^^^^^^^^^^
    ...<4 lines>...
    )
    ^
  File "C:\Users\user\PycharmProjects\LearnLang_TMA\venv\lib\python3.13\site-packages\httpx\_client.py", line 1645, in _send_handling_auth
    response = await self._send_handling_redirects(
               ^^^^^^^^^^^^^^^^^^^^^^^^^^^^^^^^^^^^
    ...<3 lines>...
    )
    ^
  File "C:\Users\user\PycharmProjects\LearnLang_TMA\venv\lib\python3.13\site-packages\httpx\_client.py", line 1682, in _send_handling_redirects
    response = await self._send_single_request(request)
               ^^^^^^^^^^^^^^^^^^^^^^^^^^^^^^^^^^^^^^^^
  File "C:\Users\user\PycharmProjects\LearnLang_TMA\venv\lib\python3.13\site-packages\httpx\_client.py", line 1719, in _send_single_request
    response = await transport.handle_async_request(request)
               ^^^^^^^^^^^^^^^^^^^^^^^^^^^^^^^^^^^^^^^^^^^^^
  File "C:\Users\user\PycharmProjects\LearnLang_TMA\venv\lib\python3.13\site-packages\httpx\_transports\default.py", line 352, in handle_async_request
    with map_httpcore_exceptions():
         ~~~~~~~~~~~~~~~~~~~~~~~^^
  File "A:\msys64\ucrt64\lib\python3.13\contextlib.py", line 162, in __exit__
    self.gen.throw(value)
    ~~~~~~~~~~~~~~^^^^^^^
  File "C:\Users\user\PycharmProjects\LearnLang_TMA\venv\lib\python3.13\site-packages\httpx\_transports\default.py", line 77, in map_httpcore_exceptions
    raise mapped_exc(message) from exc
httpx.ConnectError: [Errno 11001] getaddrinfo failed

The above exception was the direct cause of the following exception:

Traceback (most recent call last):
  File "C:\Users\user\PycharmProjects\LearnLang_TMA\venv\lib\python3.13\site-packages\telegram\ext\_updater.py", line 607, in _network_loop_retry
    if not await action_cb():
           ^^^^^^^^^^^^^^^^^
  File "C:\Users\user\PycharmProjects\LearnLang_TMA\venv\lib\python3.13\site-packages\telegram\ext\_updater.py", line 335, in polling_action_cb
    raise exc
  File "C:\Users\user\PycharmProjects\LearnLang_TMA\venv\lib\python3.13\site-packages\telegram\ext\_updater.py", line 320, in polling_action_cb
    updates = await self.bot.get_updates(
              ^^^^^^^^^^^^^^^^^^^^^^^^^^^
    ...<7 lines>...
    )
    ^
  File "C:\Users\user\PycharmProjects\LearnLang_TMA\venv\lib\python3.13\site-packages\telegram\ext\_extbot.py", line 543, in get_updates
    updates = await super().get_updates(
              ^^^^^^^^^^^^^^^^^^^^^^^^^^
    ...<9 lines>...
    )
    ^
  File "C:\Users\user\PycharmProjects\LearnLang_TMA\venv\lib\python3.13\site-packages\telegram\_bot.py", line 381, in decorator
    result = await func(self, *args, **kwargs)  # skipcq: PYL-E1102
             ^^^^^^^^^^^^^^^^^^^^^^^^^^^^^^^^^
  File "C:\Users\user\PycharmProjects\LearnLang_TMA\venv\lib\python3.13\site-packages\telegram\_bot.py", line 3661, in get_updates
    await self._post(
    ^^^^^^^^^^^^^^^^^
    ...<7 lines>...
    ),
    ^
  File "C:\Users\user\PycharmProjects\LearnLang_TMA\venv\lib\python3.13\site-packages\telegram\_bot.py", line 469, in _post
    return await self._do_post(
           ^^^^^^^^^^^^^^^^^^^^
    ...<6 lines>...
    )
    ^
  File "C:\Users\user\PycharmProjects\LearnLang_TMA\venv\lib\python3.13\site-packages\telegram\ext\_extbot.py", line 325, in _do_post
    return await super()._do_post(
           ^^^^^^^^^^^^^^^^^^^^^^^
    ...<6 lines>...
    )
    ^
  File "C:\Users\user\PycharmProjects\LearnLang_TMA\venv\lib\python3.13\site-packages\telegram\_bot.py", line 497, in _do_post
    return await request.post(
           ^^^^^^^^^^^^^^^^^^^
    ...<6 lines>...
    )
    ^
  File "C:\Users\user\PycharmProjects\LearnLang_TMA\venv\lib\python3.13\site-packages\telegram\request\_baserequest.py", line 168, in post
    result = await self._request_wrapper(
             ^^^^^^^^^^^^^^^^^^^^^^^^^^^^
    ...<7 lines>...
    )
    ^
  File "C:\Users\user\PycharmProjects\LearnLang_TMA\venv\lib\python3.13\site-packages\telegram\request\_baserequest.py", line 291, in _request_wrapper
    raise exc
  File "C:\Users\user\PycharmProjects\LearnLang_TMA\venv\lib\python3.13\site-packages\telegram\request\_baserequest.py", line 277, in _request_wrapper
    code, payload = await self.do_request(
                    ^^^^^^^^^^^^^^^^^^^^^^
    ...<7 lines>...
    )
    ^
  File "C:\Users\user\PycharmProjects\LearnLang_TMA\venv\lib\python3.13\site-packages\telegram\request\_httpxrequest.py", line 240, in do_request
    raise NetworkError(f"httpx.{err.__class__.__name__}: {err}") from err
telegram.error.NetworkError: httpx.ConnectError: [Errno 11001] getaddrinfo failed
2026-02-19 14:04:01,980 - telegram.ext.Updater - ERROR - Error while getting Updates: httpx.ConnectError: [Errno 11001] getaddrinfo failed
2026-02-19 14:04:01,981 - telegram.ext.Application - ERROR - No error handlers are registered, logging exception.
Traceback (most recent call last):
  File "C:\Users\user\PycharmProjects\LearnLang_TMA\venv\lib\python3.13\site-packages\httpcore\_exceptions.py", line 10, in map_exceptions
    yield
  File "C:\Users\user\PycharmProjects\LearnLang_TMA\venv\lib\python3.13\site-packages\httpcore\_backends\anyio.py", line 114, in connect_tcp
    stream: anyio.abc.ByteStream = await anyio.connect_tcp(
                                   ^^^^^^^^^^^^^^^^^^^^^^^^
    ...<3 lines>...
    )
    ^
  File "C:\Users\user\PycharmProjects\LearnLang_TMA\venv\lib\python3.13\site-packages\anyio\_core\_sockets.py", line 215, in connect_tcp
    gai_res = await getaddrinfo(
              ^^^^^^^^^^^^^^^^^^
        target_host, remote_port, family=family, type=socket.SOCK_STREAM
        ^^^^^^^^^^^^^^^^^^^^^^^^^^^^^^^^^^^^^^^^^^^^^^^^^^^^^^^^^^^^^^^^
    )
    ^
  File "C:\Users\user\PycharmProjects\LearnLang_TMA\venv\lib\python3.13\site-packages\anyio\_core\_sockets.py", line 649, in getaddrinfo
    gai_res = await get_async_backend().getaddrinfo(
              ^^^^^^^^^^^^^^^^^^^^^^^^^^^^^^^^^^^^^^
        encoded_host, port, family=family, type=type, proto=proto, flags=flags
        ^^^^^^^^^^^^^^^^^^^^^^^^^^^^^^^^^^^^^^^^^^^^^^^^^^^^^^^^^^^^^^^^^^^^^^
    )
    ^
  File "C:\Users\user\PycharmProjects\LearnLang_TMA\venv\lib\python3.13\site-packages\anyio\_backends\_asyncio.py", line 2732, in getaddrinfo
    return await get_running_loop().getaddrinfo(
           ^^^^^^^^^^^^^^^^^^^^^^^^^^^^^^^^^^^^^
        host, port, family=family, type=type, proto=proto, flags=flags
        ^^^^^^^^^^^^^^^^^^^^^^^^^^^^^^^^^^^^^^^^^^^^^^^^^^^^^^^^^^^^^^
    )
    ^
  File "A:\msys64\ucrt64\lib\python3.13\asyncio\base_events.py", line 939, in getaddrinfo
    return await self.run_in_executor(
           ^^^^^^^^^^^^^^^^^^^^^^^^^^^
        None, getaddr_func, host, port, family, type, proto, flags)
        ^^^^^^^^^^^^^^^^^^^^^^^^^^^^^^^^^^^^^^^^^^^^^^^^^^^^^^^^^^^
  File "A:\msys64\ucrt64\lib\python3.13\concurrent\futures\thread.py", line 59, in run
    result = self.fn(*self.args, **self.kwargs)
  File "A:\msys64\ucrt64\lib\python3.13\socket.py", line 977, in getaddrinfo
    for res in _socket.getaddrinfo(host, port, family, type, proto, flags):
               ~~~~~~~~~~~~~~~~~~~^^^^^^^^^^^^^^^^^^^^^^^^^^^^^^^^^^^^^^^^
socket.gaierror: [Errno 11001] getaddrinfo failed

The above exception was the direct cause of the following exception:

Traceback (most recent call last):
  File "C:\Users\user\PycharmProjects\LearnLang_TMA\venv\lib\python3.13\site-packages\httpx\_transports\default.py", line 60, in map_httpcore_exceptions
    yield
  File "C:\Users\user\PycharmProjects\LearnLang_TMA\venv\lib\python3.13\site-packages\httpx\_transports\default.py", line 353, in handle_async_request
    resp = await self._pool.handle_async_request(req)
           ^^^^^^^^^^^^^^^^^^^^^^^^^^^^^^^^^^^^^^^^^^
  File "C:\Users\user\PycharmProjects\LearnLang_TMA\venv\lib\python3.13\site-packages\httpcore\_async\connection_pool.py", line 262, in handle_async_request
    raise exc
  File "C:\Users\user\PycharmProjects\LearnLang_TMA\venv\lib\python3.13\site-packages\httpcore\_async\connection_pool.py", line 245, in handle_async_request
    response = await connection.handle_async_request(request)
               ^^^^^^^^^^^^^^^^^^^^^^^^^^^^^^^^^^^^^^^^^^^^^^
  File "C:\Users\user\PycharmProjects\LearnLang_TMA\venv\lib\python3.13\site-packages\httpcore\_async\connection.py", line 92, in handle_async_request
    raise exc
  File "C:\Users\user\PycharmProjects\LearnLang_TMA\venv\lib\python3.13\site-packages\httpcore\_async\connection.py", line 69, in handle_async_request
    stream = await self._connect(request)
             ^^^^^^^^^^^^^^^^^^^^^^^^^^^^
  File "C:\Users\user\PycharmProjects\LearnLang_TMA\venv\lib\python3.13\site-packages\httpcore\_async\connection.py", line 117, in _connect
    stream = await self._network_backend.connect_tcp(**kwargs)
             ^^^^^^^^^^^^^^^^^^^^^^^^^^^^^^^^^^^^^^^^^^^^^^^^^
  File "C:\Users\user\PycharmProjects\LearnLang_TMA\venv\lib\python3.13\site-packages\httpcore\_backends\auto.py", line 31, in connect_tcp
    return await self._backend.connect_tcp(
           ^^^^^^^^^^^^^^^^^^^^^^^^^^^^^^^^
    ...<5 lines>...
    )
    ^
  File "C:\Users\user\PycharmProjects\LearnLang_TMA\venv\lib\python3.13\site-packages\httpcore\_backends\anyio.py", line 112, in connect_tcp
    with map_exceptions(exc_map):
         ~~~~~~~~~~~~~~^^^^^^^^^
  File "A:\msys64\ucrt64\lib\python3.13\contextlib.py", line 162, in __exit__
    self.gen.throw(value)
    ~~~~~~~~~~~~~~^^^^^^^
  File "C:\Users\user\PycharmProjects\LearnLang_TMA\venv\lib\python3.13\site-packages\httpcore\_exceptions.py", line 14, in map_exceptions
    raise to_exc(exc) from exc
httpcore.ConnectError: [Errno 11001] getaddrinfo failed

The above exception was the direct cause of the following exception:

Traceback (most recent call last):
  File "C:\Users\user\PycharmProjects\LearnLang_TMA\venv\lib\python3.13\site-packages\telegram\request\_httpxrequest.py", line 216, in do_request
    res = await self._client.request(
          ^^^^^^^^^^^^^^^^^^^^^^^^^^^
    ...<6 lines>...
    )
    ^
  File "C:\Users\user\PycharmProjects\LearnLang_TMA\venv\lib\python3.13\site-packages\httpx\_client.py", line 1530, in request
    return await self.send(request, auth=auth, follow_redirects=follow_redirects)
           ^^^^^^^^^^^^^^^^^^^^^^^^^^^^^^^^^^^^^^^^^^^^^^^^^^^^^^^^^^^^^^^^^^^^^^
  File "C:\Users\user\PycharmProjects\LearnLang_TMA\venv\lib\python3.13\site-packages\httpx\_client.py", line 1617, in send
    response = await self._send_handling_auth(
               ^^^^^^^^^^^^^^^^^^^^^^^^^^^^^^^
    ...<4 lines>...
    )
    ^
  File "C:\Users\user\PycharmProjects\LearnLang_TMA\venv\lib\python3.13\site-packages\httpx\_client.py", line 1645, in _send_handling_auth
    response = await self._send_handling_redirects(
               ^^^^^^^^^^^^^^^^^^^^^^^^^^^^^^^^^^^^
    ...<3 lines>...
    )
    ^
  File "C:\Users\user\PycharmProjects\LearnLang_TMA\venv\lib\python3.13\site-packages\httpx\_client.py", line 1682, in _send_handling_redirects
    response = await self._send_single_request(request)
               ^^^^^^^^^^^^^^^^^^^^^^^^^^^^^^^^^^^^^^^^
  File "C:\Users\user\PycharmProjects\LearnLang_TMA\venv\lib\python3.13\site-packages\httpx\_client.py", line 1719, in _send_single_request
    response = await transport.handle_async_request(request)
               ^^^^^^^^^^^^^^^^^^^^^^^^^^^^^^^^^^^^^^^^^^^^^
  File "C:\Users\user\PycharmProjects\LearnLang_TMA\venv\lib\python3.13\site-packages\httpx\_transports\default.py", line 352, in handle_async_request
    with map_httpcore_exceptions():
         ~~~~~~~~~~~~~~~~~~~~~~~^^
  File "A:\msys64\ucrt64\lib\python3.13\contextlib.py", line 162, in __exit__
    self.gen.throw(value)
    ~~~~~~~~~~~~~~^^^^^^^
  File "C:\Users\user\PycharmProjects\LearnLang_TMA\venv\lib\python3.13\site-packages\httpx\_transports\default.py", line 77, in map_httpcore_exceptions
    raise mapped_exc(message) from exc
httpx.ConnectError: [Errno 11001] getaddrinfo failed

The above exception was the direct cause of the following exception:

Traceback (most recent call last):
  File "C:\Users\user\PycharmProjects\LearnLang_TMA\venv\lib\python3.13\site-packages\telegram\ext\_updater.py", line 607, in _network_loop_retry
    if not await action_cb():
           ^^^^^^^^^^^^^^^^^
  File "C:\Users\user\PycharmProjects\LearnLang_TMA\venv\lib\python3.13\site-packages\telegram\ext\_updater.py", line 335, in polling_action_cb
    raise exc
  File "C:\Users\user\PycharmProjects\LearnLang_TMA\venv\lib\python3.13\site-packages\telegram\ext\_updater.py", line 320, in polling_action_cb
    updates = await self.bot.get_updates(
              ^^^^^^^^^^^^^^^^^^^^^^^^^^^
    ...<7 lines>...
    )
    ^
  File "C:\Users\user\PycharmProjects\LearnLang_TMA\venv\lib\python3.13\site-packages\telegram\ext\_extbot.py", line 543, in get_updates
    updates = await super().get_updates(
              ^^^^^^^^^^^^^^^^^^^^^^^^^^
    ...<9 lines>...
    )
    ^
  File "C:\Users\user\PycharmProjects\LearnLang_TMA\venv\lib\python3.13\site-packages\telegram\_bot.py", line 381, in decorator
    result = await func(self, *args, **kwargs)  # skipcq: PYL-E1102
             ^^^^^^^^^^^^^^^^^^^^^^^^^^^^^^^^^
  File "C:\Users\user\PycharmProjects\LearnLang_TMA\venv\lib\python3.13\site-packages\telegram\_bot.py", line 3661, in get_updates
    await self._post(
    ^^^^^^^^^^^^^^^^^
    ...<7 lines>...
    ),
    ^
  File "C:\Users\user\PycharmProjects\LearnLang_TMA\venv\lib\python3.13\site-packages\telegram\_bot.py", line 469, in _post
    return await self._do_post(
           ^^^^^^^^^^^^^^^^^^^^
    ...<6 lines>...
    )
    ^
  File "C:\Users\user\PycharmProjects\LearnLang_TMA\venv\lib\python3.13\site-packages\telegram\ext\_extbot.py", line 325, in _do_post
    return await super()._do_post(
           ^^^^^^^^^^^^^^^^^^^^^^^
    ...<6 lines>...
    )
    ^
  File "C:\Users\user\PycharmProjects\LearnLang_TMA\venv\lib\python3.13\site-packages\telegram\_bot.py", line 497, in _do_post
    return await request.post(
           ^^^^^^^^^^^^^^^^^^^
    ...<6 lines>...
    )
    ^
  File "C:\Users\user\PycharmProjects\LearnLang_TMA\venv\lib\python3.13\site-packages\telegram\request\_baserequest.py", line 168, in post
    result = await self._request_wrapper(
             ^^^^^^^^^^^^^^^^^^^^^^^^^^^^
    ...<7 lines>...
    )
    ^
  File "C:\Users\user\PycharmProjects\LearnLang_TMA\venv\lib\python3.13\site-packages\telegram\request\_baserequest.py", line 291, in _request_wrapper
    raise exc
  File "C:\Users\user\PycharmProjects\LearnLang_TMA\venv\lib\python3.13\site-packages\telegram\request\_baserequest.py", line 277, in _request_wrapper
    code, payload = await self.do_request(
                    ^^^^^^^^^^^^^^^^^^^^^^
    ...<7 lines>...
    )
    ^
  File "C:\Users\user\PycharmProjects\LearnLang_TMA\venv\lib\python3.13\site-packages\telegram\request\_httpxrequest.py", line 240, in do_request
    raise NetworkError(f"httpx.{err.__class__.__name__}: {err}") from err
telegram.error.NetworkError: httpx.ConnectError: [Errno 11001] getaddrinfo failed
2026-02-19 14:04:03,487 - telegram.ext.Updater - ERROR - Error while getting Updates: httpx.ConnectError: [Errno 11001] getaddrinfo failed
2026-02-19 14:04:03,488 - telegram.ext.Application - ERROR - No error handlers are registered, logging exception.
Traceback (most recent call last):
  File "C:\Users\user\PycharmProjects\LearnLang_TMA\venv\lib\python3.13\site-packages\httpcore\_exceptions.py", line 10, in map_exceptions
    yield
  File "C:\Users\user\PycharmProjects\LearnLang_TMA\venv\lib\python3.13\site-packages\httpcore\_backends\anyio.py", line 114, in connect_tcp
    stream: anyio.abc.ByteStream = await anyio.connect_tcp(
                                   ^^^^^^^^^^^^^^^^^^^^^^^^
    ...<3 lines>...
    )
    ^
  File "C:\Users\user\PycharmProjects\LearnLang_TMA\venv\lib\python3.13\site-packages\anyio\_core\_sockets.py", line 215, in connect_tcp
    gai_res = await getaddrinfo(
              ^^^^^^^^^^^^^^^^^^
        target_host, remote_port, family=family, type=socket.SOCK_STREAM
        ^^^^^^^^^^^^^^^^^^^^^^^^^^^^^^^^^^^^^^^^^^^^^^^^^^^^^^^^^^^^^^^^
    )
    ^
  File "C:\Users\user\PycharmProjects\LearnLang_TMA\venv\lib\python3.13\site-packages\anyio\_core\_sockets.py", line 649, in getaddrinfo
    gai_res = await get_async_backend().getaddrinfo(
              ^^^^^^^^^^^^^^^^^^^^^^^^^^^^^^^^^^^^^^
        encoded_host, port, family=family, type=type, proto=proto, flags=flags
        ^^^^^^^^^^^^^^^^^^^^^^^^^^^^^^^^^^^^^^^^^^^^^^^^^^^^^^^^^^^^^^^^^^^^^^
    )
    ^
  File "C:\Users\user\PycharmProjects\LearnLang_TMA\venv\lib\python3.13\site-packages\anyio\_backends\_asyncio.py", line 2732, in getaddrinfo
    return await get_running_loop().getaddrinfo(
           ^^^^^^^^^^^^^^^^^^^^^^^^^^^^^^^^^^^^^
        host, port, family=family, type=type, proto=proto, flags=flags
        ^^^^^^^^^^^^^^^^^^^^^^^^^^^^^^^^^^^^^^^^^^^^^^^^^^^^^^^^^^^^^^
    )
    ^
  File "A:\msys64\ucrt64\lib\python3.13\asyncio\base_events.py", line 939, in getaddrinfo
    return await self.run_in_executor(
           ^^^^^^^^^^^^^^^^^^^^^^^^^^^
        None, getaddr_func, host, port, family, type, proto, flags)
        ^^^^^^^^^^^^^^^^^^^^^^^^^^^^^^^^^^^^^^^^^^^^^^^^^^^^^^^^^^^
  File "A:\msys64\ucrt64\lib\python3.13\concurrent\futures\thread.py", line 59, in run
    result = self.fn(*self.args, **self.kwargs)
  File "A:\msys64\ucrt64\lib\python3.13\socket.py", line 977, in getaddrinfo
    for res in _socket.getaddrinfo(host, port, family, type, proto, flags):
               ~~~~~~~~~~~~~~~~~~~^^^^^^^^^^^^^^^^^^^^^^^^^^^^^^^^^^^^^^^^
socket.gaierror: [Errno 11001] getaddrinfo failed

The above exception was the direct cause of the following exception:

Traceback (most recent call last):
  File "C:\Users\user\PycharmProjects\LearnLang_TMA\venv\lib\python3.13\site-packages\httpx\_transports\default.py", line 60, in map_httpcore_exceptions
    yield
  File "C:\Users\user\PycharmProjects\LearnLang_TMA\venv\lib\python3.13\site-packages\httpx\_transports\default.py", line 353, in handle_async_request
    resp = await self._pool.handle_async_request(req)
           ^^^^^^^^^^^^^^^^^^^^^^^^^^^^^^^^^^^^^^^^^^
  File "C:\Users\user\PycharmProjects\LearnLang_TMA\venv\lib\python3.13\site-packages\httpcore\_async\connection_pool.py", line 262, in handle_async_request
    raise exc
  File "C:\Users\user\PycharmProjects\LearnLang_TMA\venv\lib\python3.13\site-packages\httpcore\_async\connection_pool.py", line 245, in handle_async_request
    response = await connection.handle_async_request(request)
               ^^^^^^^^^^^^^^^^^^^^^^^^^^^^^^^^^^^^^^^^^^^^^^
  File "C:\Users\user\PycharmProjects\LearnLang_TMA\venv\lib\python3.13\site-packages\httpcore\_async\connection.py", line 92, in handle_async_request
    raise exc
  File "C:\Users\user\PycharmProjects\LearnLang_TMA\venv\lib\python3.13\site-packages\httpcore\_async\connection.py", line 69, in handle_async_request
    stream = await self._connect(request)
             ^^^^^^^^^^^^^^^^^^^^^^^^^^^^
  File "C:\Users\user\PycharmProjects\LearnLang_TMA\venv\lib\python3.13\site-packages\httpcore\_async\connection.py", line 117, in _connect
    stream = await self._network_backend.connect_tcp(**kwargs)
             ^^^^^^^^^^^^^^^^^^^^^^^^^^^^^^^^^^^^^^^^^^^^^^^^^
  File "C:\Users\user\PycharmProjects\LearnLang_TMA\venv\lib\python3.13\site-packages\httpcore\_backends\auto.py", line 31, in connect_tcp
    return await self._backend.connect_tcp(
           ^^^^^^^^^^^^^^^^^^^^^^^^^^^^^^^^
    ...<5 lines>...
    )
    ^
  File "C:\Users\user\PycharmProjects\LearnLang_TMA\venv\lib\python3.13\site-packages\httpcore\_backends\anyio.py", line 112, in connect_tcp
    with map_exceptions(exc_map):
         ~~~~~~~~~~~~~~^^^^^^^^^
  File "A:\msys64\ucrt64\lib\python3.13\contextlib.py", line 162, in __exit__
    self.gen.throw(value)
    ~~~~~~~~~~~~~~^^^^^^^
  File "C:\Users\user\PycharmProjects\LearnLang_TMA\venv\lib\python3.13\site-packages\httpcore\_exceptions.py", line 14, in map_exceptions
    raise to_exc(exc) from exc
httpcore.ConnectError: [Errno 11001] getaddrinfo failed

The above exception was the direct cause of the following exception:

Traceback (most recent call last):
  File "C:\Users\user\PycharmProjects\LearnLang_TMA\venv\lib\python3.13\site-packages\telegram\request\_httpxrequest.py", line 216, in do_request
    res = await self._client.request(
          ^^^^^^^^^^^^^^^^^^^^^^^^^^^
    ...<6 lines>...
    )
    ^
  File "C:\Users\user\PycharmProjects\LearnLang_TMA\venv\lib\python3.13\site-packages\httpx\_client.py", line 1530, in request
    return await self.send(request, auth=auth, follow_redirects=follow_redirects)
           ^^^^^^^^^^^^^^^^^^^^^^^^^^^^^^^^^^^^^^^^^^^^^^^^^^^^^^^^^^^^^^^^^^^^^^
  File "C:\Users\user\PycharmProjects\LearnLang_TMA\venv\lib\python3.13\site-packages\httpx\_client.py", line 1617, in send
    response = await self._send_handling_auth(
               ^^^^^^^^^^^^^^^^^^^^^^^^^^^^^^^
    ...<4 lines>...
    )
    ^
  File "C:\Users\user\PycharmProjects\LearnLang_TMA\venv\lib\python3.13\site-packages\httpx\_client.py", line 1645, in _send_handling_auth
    response = await self._send_handling_redirects(
               ^^^^^^^^^^^^^^^^^^^^^^^^^^^^^^^^^^^^
    ...<3 lines>...
    )
    ^
  File "C:\Users\user\PycharmProjects\LearnLang_TMA\venv\lib\python3.13\site-packages\httpx\_client.py", line 1682, in _send_handling_redirects
    response = await self._send_single_request(request)
               ^^^^^^^^^^^^^^^^^^^^^^^^^^^^^^^^^^^^^^^^
  File "C:\Users\user\PycharmProjects\LearnLang_TMA\venv\lib\python3.13\site-packages\httpx\_client.py", line 1719, in _send_single_request
    response = await transport.handle_async_request(request)
               ^^^^^^^^^^^^^^^^^^^^^^^^^^^^^^^^^^^^^^^^^^^^^
  File "C:\Users\user\PycharmProjects\LearnLang_TMA\venv\lib\python3.13\site-packages\httpx\_transports\default.py", line 352, in handle_async_request
    with map_httpcore_exceptions():
         ~~~~~~~~~~~~~~~~~~~~~~~^^
  File "A:\msys64\ucrt64\lib\python3.13\contextlib.py", line 162, in __exit__
    self.gen.throw(value)
    ~~~~~~~~~~~~~~^^^^^^^
  File "C:\Users\user\PycharmProjects\LearnLang_TMA\venv\lib\python3.13\site-packages\httpx\_transports\default.py", line 77, in map_httpcore_exceptions
    raise mapped_exc(message) from exc
httpx.ConnectError: [Errno 11001] getaddrinfo failed

The above exception was the direct cause of the following exception:

Traceback (most recent call last):
  File "C:\Users\user\PycharmProjects\LearnLang_TMA\venv\lib\python3.13\site-packages\telegram\ext\_updater.py", line 607, in _network_loop_retry
    if not await action_cb():
           ^^^^^^^^^^^^^^^^^
  File "C:\Users\user\PycharmProjects\LearnLang_TMA\venv\lib\python3.13\site-packages\telegram\ext\_updater.py", line 335, in polling_action_cb
    raise exc
  File "C:\Users\user\PycharmProjects\LearnLang_TMA\venv\lib\python3.13\site-packages\telegram\ext\_updater.py", line 320, in polling_action_cb
    updates = await self.bot.get_updates(
              ^^^^^^^^^^^^^^^^^^^^^^^^^^^
    ...<7 lines>...
    )
    ^
  File "C:\Users\user\PycharmProjects\LearnLang_TMA\venv\lib\python3.13\site-packages\telegram\ext\_extbot.py", line 543, in get_updates
    updates = await super().get_updates(
              ^^^^^^^^^^^^^^^^^^^^^^^^^^
    ...<9 lines>...
    )
    ^
  File "C:\Users\user\PycharmProjects\LearnLang_TMA\venv\lib\python3.13\site-packages\telegram\_bot.py", line 381, in decorator
    result = await func(self, *args, **kwargs)  # skipcq: PYL-E1102
             ^^^^^^^^^^^^^^^^^^^^^^^^^^^^^^^^^
  File "C:\Users\user\PycharmProjects\LearnLang_TMA\venv\lib\python3.13\site-packages\telegram\_bot.py", line 3661, in get_updates
    await self._post(
    ^^^^^^^^^^^^^^^^^
    ...<7 lines>...
    ),
    ^
  File "C:\Users\user\PycharmProjects\LearnLang_TMA\venv\lib\python3.13\site-packages\telegram\_bot.py", line 469, in _post
    return await self._do_post(
           ^^^^^^^^^^^^^^^^^^^^
    ...<6 lines>...
    )
    ^
  File "C:\Users\user\PycharmProjects\LearnLang_TMA\venv\lib\python3.13\site-packages\telegram\ext\_extbot.py", line 325, in _do_post
    return await super()._do_post(
           ^^^^^^^^^^^^^^^^^^^^^^^
    ...<6 lines>...
    )
    ^
  File "C:\Users\user\PycharmProjects\LearnLang_TMA\venv\lib\python3.13\site-packages\telegram\_bot.py", line 497, in _do_post
    return await request.post(
           ^^^^^^^^^^^^^^^^^^^
    ...<6 lines>...
    )
    ^
  File "C:\Users\user\PycharmProjects\LearnLang_TMA\venv\lib\python3.13\site-packages\telegram\request\_baserequest.py", line 168, in post
    result = await self._request_wrapper(
             ^^^^^^^^^^^^^^^^^^^^^^^^^^^^
    ...<7 lines>...
    )
    ^
  File "C:\Users\user\PycharmProjects\LearnLang_TMA\venv\lib\python3.13\site-packages\telegram\request\_baserequest.py", line 291, in _request_wrapper
    raise exc
  File "C:\Users\user\PycharmProjects\LearnLang_TMA\venv\lib\python3.13\site-packages\telegram\request\_baserequest.py", line 277, in _request_wrapper
    code, payload = await self.do_request(
                    ^^^^^^^^^^^^^^^^^^^^^^
    ...<7 lines>...
    )
    ^
  File "C:\Users\user\PycharmProjects\LearnLang_TMA\venv\lib\python3.13\site-packages\telegram\request\_httpxrequest.py", line 240, in do_request
    raise NetworkError(f"httpx.{err.__class__.__name__}: {err}") from err
telegram.error.NetworkError: httpx.ConnectError: [Errno 11001] getaddrinfo failed
2026-02-19 14:04:05,747 - telegram.ext.Updater - ERROR - Error while getting Updates: httpx.ConnectError: [Errno 11001] getaddrinfo failed
2026-02-19 14:04:05,748 - telegram.ext.Application - ERROR - No error handlers are registered, logging exception.
Traceback (most recent call last):
  File "C:\Users\user\PycharmProjects\LearnLang_TMA\venv\lib\python3.13\site-packages\httpcore\_exceptions.py", line 10, in map_exceptions
    yield
  File "C:\Users\user\PycharmProjects\LearnLang_TMA\venv\lib\python3.13\site-packages\httpcore\_backends\anyio.py", line 114, in connect_tcp
    stream: anyio.abc.ByteStream = await anyio.connect_tcp(
                                   ^^^^^^^^^^^^^^^^^^^^^^^^
    ...<3 lines>...
    )
    ^
  File "C:\Users\user\PycharmProjects\LearnLang_TMA\venv\lib\python3.13\site-packages\anyio\_core\_sockets.py", line 215, in connect_tcp
    gai_res = await getaddrinfo(
              ^^^^^^^^^^^^^^^^^^
        target_host, remote_port, family=family, type=socket.SOCK_STREAM
        ^^^^^^^^^^^^^^^^^^^^^^^^^^^^^^^^^^^^^^^^^^^^^^^^^^^^^^^^^^^^^^^^
    )
    ^
  File "C:\Users\user\PycharmProjects\LearnLang_TMA\venv\lib\python3.13\site-packages\anyio\_core\_sockets.py", line 649, in getaddrinfo
    gai_res = await get_async_backend().getaddrinfo(
              ^^^^^^^^^^^^^^^^^^^^^^^^^^^^^^^^^^^^^^
        encoded_host, port, family=family, type=type, proto=proto, flags=flags
        ^^^^^^^^^^^^^^^^^^^^^^^^^^^^^^^^^^^^^^^^^^^^^^^^^^^^^^^^^^^^^^^^^^^^^^
    )
    ^
  File "C:\Users\user\PycharmProjects\LearnLang_TMA\venv\lib\python3.13\site-packages\anyio\_backends\_asyncio.py", line 2732, in getaddrinfo
    return await get_running_loop().getaddrinfo(
           ^^^^^^^^^^^^^^^^^^^^^^^^^^^^^^^^^^^^^
        host, port, family=family, type=type, proto=proto, flags=flags
        ^^^^^^^^^^^^^^^^^^^^^^^^^^^^^^^^^^^^^^^^^^^^^^^^^^^^^^^^^^^^^^
    )
    ^
  File "A:\msys64\ucrt64\lib\python3.13\asyncio\base_events.py", line 939, in getaddrinfo
    return await self.run_in_executor(
           ^^^^^^^^^^^^^^^^^^^^^^^^^^^
        None, getaddr_func, host, port, family, type, proto, flags)
        ^^^^^^^^^^^^^^^^^^^^^^^^^^^^^^^^^^^^^^^^^^^^^^^^^^^^^^^^^^^
  File "A:\msys64\ucrt64\lib\python3.13\concurrent\futures\thread.py", line 59, in run
    result = self.fn(*self.args, **self.kwargs)
  File "A:\msys64\ucrt64\lib\python3.13\socket.py", line 977, in getaddrinfo
    for res in _socket.getaddrinfo(host, port, family, type, proto, flags):
               ~~~~~~~~~~~~~~~~~~~^^^^^^^^^^^^^^^^^^^^^^^^^^^^^^^^^^^^^^^^
socket.gaierror: [Errno 11001] getaddrinfo failed

The above exception was the direct cause of the following exception:

Traceback (most recent call last):
  File "C:\Users\user\PycharmProjects\LearnLang_TMA\venv\lib\python3.13\site-packages\httpx\_transports\default.py", line 60, in map_httpcore_exceptions
    yield
  File "C:\Users\user\PycharmProjects\LearnLang_TMA\venv\lib\python3.13\site-packages\httpx\_transports\default.py", line 353, in handle_async_request
    resp = await self._pool.handle_async_request(req)
           ^^^^^^^^^^^^^^^^^^^^^^^^^^^^^^^^^^^^^^^^^^
  File "C:\Users\user\PycharmProjects\LearnLang_TMA\venv\lib\python3.13\site-packages\httpcore\_async\connection_pool.py", line 262, in handle_async_request
    raise exc
  File "C:\Users\user\PycharmProjects\LearnLang_TMA\venv\lib\python3.13\site-packages\httpcore\_async\connection_pool.py", line 245, in handle_async_request
    response = await connection.handle_async_request(request)
               ^^^^^^^^^^^^^^^^^^^^^^^^^^^^^^^^^^^^^^^^^^^^^^
  File "C:\Users\user\PycharmProjects\LearnLang_TMA\venv\lib\python3.13\site-packages\httpcore\_async\connection.py", line 92, in handle_async_request
    raise exc
  File "C:\Users\user\PycharmProjects\LearnLang_TMA\venv\lib\python3.13\site-packages\httpcore\_async\connection.py", line 69, in handle_async_request
    stream = await self._connect(request)
             ^^^^^^^^^^^^^^^^^^^^^^^^^^^^
  File "C:\Users\user\PycharmProjects\LearnLang_TMA\venv\lib\python3.13\site-packages\httpcore\_async\connection.py", line 117, in _connect
    stream = await self._network_backend.connect_tcp(**kwargs)
             ^^^^^^^^^^^^^^^^^^^^^^^^^^^^^^^^^^^^^^^^^^^^^^^^^
  File "C:\Users\user\PycharmProjects\LearnLang_TMA\venv\lib\python3.13\site-packages\httpcore\_backends\auto.py", line 31, in connect_tcp
    return await self._backend.connect_tcp(
           ^^^^^^^^^^^^^^^^^^^^^^^^^^^^^^^^
    ...<5 lines>...
    )
    ^
  File "C:\Users\user\PycharmProjects\LearnLang_TMA\venv\lib\python3.13\site-packages\httpcore\_backends\anyio.py", line 112, in connect_tcp
    with map_exceptions(exc_map):
         ~~~~~~~~~~~~~~^^^^^^^^^
  File "A:\msys64\ucrt64\lib\python3.13\contextlib.py", line 162, in __exit__
    self.gen.throw(value)
    ~~~~~~~~~~~~~~^^^^^^^
  File "C:\Users\user\PycharmProjects\LearnLang_TMA\venv\lib\python3.13\site-packages\httpcore\_exceptions.py", line 14, in map_exceptions
    raise to_exc(exc) from exc
httpcore.ConnectError: [Errno 11001] getaddrinfo failed

The above exception was the direct cause of the following exception:

Traceback (most recent call last):
  File "C:\Users\user\PycharmProjects\LearnLang_TMA\venv\lib\python3.13\site-packages\telegram\request\_httpxrequest.py", line 216, in do_request
    res = await self._client.request(
          ^^^^^^^^^^^^^^^^^^^^^^^^^^^
    ...<6 lines>...
    )
    ^
  File "C:\Users\user\PycharmProjects\LearnLang_TMA\venv\lib\python3.13\site-packages\httpx\_client.py", line 1530, in request
    return await self.send(request, auth=auth, follow_redirects=follow_redirects)
           ^^^^^^^^^^^^^^^^^^^^^^^^^^^^^^^^^^^^^^^^^^^^^^^^^^^^^^^^^^^^^^^^^^^^^^
  File "C:\Users\user\PycharmProjects\LearnLang_TMA\venv\lib\python3.13\site-packages\httpx\_client.py", line 1617, in send
    response = await self._send_handling_auth(
               ^^^^^^^^^^^^^^^^^^^^^^^^^^^^^^^
    ...<4 lines>...
    )
    ^
  File "C:\Users\user\PycharmProjects\LearnLang_TMA\venv\lib\python3.13\site-packages\httpx\_client.py", line 1645, in _send_handling_auth
    response = await self._send_handling_redirects(
               ^^^^^^^^^^^^^^^^^^^^^^^^^^^^^^^^^^^^
    ...<3 lines>...
    )
    ^
  File "C:\Users\user\PycharmProjects\LearnLang_TMA\venv\lib\python3.13\site-packages\httpx\_client.py", line 1682, in _send_handling_redirects
    response = await self._send_single_request(request)
               ^^^^^^^^^^^^^^^^^^^^^^^^^^^^^^^^^^^^^^^^
  File "C:\Users\user\PycharmProjects\LearnLang_TMA\venv\lib\python3.13\site-packages\httpx\_client.py", line 1719, in _send_single_request
    response = await transport.handle_async_request(request)
               ^^^^^^^^^^^^^^^^^^^^^^^^^^^^^^^^^^^^^^^^^^^^^
  File "C:\Users\user\PycharmProjects\LearnLang_TMA\venv\lib\python3.13\site-packages\httpx\_transports\default.py", line 352, in handle_async_request
    with map_httpcore_exceptions():
         ~~~~~~~~~~~~~~~~~~~~~~~^^
  File "A:\msys64\ucrt64\lib\python3.13\contextlib.py", line 162, in __exit__
    self.gen.throw(value)
    ~~~~~~~~~~~~~~^^^^^^^
  File "C:\Users\user\PycharmProjects\LearnLang_TMA\venv\lib\python3.13\site-packages\httpx\_transports\default.py", line 77, in map_httpcore_exceptions
    raise mapped_exc(message) from exc
httpx.ConnectError: [Errno 11001] getaddrinfo failed

The above exception was the direct cause of the following exception:

Traceback (most recent call last):
  File "C:\Users\user\PycharmProjects\LearnLang_TMA\venv\lib\python3.13\site-packages\telegram\ext\_updater.py", line 607, in _network_loop_retry
    if not await action_cb():
           ^^^^^^^^^^^^^^^^^
  File "C:\Users\user\PycharmProjects\LearnLang_TMA\venv\lib\python3.13\site-packages\telegram\ext\_updater.py", line 335, in polling_action_cb
    raise exc
  File "C:\Users\user\PycharmProjects\LearnLang_TMA\venv\lib\python3.13\site-packages\telegram\ext\_updater.py", line 320, in polling_action_cb
    updates = await self.bot.get_updates(
              ^^^^^^^^^^^^^^^^^^^^^^^^^^^
    ...<7 lines>...
    )
    ^
  File "C:\Users\user\PycharmProjects\LearnLang_TMA\venv\lib\python3.13\site-packages\telegram\ext\_extbot.py", line 543, in get_updates
    updates = await super().get_updates(
              ^^^^^^^^^^^^^^^^^^^^^^^^^^
    ...<9 lines>...
    )
    ^
  File "C:\Users\user\PycharmProjects\LearnLang_TMA\venv\lib\python3.13\site-packages\telegram\_bot.py", line 381, in decorator
    result = await func(self, *args, **kwargs)  # skipcq: PYL-E1102
             ^^^^^^^^^^^^^^^^^^^^^^^^^^^^^^^^^
  File "C:\Users\user\PycharmProjects\LearnLang_TMA\venv\lib\python3.13\site-packages\telegram\_bot.py", line 3661, in get_updates
    await self._post(
    ^^^^^^^^^^^^^^^^^
    ...<7 lines>...
    ),
    ^
  File "C:\Users\user\PycharmProjects\LearnLang_TMA\venv\lib\python3.13\site-packages\telegram\_bot.py", line 469, in _post
    return await self._do_post(
           ^^^^^^^^^^^^^^^^^^^^
    ...<6 lines>...
    )
    ^
  File "C:\Users\user\PycharmProjects\LearnLang_TMA\venv\lib\python3.13\site-packages\telegram\ext\_extbot.py", line 325, in _do_post
    return await super()._do_post(
           ^^^^^^^^^^^^^^^^^^^^^^^
    ...<6 lines>...
    )
    ^
  File "C:\Users\user\PycharmProjects\LearnLang_TMA\venv\lib\python3.13\site-packages\telegram\_bot.py", line 497, in _do_post
    return await request.post(
           ^^^^^^^^^^^^^^^^^^^
    ...<6 lines>...
    )
    ^
  File "C:\Users\user\PycharmProjects\LearnLang_TMA\venv\lib\python3.13\site-packages\telegram\request\_baserequest.py", line 168, in post
    result = await self._request_wrapper(
             ^^^^^^^^^^^^^^^^^^^^^^^^^^^^
    ...<7 lines>...
    )
    ^
  File "C:\Users\user\PycharmProjects\LearnLang_TMA\venv\lib\python3.13\site-packages\telegram\request\_baserequest.py", line 291, in _request_wrapper
    raise exc
  File "C:\Users\user\PycharmProjects\LearnLang_TMA\venv\lib\python3.13\site-packages\telegram\request\_baserequest.py", line 277, in _request_wrapper
    code, payload = await self.do_request(
                    ^^^^^^^^^^^^^^^^^^^^^^
    ...<7 lines>...
    )
    ^
  File "C:\Users\user\PycharmProjects\LearnLang_TMA\venv\lib\python3.13\site-packages\telegram\request\_httpxrequest.py", line 240, in do_request
    raise NetworkError(f"httpx.{err.__class__.__name__}: {err}") from err
telegram.error.NetworkError: httpx.ConnectError: [Errno 11001] getaddrinfo failed
2026-02-19 14:04:07,193 - telegram.ext.Application - INFO - Application is stopping. This might take a moment.
2026-02-19 14:04:07,194 - telegram.ext.Application - INFO - Application.stop() complete
2026-02-24 09:08:27,034 - httpx - INFO - HTTP Request: POST https://api.telegram.org/bot7966102912:AAE6lVKzQ_OCchVeODIMl3pxYvWBiIx8Z1w/getMe "HTTP/1.1 200 OK"
2026-02-24 09:08:27,414 - httpx - INFO - HTTP Request: POST https://api.telegram.org/bot7966102912:AAE6lVKzQ_OCchVeODIMl3pxYvWBiIx8Z1w/deleteWebhook "HTTP/1.1 200 OK"
2026-02-24 09:08:27,422 - telegram.ext.Application - INFO - Application started
2026-02-24 09:08:38,049 - httpx - INFO - HTTP Request: POST https://api.telegram.org/bot7966102912:AAE6lVKzQ_OCchVeODIMl3pxYvWBiIx8Z1w/getUpdates "HTTP/1.1 200 OK"
2026-02-24 09:08:48,506 - httpx - INFO - HTTP Request: POST https://api.telegram.org/bot7966102912:AAE6lVKzQ_OCchVeODIMl3pxYvWBiIx8Z1w/getUpdates "HTTP/1.1 200 OK"
2026-02-24 09:08:58,578 - httpx - INFO - HTTP Request: POST https://api.telegram.org/bot7966102912:AAE6lVKzQ_OCchVeODIMl3pxYvWBiIx8Z1w/getUpdates "HTTP/1.1 200 OK"
2026-02-24 09:09:09,306 - httpx - INFO - HTTP Request: POST https://api.telegram.org/bot7966102912:AAE6lVKzQ_OCchVeODIMl3pxYvWBiIx8Z1w/getUpdates "HTTP/1.1 200 OK"
2026-02-24 09:09:19,378 - httpx - INFO - HTTP Request: POST https://api.telegram.org/bot7966102912:AAE6lVKzQ_OCchVeODIMl3pxYvWBiIx8Z1w/getUpdates "HTTP/1.1 200 OK"
2026-02-24 09:09:29,756 - httpx - INFO - HTTP Request: POST https://api.telegram.org/bot7966102912:AAE6lVKzQ_OCchVeODIMl3pxYvWBiIx8Z1w/getUpdates "HTTP/1.1 200 OK"
2026-02-24 09:09:40,122 - httpx - INFO - HTTP Request: POST https://api.telegram.org/bot7966102912:AAE6lVKzQ_OCchVeODIMl3pxYvWBiIx8Z1w/getUpdates "HTTP/1.1 200 OK"
2026-02-24 09:09:48,044 - httpx - INFO - HTTP Request: POST https://api.telegram.org/bot7966102912:AAE6lVKzQ_OCchVeODIMl3pxYvWBiIx8Z1w/getUpdates "HTTP/1.1 200 OK"
2026-02-24 09:09:48,700 - httpx - INFO - HTTP Request: POST https://api.telegram.org/bot7966102912:AAE6lVKzQ_OCchVeODIMl3pxYvWBiIx8Z1w/answerCallbackQuery "HTTP/1.1 200 OK"
2026-02-24 09:09:48,702 - __main__ - INFO - Пользователь 1796014793 нажал: achievements
2026-02-24 09:09:48,992 - httpx - INFO - HTTP Request: POST https://api.telegram.org/bot7966102912:AAE6lVKzQ_OCchVeODIMl3pxYvWBiIx8Z1w/editMessageText "HTTP/1.1 200 OK"
2026-02-24 09:09:56,758 - httpx - INFO - HTTP Request: POST https://api.telegram.org/bot7966102912:AAE6lVKzQ_OCchVeODIMl3pxYvWBiIx8Z1w/getUpdates "HTTP/1.1 200 OK"
2026-02-24 09:09:57,430 - httpx - INFO - HTTP Request: POST https://api.telegram.org/bot7966102912:AAE6lVKzQ_OCchVeODIMl3pxYvWBiIx8Z1w/answerCallbackQuery "HTTP/1.1 200 OK"
2026-02-24 09:09:57,431 - __main__ - INFO - Пользователь 1796014793 нажал: back_to_main
2026-02-24 09:09:58,024 - httpx - INFO - HTTP Request: POST https://api.telegram.org/bot7966102912:AAE6lVKzQ_OCchVeODIMl3pxYvWBiIx8Z1w/editMessageText "HTTP/1.1 200 OK"
2026-02-24 09:10:06,832 - httpx - INFO - HTTP Request: POST https://api.telegram.org/bot7966102912:AAE6lVKzQ_OCchVeODIMl3pxYvWBiIx8Z1w/getUpdates "HTTP/1.1 200 OK"
2026-02-24 09:10:17,182 - httpx - INFO - HTTP Request: POST https://api.telegram.org/bot7966102912:AAE6lVKzQ_OCchVeODIMl3pxYvWBiIx8Z1w/getUpdates "HTTP/1.1 200 OK"
2026-02-24 09:10:27,402 - httpx - INFO - HTTP Request: POST https://api.telegram.org/bot7966102912:AAE6lVKzQ_OCchVeODIMl3pxYvWBiIx8Z1w/getUpdates "HTTP/1.1 200 OK"
2026-02-24 09:10:37,472 - httpx - INFO - HTTP Request: POST https://api.telegram.org/bot7966102912:AAE6lVKzQ_OCchVeODIMl3pxYvWBiIx8Z1w/getUpdates "HTTP/1.1 200 OK"
2026-02-24 09:10:47,854 - httpx - INFO - HTTP Request: POST https://api.telegram.org/bot7966102912:AAE6lVKzQ_OCchVeODIMl3pxYvWBiIx8Z1w/getUpdates "HTTP/1.1 200 OK"
2026-02-24 09:10:58,201 - httpx - INFO - HTTP Request: POST https://api.telegram.org/bot7966102912:AAE6lVKzQ_OCchVeODIMl3pxYvWBiIx8Z1w/getUpdates "HTTP/1.1 200 OK"
2026-02-24 09:11:08,419 - httpx - INFO - HTTP Request: POST https://api.telegram.org/bot7966102912:AAE6lVKzQ_OCchVeODIMl3pxYvWBiIx8Z1w/getUpdates "HTTP/1.1 200 OK"
2026-02-24 09:11:18,493 - httpx - INFO - HTTP Request: POST https://api.telegram.org/bot7966102912:AAE6lVKzQ_OCchVeODIMl3pxYvWBiIx8Z1w/getUpdates "HTTP/1.1 200 OK"
2026-02-24 09:11:28,991 - httpx - INFO - HTTP Request: POST https://api.telegram.org/bot7966102912:AAE6lVKzQ_OCchVeODIMl3pxYvWBiIx8Z1w/getUpdates "HTTP/1.1 200 OK"
2026-02-24 09:11:39,210 - httpx - INFO - HTTP Request: POST https://api.telegram.org/bot7966102912:AAE6lVKzQ_OCchVeODIMl3pxYvWBiIx8Z1w/getUpdates "HTTP/1.1 200 OK"
2026-02-24 09:11:49,947 - httpx - INFO - HTTP Request: POST https://api.telegram.org/bot7966102912:AAE6lVKzQ_OCchVeODIMl3pxYvWBiIx8Z1w/getUpdates "HTTP/1.1 200 OK"
2026-02-24 09:12:00,017 - httpx - INFO - HTTP Request: POST https://api.telegram.org/bot7966102912:AAE6lVKzQ_OCchVeODIMl3pxYvWBiIx8Z1w/getUpdates "HTTP/1.1 200 OK"
2026-02-24 09:12:10,397 - httpx - INFO - HTTP Request: POST https://api.telegram.org/bot7966102912:AAE6lVKzQ_OCchVeODIMl3pxYvWBiIx8Z1w/getUpdates "HTTP/1.1 200 OK"
2026-02-24 09:12:20,761 - httpx - INFO - HTTP Request: POST https://api.telegram.org/bot7966102912:AAE6lVKzQ_OCchVeODIMl3pxYvWBiIx8Z1w/getUpdates "HTTP/1.1 200 OK"
2026-02-24 09:12:31,203 - httpx - INFO - HTTP Request: POST https://api.telegram.org/bot7966102912:AAE6lVKzQ_OCchVeODIMl3pxYvWBiIx8Z1w/getUpdates "HTTP/1.1 200 OK"
2026-02-24 09:12:41,691 - httpx - INFO - HTTP Request: POST https://api.telegram.org/bot7966102912:AAE6lVKzQ_OCchVeODIMl3pxYvWBiIx8Z1w/getUpdates "HTTP/1.1 200 OK"
2026-02-24 09:12:51,762 - httpx - INFO - HTTP Request: POST https://api.telegram.org/bot7966102912:AAE6lVKzQ_OCchVeODIMl3pxYvWBiIx8Z1w/getUpdates "HTTP/1.1 200 OK"
2026-02-24 09:13:02,136 - httpx - INFO - HTTP Request: POST https://api.telegram.org/bot7966102912:AAE6lVKzQ_OCchVeODIMl3pxYvWBiIx8Z1w/getUpdates "HTTP/1.1 200 OK"
2026-02-24 09:13:12,507 - httpx - INFO - HTTP Request: POST https://api.telegram.org/bot7966102912:AAE6lVKzQ_OCchVeODIMl3pxYvWBiIx8Z1w/getUpdates "HTTP/1.1 200 OK"
2026-02-24 09:13:22,713 - httpx - INFO - HTTP Request: POST https://api.telegram.org/bot7966102912:AAE6lVKzQ_OCchVeODIMl3pxYvWBiIx8Z1w/getUpdates "HTTP/1.1 200 OK"
2026-02-24 09:13:32,783 - httpx - INFO - HTTP Request: POST https://api.telegram.org/bot7966102912:AAE6lVKzQ_OCchVeODIMl3pxYvWBiIx8Z1w/getUpdates "HTTP/1.1 200 OK"
2026-02-24 09:13:43,161 - httpx - INFO - HTTP Request: POST https://api.telegram.org/bot7966102912:AAE6lVKzQ_OCchVeODIMl3pxYvWBiIx8Z1w/getUpdates "HTTP/1.1 200 OK"
2026-02-24 09:13:53,721 - httpx - INFO - HTTP Request: POST https://api.telegram.org/bot7966102912:AAE6lVKzQ_OCchVeODIMl3pxYvWBiIx8Z1w/getUpdates "HTTP/1.1 200 OK"
2026-02-24 09:14:03,790 - httpx - INFO - HTTP Request: POST https://api.telegram.org/bot7966102912:AAE6lVKzQ_OCchVeODIMl3pxYvWBiIx8Z1w/getUpdates "HTTP/1.1 200 OK"
2026-02-24 09:14:14,171 - httpx - INFO - HTTP Request: POST https://api.telegram.org/bot7966102912:AAE6lVKzQ_OCchVeODIMl3pxYvWBiIx8Z1w/getUpdates "HTTP/1.1 200 OK"
2026-02-24 09:14:24,538 - httpx - INFO - HTTP Request: POST https://api.telegram.org/bot7966102912:AAE6lVKzQ_OCchVeODIMl3pxYvWBiIx8Z1w/getUpdates "HTTP/1.1 200 OK"
2026-02-24 09:14:34,770 - httpx - INFO - HTTP Request: POST https://api.telegram.org/bot7966102912:AAE6lVKzQ_OCchVeODIMl3pxYvWBiIx8Z1w/getUpdates "HTTP/1.1 200 OK"
2026-02-24 09:14:45,497 - httpx - INFO - HTTP Request: POST https://api.telegram.org/bot7966102912:AAE6lVKzQ_OCchVeODIMl3pxYvWBiIx8Z1w/getUpdates "HTTP/1.1 200 OK"
2026-02-24 09:14:55,569 - httpx - INFO - HTTP Request: POST https://api.telegram.org/bot7966102912:AAE6lVKzQ_OCchVeODIMl3pxYvWBiIx8Z1w/getUpdates "HTTP/1.1 200 OK"
2026-02-24 09:15:05,944 - httpx - INFO - HTTP Request: POST https://api.telegram.org/bot7966102912:AAE6lVKzQ_OCchVeODIMl3pxYvWBiIx8Z1w/getUpdates "HTTP/1.1 200 OK"
2026-02-24 09:15:16,665 - httpx - INFO - HTTP Request: POST https://api.telegram.org/bot7966102912:AAE6lVKzQ_OCchVeODIMl3pxYvWBiIx8Z1w/getUpdates "HTTP/1.1 200 OK"
2026-02-24 09:15:26,735 - httpx - INFO - HTTP Request: POST https://api.telegram.org/bot7966102912:AAE6lVKzQ_OCchVeODIMl3pxYvWBiIx8Z1w/getUpdates "HTTP/1.1 200 OK"
2026-02-24 09:15:37,117 - httpx - INFO - HTTP Request: POST https://api.telegram.org/bot7966102912:AAE6lVKzQ_OCchVeODIMl3pxYvWBiIx8Z1w/getUpdates "HTTP/1.1 200 OK"
2026-02-24 09:15:47,189 - httpx - INFO - HTTP Request: POST https://api.telegram.org/bot7966102912:AAE6lVKzQ_OCchVeODIMl3pxYvWBiIx8Z1w/getUpdates "HTTP/1.1 200 OK"
2026-02-24 09:15:57,914 - httpx - INFO - HTTP Request: POST https://api.telegram.org/bot7966102912:AAE6lVKzQ_OCchVeODIMl3pxYvWBiIx8Z1w/getUpdates "HTTP/1.1 200 OK"
2026-02-24 09:16:07,986 - httpx - INFO - HTTP Request: POST https://api.telegram.org/bot7966102912:AAE6lVKzQ_OCchVeODIMl3pxYvWBiIx8Z1w/getUpdates "HTTP/1.1 200 OK"
2026-02-24 09:16:08,320 - telegram.ext.Application - INFO - Application is stopping. This might take a moment.
2026-02-24 09:16:08,321 - telegram.ext.Application - INFO - Application.stop() complete
2026-02-26 00:30:03,809 - httpx - INFO - HTTP Request: POST https://api.telegram.org/bot7966102912:AAE6lVKzQ_OCchVeODIMl3pxYvWBiIx8Z1w/getMe "HTTP/1.1 200 OK"
2026-02-26 00:30:04,280 - httpx - INFO - HTTP Request: POST https://api.telegram.org/bot7966102912:AAE6lVKzQ_OCchVeODIMl3pxYvWBiIx8Z1w/deleteWebhook "HTTP/1.1 200 OK"
2026-02-26 00:30:04,282 - telegram.ext.Application - INFO - Application started
2026-02-26 00:30:15,084 - httpx - INFO - HTTP Request: POST https://api.telegram.org/bot7966102912:AAE6lVKzQ_OCchVeODIMl3pxYvWBiIx8Z1w/getUpdates "HTTP/1.1 200 OK"
2026-02-26 00:30:25,194 - httpx - INFO - HTTP Request: POST https://api.telegram.org/bot7966102912:AAE6lVKzQ_OCchVeODIMl3pxYvWBiIx8Z1w/getUpdates "HTTP/1.1 200 OK"
2026-02-26 00:30:35,681 - httpx - INFO - HTTP Request: POST https://api.telegram.org/bot7966102912:AAE6lVKzQ_OCchVeODIMl3pxYvWBiIx8Z1w/getUpdates "HTTP/1.1 200 OK"
2026-02-26 00:30:46,665 - httpx - INFO - HTTP Request: POST https://api.telegram.org/bot7966102912:AAE6lVKzQ_OCchVeODIMl3pxYvWBiIx8Z1w/getUpdates "HTTP/1.1 200 OK"
2026-02-26 00:30:56,793 - httpx - INFO - HTTP Request: POST https://api.telegram.org/bot7966102912:AAE6lVKzQ_OCchVeODIMl3pxYvWBiIx8Z1w/getUpdates "HTTP/1.1 200 OK"
2026-02-26 00:31:07,230 - httpx - INFO - HTTP Request: POST https://api.telegram.org/bot7966102912:AAE6lVKzQ_OCchVeODIMl3pxYvWBiIx8Z1w/getUpdates "HTTP/1.1 200 OK"
2026-02-26 00:31:17,882 - httpx - INFO - HTTP Request: POST https://api.telegram.org/bot7966102912:AAE6lVKzQ_OCchVeODIMl3pxYvWBiIx8Z1w/getUpdates "HTTP/1.1 200 OK"
2026-02-26 00:31:28,323 - httpx - INFO - HTTP Request: POST https://api.telegram.org/bot7966102912:AAE6lVKzQ_OCchVeODIMl3pxYvWBiIx8Z1w/getUpdates "HTTP/1.1 200 OK"
2026-02-26 00:31:39,394 - httpx - INFO - HTTP Request: POST https://api.telegram.org/bot7966102912:AAE6lVKzQ_OCchVeODIMl3pxYvWBiIx8Z1w/getUpdates "HTTP/1.1 200 OK"
2026-02-26 00:31:49,965 - httpx - INFO - HTTP Request: POST https://api.telegram.org/bot7966102912:AAE6lVKzQ_OCchVeODIMl3pxYvWBiIx8Z1w/getUpdates "HTTP/1.1 200 OK"
2026-02-26 00:32:00,099 - httpx - INFO - HTTP Request: POST https://api.telegram.org/bot7966102912:AAE6lVKzQ_OCchVeODIMl3pxYvWBiIx8Z1w/getUpdates "HTTP/1.1 200 OK"
2026-02-26 00:32:11,072 - httpx - INFO - HTTP Request: POST https://api.telegram.org/bot7966102912:AAE6lVKzQ_OCchVeODIMl3pxYvWBiIx8Z1w/getUpdates "HTTP/1.1 200 OK"
2026-02-26 00:32:21,184 - httpx - INFO - HTTP Request: POST https://api.telegram.org/bot7966102912:AAE6lVKzQ_OCchVeODIMl3pxYvWBiIx8Z1w/getUpdates "HTTP/1.1 200 OK"
2026-02-26 00:32:31,601 - httpx - INFO - HTTP Request: POST https://api.telegram.org/bot7966102912:AAE6lVKzQ_OCchVeODIMl3pxYvWBiIx8Z1w/getUpdates "HTTP/1.1 200 OK"
2026-02-26 00:32:41,718 - httpx - INFO - HTTP Request: POST https://api.telegram.org/bot7966102912:AAE6lVKzQ_OCchVeODIMl3pxYvWBiIx8Z1w/getUpdates "HTTP/1.1 200 OK"
2026-02-26 00:32:52,667 - httpx - INFO - HTTP Request: POST https://api.telegram.org/bot7966102912:AAE6lVKzQ_OCchVeODIMl3pxYvWBiIx8Z1w/getUpdates "HTTP/1.1 200 OK"
2026-02-26 00:33:02,805 - httpx - INFO - HTTP Request: POST https://api.telegram.org/bot7966102912:AAE6lVKzQ_OCchVeODIMl3pxYvWBiIx8Z1w/getUpdates "HTTP/1.1 200 OK"
2026-02-26 00:33:13,247 - httpx - INFO - HTTP Request: POST https://api.telegram.org/bot7966102912:AAE6lVKzQ_OCchVeODIMl3pxYvWBiIx8Z1w/getUpdates "HTTP/1.1 200 OK"
2026-02-26 00:33:24,200 - httpx - INFO - HTTP Request: POST https://api.telegram.org/bot7966102912:AAE6lVKzQ_OCchVeODIMl3pxYvWBiIx8Z1w/getUpdates "HTTP/1.1 200 OK"
2026-02-26 00:33:34,374 - httpx - INFO - HTTP Request: POST https://api.telegram.org/bot7966102912:AAE6lVKzQ_OCchVeODIMl3pxYvWBiIx8Z1w/getUpdates "HTTP/1.1 200 OK"
2026-02-26 00:33:45,161 - httpx - INFO - HTTP Request: POST https://api.telegram.org/bot7966102912:AAE6lVKzQ_OCchVeODIMl3pxYvWBiIx8Z1w/getUpdates "HTTP/1.1 200 OK"
2026-02-26 00:33:55,327 - httpx - INFO - HTTP Request: POST https://api.telegram.org/bot7966102912:AAE6lVKzQ_OCchVeODIMl3pxYvWBiIx8Z1w/getUpdates "HTTP/1.1 200 OK"
2026-02-26 00:34:05,815 - httpx - INFO - HTTP Request: POST https://api.telegram.org/bot7966102912:AAE6lVKzQ_OCchVeODIMl3pxYvWBiIx8Z1w/getUpdates "HTTP/1.1 200 OK"
2026-02-26 00:34:16,298 - httpx - INFO - HTTP Request: POST https://api.telegram.org/bot7966102912:AAE6lVKzQ_OCchVeODIMl3pxYvWBiIx8Z1w/getUpdates "HTTP/1.1 200 OK"
2026-02-26 00:34:26,726 - httpx - INFO - HTTP Request: POST https://api.telegram.org/bot7966102912:AAE6lVKzQ_OCchVeODIMl3pxYvWBiIx8Z1w/getUpdates "HTTP/1.1 200 OK"
2026-02-26 00:34:35,275 - telegram.ext.Application - INFO - Application is stopping. This might take a moment.
2026-02-26 00:34:35,275 - telegram.ext.Application - INFO - Application.stop() complete
2026-02-26 00:58:27,072 - httpx - INFO - HTTP Request: POST https://api.telegram.org/bot7966102912:AAE6lVKzQ_OCchVeODIMl3pxYvWBiIx8Z1w/getMe "HTTP/1.1 200 OK"
2026-02-26 00:58:27,594 - httpx - INFO - HTTP Request: POST https://api.telegram.org/bot7966102912:AAE6lVKzQ_OCchVeODIMl3pxYvWBiIx8Z1w/deleteWebhook "HTTP/1.1 200 OK"
2026-02-26 00:58:27,595 - telegram.ext.Application - INFO - Application started
2026-02-26 00:58:38,885 - httpx - INFO - HTTP Request: POST https://api.telegram.org/bot7966102912:AAE6lVKzQ_OCchVeODIMl3pxYvWBiIx8Z1w/getUpdates "HTTP/1.1 200 OK"
2026-02-26 00:58:41,686 - httpx - INFO - HTTP Request: POST https://api.telegram.org/bot7966102912:AAE6lVKzQ_OCchVeODIMl3pxYvWBiIx8Z1w/getUpdates "HTTP/1.1 200 OK"
2026-02-26 00:58:43,025 - httpx - INFO - HTTP Request: POST https://api.telegram.org/bot7966102912:AAE6lVKzQ_OCchVeODIMl3pxYvWBiIx8Z1w/sendMessage "HTTP/1.1 200 OK"
2026-02-26 00:58:52,487 - httpx - INFO - HTTP Request: POST https://api.telegram.org/bot7966102912:AAE6lVKzQ_OCchVeODIMl3pxYvWBiIx8Z1w/getUpdates "HTTP/1.1 200 OK"
2026-02-26 00:59:03,328 - httpx - INFO - HTTP Request: POST https://api.telegram.org/bot7966102912:AAE6lVKzQ_OCchVeODIMl3pxYvWBiIx8Z1w/getUpdates "HTTP/1.1 200 OK"
2026-02-26 00:59:13,529 - httpx - INFO - HTTP Request: POST https://api.telegram.org/bot7966102912:AAE6lVKzQ_OCchVeODIMl3pxYvWBiIx8Z1w/getUpdates "HTTP/1.1 200 OK"
2026-02-26 00:59:24,080 - httpx - INFO - HTTP Request: POST https://api.telegram.org/bot7966102912:AAE6lVKzQ_OCchVeODIMl3pxYvWBiIx8Z1w/getUpdates "HTTP/1.1 200 OK"
2026-02-26 00:59:34,720 - httpx - INFO - HTTP Request: POST https://api.telegram.org/bot7966102912:AAE6lVKzQ_OCchVeODIMl3pxYvWBiIx8Z1w/getUpdates "HTTP/1.1 200 OK"
2026-02-26 00:59:45,206 - httpx - INFO - HTTP Request: POST https://api.telegram.org/bot7966102912:AAE6lVKzQ_OCchVeODIMl3pxYvWBiIx8Z1w/getUpdates "HTTP/1.1 200 OK"
2026-02-26 00:59:56,286 - httpx - INFO - HTTP Request: POST https://api.telegram.org/bot7966102912:AAE6lVKzQ_OCchVeODIMl3pxYvWBiIx8Z1w/getUpdates "HTTP/1.1 200 OK"
2026-02-26 00:59:56,943 - httpx - INFO - HTTP Request: POST https://api.telegram.org/bot7966102912:AAE6lVKzQ_OCchVeODIMl3pxYvWBiIx8Z1w/getUpdates "HTTP/1.1 200 OK"
2026-02-26 00:59:58,573 - httpx - INFO - HTTP Request: POST https://api.telegram.org/bot7966102912:AAE6lVKzQ_OCchVeODIMl3pxYvWBiIx8Z1w/sendMessage "HTTP/1.1 400 Bad Request"
2026-02-26 00:59:58,574 - __main__ - ERROR - Ошибка в start: Can't parse entities: can't find end of the entity starting at byte offset 69
Traceback (most recent call last):
  File "C:\Users\user\PycharmProjects\LearnLang_TMA\backend\advanced_bot.py", line 106, in start
    await update.message.reply_text(
    ...<3 lines>...
    )
  File "C:\Users\user\PycharmProjects\LearnLang_TMA\venv\lib\python3.13\site-packages\telegram\_message.py", line 1074, in reply_text
    return await self.get_bot().send_message(
           ^^^^^^^^^^^^^^^^^^^^^^^^^^^^^^^^^^
    ...<16 lines>...
    )
    ^
  File "C:\Users\user\PycharmProjects\LearnLang_TMA\venv\lib\python3.13\site-packages\telegram\ext\_extbot.py", line 2633, in send_message
    return await super().send_message(
           ^^^^^^^^^^^^^^^^^^^^^^^^^^^
    ...<16 lines>...
    )
    ^
  File "C:\Users\user\PycharmProjects\LearnLang_TMA\venv\lib\python3.13\site-packages\telegram\_bot.py", line 381, in decorator
    result = await func(self, *args, **kwargs)  # skipcq: PYL-E1102
             ^^^^^^^^^^^^^^^^^^^^^^^^^^^^^^^^^
  File "C:\Users\user\PycharmProjects\LearnLang_TMA\venv\lib\python3.13\site-packages\telegram\_bot.py", line 807, in send_message
    return await self._send_message(
           ^^^^^^^^^^^^^^^^^^^^^^^^^
    ...<15 lines>...
    )
    ^
  File "C:\Users\user\PycharmProjects\LearnLang_TMA\venv\lib\python3.13\site-packages\telegram\ext\_extbot.py", line 507, in _send_message
    result = await super()._send_message(
             ^^^^^^^^^^^^^^^^^^^^^^^^^^^^
    ...<17 lines>...
    )
    ^
  File "C:\Users\user\PycharmProjects\LearnLang_TMA\venv\lib\python3.13\site-packages\telegram\_bot.py", line 559, in _send_message
    result = await self._post(
             ^^^^^^^^^^^^^^^^^
    ...<7 lines>...
    )
    ^
  File "C:\Users\user\PycharmProjects\LearnLang_TMA\venv\lib\python3.13\site-packages\telegram\_bot.py", line 469, in _post
    return await self._do_post(
           ^^^^^^^^^^^^^^^^^^^^
    ...<6 lines>...
    )
    ^
  File "C:\Users\user\PycharmProjects\LearnLang_TMA\venv\lib\python3.13\site-packages\telegram\ext\_extbot.py", line 325, in _do_post
    return await super()._do_post(
           ^^^^^^^^^^^^^^^^^^^^^^^
    ...<6 lines>...
    )
    ^
  File "C:\Users\user\PycharmProjects\LearnLang_TMA\venv\lib\python3.13\site-packages\telegram\_bot.py", line 497, in _do_post
    return await request.post(
           ^^^^^^^^^^^^^^^^^^^
    ...<6 lines>...
    )
    ^
  File "C:\Users\user\PycharmProjects\LearnLang_TMA\venv\lib\python3.13\site-packages\telegram\request\_baserequest.py", line 168, in post
    result = await self._request_wrapper(
             ^^^^^^^^^^^^^^^^^^^^^^^^^^^^
    ...<7 lines>...
    )
    ^
  File "C:\Users\user\PycharmProjects\LearnLang_TMA\venv\lib\python3.13\site-packages\telegram\request\_baserequest.py", line 328, in _request_wrapper
    raise BadRequest(message)
telegram.error.BadRequest: Can't parse entities: can't find end of the entity starting at byte offset 69
2026-02-26 00:59:58,824 - httpx - INFO - HTTP Request: POST https://api.telegram.org/bot7966102912:AAE6lVKzQ_OCchVeODIMl3pxYvWBiIx8Z1w/sendMessage "HTTP/1.1 200 OK"
2026-02-26 01:00:07,126 - httpx - INFO - HTTP Request: POST https://api.telegram.org/bot7966102912:AAE6lVKzQ_OCchVeODIMl3pxYvWBiIx8Z1w/getUpdates "HTTP/1.1 200 OK"
2026-02-26 01:00:18,024 - httpx - INFO - HTTP Request: POST https://api.telegram.org/bot7966102912:AAE6lVKzQ_OCchVeODIMl3pxYvWBiIx8Z1w/getUpdates "HTTP/1.1 200 OK"
2026-02-26 01:00:28,167 - httpx - INFO - HTTP Request: POST https://api.telegram.org/bot7966102912:AAE6lVKzQ_OCchVeODIMl3pxYvWBiIx8Z1w/getUpdates "HTTP/1.1 200 OK"
2026-02-26 01:00:38,676 - httpx - INFO - HTTP Request: POST https://api.telegram.org/bot7966102912:AAE6lVKzQ_OCchVeODIMl3pxYvWBiIx8Z1w/getUpdates "HTTP/1.1 200 OK"
2026-02-26 01:00:46,680 - telegram.ext.Application - INFO - Application is stopping. This might take a moment.
2026-02-26 01:00:46,681 - telegram.ext.Application - INFO - Application.stop() complete
2026-02-26 01:00:56,504 - httpx - INFO - HTTP Request: POST https://api.telegram.org/bot7966102912:AAE6lVKzQ_OCchVeODIMl3pxYvWBiIx8Z1w/getMe "HTTP/1.1 200 OK"
2026-02-26 01:00:57,018 - httpx - INFO - HTTP Request: POST https://api.telegram.org/bot7966102912:AAE6lVKzQ_OCchVeODIMl3pxYvWBiIx8Z1w/deleteWebhook "HTTP/1.1 200 OK"
2026-02-26 01:00:57,020 - telegram.ext.Application - INFO - Application started
2026-02-26 01:01:08,167 - httpx - INFO - HTTP Request: POST https://api.telegram.org/bot7966102912:AAE6lVKzQ_OCchVeODIMl3pxYvWBiIx8Z1w/getUpdates "HTTP/1.1 200 OK"
2026-02-26 01:01:19,080 - httpx - INFO - HTTP Request: POST https://api.telegram.org/bot7966102912:AAE6lVKzQ_OCchVeODIMl3pxYvWBiIx8Z1w/getUpdates "HTTP/1.1 200 OK"
2026-02-26 01:01:29,300 - httpx - INFO - HTTP Request: POST https://api.telegram.org/bot7966102912:AAE6lVKzQ_OCchVeODIMl3pxYvWBiIx8Z1w/getUpdates "HTTP/1.1 200 OK"
2026-02-26 01:01:40,345 - httpx - INFO - HTTP Request: POST https://api.telegram.org/bot7966102912:AAE6lVKzQ_OCchVeODIMl3pxYvWBiIx8Z1w/getUpdates "HTTP/1.1 200 OK"
2026-02-26 01:01:50,514 - httpx - INFO - HTTP Request: POST https://api.telegram.org/bot7966102912:AAE6lVKzQ_OCchVeODIMl3pxYvWBiIx8Z1w/getUpdates "HTTP/1.1 200 OK"
2026-02-26 01:01:51,607 - httpx - INFO - HTTP Request: POST https://api.telegram.org/bot7966102912:AAE6lVKzQ_OCchVeODIMl3pxYvWBiIx8Z1w/getUpdates "HTTP/1.1 200 OK"
2026-02-26 01:01:52,322 - httpx - INFO - HTTP Request: POST https://api.telegram.org/bot7966102912:AAE6lVKzQ_OCchVeODIMl3pxYvWBiIx8Z1w/sendMessage "HTTP/1.1 400 Bad Request"
2026-02-26 01:01:52,323 - __main__ - ERROR - Ошибка в start: Can't parse entities: can't find end of the entity starting at byte offset 69
Traceback (most recent call last):
  File "C:\Users\user\PycharmProjects\LearnLang_TMA\backend\advanced_bot.py", line 106, in start
    await update.message.reply_text(
    ...<3 lines>...
    )
  File "C:\Users\user\PycharmProjects\LearnLang_TMA\venv\lib\python3.13\site-packages\telegram\_message.py", line 1074, in reply_text
    return await self.get_bot().send_message(
           ^^^^^^^^^^^^^^^^^^^^^^^^^^^^^^^^^^
    ...<16 lines>...
    )
    ^
  File "C:\Users\user\PycharmProjects\LearnLang_TMA\venv\lib\python3.13\site-packages\telegram\ext\_extbot.py", line 2633, in send_message
    return await super().send_message(
           ^^^^^^^^^^^^^^^^^^^^^^^^^^^
    ...<16 lines>...
    )
    ^
  File "C:\Users\user\PycharmProjects\LearnLang_TMA\venv\lib\python3.13\site-packages\telegram\_bot.py", line 381, in decorator
    result = await func(self, *args, **kwargs)  # skipcq: PYL-E1102
             ^^^^^^^^^^^^^^^^^^^^^^^^^^^^^^^^^
  File "C:\Users\user\PycharmProjects\LearnLang_TMA\venv\lib\python3.13\site-packages\telegram\_bot.py", line 807, in send_message
    return await self._send_message(
           ^^^^^^^^^^^^^^^^^^^^^^^^^
    ...<15 lines>...
    )
    ^
  File "C:\Users\user\PycharmProjects\LearnLang_TMA\venv\lib\python3.13\site-packages\telegram\ext\_extbot.py", line 507, in _send_message
    result = await super()._send_message(
             ^^^^^^^^^^^^^^^^^^^^^^^^^^^^
    ...<17 lines>...
    )
    ^
  File "C:\Users\user\PycharmProjects\LearnLang_TMA\venv\lib\python3.13\site-packages\telegram\_bot.py", line 559, in _send_message
    result = await self._post(
             ^^^^^^^^^^^^^^^^^
    ...<7 lines>...
    )
    ^
  File "C:\Users\user\PycharmProjects\LearnLang_TMA\venv\lib\python3.13\site-packages\telegram\_bot.py", line 469, in _post
    return await self._do_post(
           ^^^^^^^^^^^^^^^^^^^^
    ...<6 lines>...
    )
    ^
  File "C:\Users\user\PycharmProjects\LearnLang_TMA\venv\lib\python3.13\site-packages\telegram\ext\_extbot.py", line 325, in _do_post
    return await super()._do_post(
           ^^^^^^^^^^^^^^^^^^^^^^^
    ...<6 lines>...
    )
    ^
  File "C:\Users\user\PycharmProjects\LearnLang_TMA\venv\lib\python3.13\site-packages\telegram\_bot.py", line 497, in _do_post
    return await request.post(
           ^^^^^^^^^^^^^^^^^^^
    ...<6 lines>...
    )
    ^
  File "C:\Users\user\PycharmProjects\LearnLang_TMA\venv\lib\python3.13\site-packages\telegram\request\_baserequest.py", line 168, in post
    result = await self._request_wrapper(
             ^^^^^^^^^^^^^^^^^^^^^^^^^^^^
    ...<7 lines>...
    )
    ^
  File "C:\Users\user\PycharmProjects\LearnLang_TMA\venv\lib\python3.13\site-packages\telegram\request\_baserequest.py", line 328, in _request_wrapper
    raise BadRequest(message)
telegram.error.BadRequest: Can't parse entities: can't find end of the entity starting at byte offset 69
2026-02-26 01:01:52,466 - httpx - INFO - HTTP Request: POST https://api.telegram.org/bot7966102912:AAE6lVKzQ_OCchVeODIMl3pxYvWBiIx8Z1w/sendMessage "HTTP/1.1 200 OK"
2026-02-26 01:02:02,256 - httpx - INFO - HTTP Request: POST https://api.telegram.org/bot7966102912:AAE6lVKzQ_OCchVeODIMl3pxYvWBiIx8Z1w/getUpdates "HTTP/1.1 200 OK"
2026-02-26 01:02:12,679 - httpx - INFO - HTTP Request: POST https://api.telegram.org/bot7966102912:AAE6lVKzQ_OCchVeODIMl3pxYvWBiIx8Z1w/getUpdates "HTTP/1.1 200 OK"
2026-02-26 01:02:23,639 - httpx - INFO - HTTP Request: POST https://api.telegram.org/bot7966102912:AAE6lVKzQ_OCchVeODIMl3pxYvWBiIx8Z1w/getUpdates "HTTP/1.1 200 OK"
2026-02-26 01:02:34,264 - httpx - INFO - HTTP Request: POST https://api.telegram.org/bot7966102912:AAE6lVKzQ_OCchVeODIMl3pxYvWBiIx8Z1w/getUpdates "HTTP/1.1 200 OK"
2026-02-26 01:02:44,487 - httpx - INFO - HTTP Request: POST https://api.telegram.org/bot7966102912:AAE6lVKzQ_OCchVeODIMl3pxYvWBiIx8Z1w/getUpdates "HTTP/1.1 200 OK"
2026-02-26 01:02:49,400 - telegram.ext.Application - INFO - Application is stopping. This might take a moment.
2026-02-26 01:02:49,400 - telegram.ext.Application - INFO - Application.stop() complete
2026-02-26 01:10:16,055 - httpx - INFO - HTTP Request: POST https://api.telegram.org/bot7966102912:AAE6lVKzQ_OCchVeODIMl3pxYvWBiIx8Z1w/getMe "HTTP/1.1 200 OK"
2026-02-26 01:10:16,542 - httpx - INFO - HTTP Request: POST https://api.telegram.org/bot7966102912:AAE6lVKzQ_OCchVeODIMl3pxYvWBiIx8Z1w/deleteWebhook "HTTP/1.1 200 OK"
2026-02-26 01:10:16,544 - telegram.ext.Application - INFO - Application started
2026-02-26 01:10:17,769 - httpx - INFO - HTTP Request: POST https://api.telegram.org/bot7966102912:AAE6lVKzQ_OCchVeODIMl3pxYvWBiIx8Z1w/getUpdates "HTTP/1.1 200 OK"
2026-02-26 01:10:18,350 - httpx - INFO - HTTP Request: POST https://api.telegram.org/bot7966102912:AAE6lVKzQ_OCchVeODIMl3pxYvWBiIx8Z1w/sendMessage "HTTP/1.1 200 OK"
2026-02-26 01:10:18,979 - httpx - INFO - HTTP Request: POST https://api.telegram.org/bot7966102912:AAE6lVKzQ_OCchVeODIMl3pxYvWBiIx8Z1w/sendMessage "HTTP/1.1 200 OK"
2026-02-26 01:10:19,548 - httpx - INFO - HTTP Request: POST https://api.telegram.org/bot7966102912:AAE6lVKzQ_OCchVeODIMl3pxYvWBiIx8Z1w/sendMessage "HTTP/1.1 200 OK"
2026-02-26 01:10:20,095 - httpx - INFO - HTTP Request: POST https://api.telegram.org/bot7966102912:AAE6lVKzQ_OCchVeODIMl3pxYvWBiIx8Z1w/sendMessage "HTTP/1.1 200 OK"
2026-02-26 01:10:20,757 - httpx - INFO - HTTP Request: POST https://api.telegram.org/bot7966102912:AAE6lVKzQ_OCchVeODIMl3pxYvWBiIx8Z1w/getUpdates "HTTP/1.1 200 OK"
2026-02-26 01:10:21,568 - httpx - INFO - HTTP Request: POST https://api.telegram.org/bot7966102912:AAE6lVKzQ_OCchVeODIMl3pxYvWBiIx8Z1w/sendMessage "HTTP/1.1 200 OK"
2026-02-26 01:10:31,235 - httpx - INFO - HTTP Request: POST https://api.telegram.org/bot7966102912:AAE6lVKzQ_OCchVeODIMl3pxYvWBiIx8Z1w/getUpdates "HTTP/1.1 200 OK"
2026-02-26 01:10:34,090 - httpx - INFO - HTTP Request: POST https://api.telegram.org/bot7966102912:AAE6lVKzQ_OCchVeODIMl3pxYvWBiIx8Z1w/getUpdates "HTTP/1.1 200 OK"
2026-02-26 01:10:35,281 - httpx - INFO - HTTP Request: POST https://api.telegram.org/bot7966102912:AAE6lVKzQ_OCchVeODIMl3pxYvWBiIx8Z1w/sendMessage "HTTP/1.1 200 OK"
2026-02-26 01:10:41,925 - httpx - INFO - HTTP Request: POST https://api.telegram.org/bot7966102912:AAE6lVKzQ_OCchVeODIMl3pxYvWBiIx8Z1w/getUpdates "HTTP/1.1 200 OK"
2026-02-26 01:10:43,042 - httpx - INFO - HTTP Request: POST https://api.telegram.org/bot7966102912:AAE6lVKzQ_OCchVeODIMl3pxYvWBiIx8Z1w/answerCallbackQuery "HTTP/1.1 200 OK"
2026-02-26 01:10:43,043 - __main__ - INFO - Пользователь 1276438743 нажал: my_words
2026-02-26 01:10:44,174 - httpx - INFO - HTTP Request: POST https://api.telegram.org/bot7966102912:AAE6lVKzQ_OCchVeODIMl3pxYvWBiIx8Z1w/editMessageText "HTTP/1.1 200 OK"
2026-02-26 01:10:45,719 - httpx - INFO - HTTP Request: POST https://api.telegram.org/bot7966102912:AAE6lVKzQ_OCchVeODIMl3pxYvWBiIx8Z1w/getUpdates "HTTP/1.1 200 OK"
2026-02-26 01:10:46,366 - httpx - INFO - HTTP Request: POST https://api.telegram.org/bot7966102912:AAE6lVKzQ_OCchVeODIMl3pxYvWBiIx8Z1w/answerCallbackQuery "HTTP/1.1 200 OK"
2026-02-26 01:10:46,367 - __main__ - INFO - Пользователь 1276438743 нажал: back
2026-02-26 01:10:47,009 - httpx - INFO - HTTP Request: POST https://api.telegram.org/bot7966102912:AAE6lVKzQ_OCchVeODIMl3pxYvWBiIx8Z1w/editMessageText "HTTP/1.1 200 OK"
2026-02-26 01:10:51,271 - httpx - INFO - HTTP Request: POST https://api.telegram.org/bot7966102912:AAE6lVKzQ_OCchVeODIMl3pxYvWBiIx8Z1w/getUpdates "HTTP/1.1 200 OK"
2026-02-26 01:10:51,428 - httpx - INFO - HTTP Request: POST https://api.telegram.org/bot7966102912:AAE6lVKzQ_OCchVeODIMl3pxYvWBiIx8Z1w/answerCallbackQuery "HTTP/1.1 200 OK"
2026-02-26 01:10:51,429 - __main__ - INFO - Пользователь 1276438743 нажал: back
2026-02-26 01:10:51,807 - httpx - INFO - HTTP Request: POST https://api.telegram.org/bot7966102912:AAE6lVKzQ_OCchVeODIMl3pxYvWBiIx8Z1w/editMessageText "HTTP/1.1 400 Bad Request"
2026-02-26 01:10:51,808 - __main__ - ERROR - Ошибка в button_callback: Message is not modified: specified new message content and reply markup are exactly the same as a current content and reply markup of the message
Traceback (most recent call last):
  File "C:\Users\user\PycharmProjects\LearnLang_TMA\backend\advanced_bot.py", line 156, in button_callback
    await query.edit_message_text(
    ...<3 lines>...
    )
  File "C:\Users\user\PycharmProjects\LearnLang_TMA\venv\lib\python3.13\site-packages\telegram\_callbackquery.py", line 241, in edit_message_text
    return await self.message.edit_text(
           ^^^^^^^^^^^^^^^^^^^^^^^^^^^^^
    ...<10 lines>...
    )
    ^
  File "C:\Users\user\PycharmProjects\LearnLang_TMA\venv\lib\python3.13\site-packages\telegram\_message.py", line 2526, in edit_text
    return await self.get_bot().edit_message_text(
           ^^^^^^^^^^^^^^^^^^^^^^^^^^^^^^^^^^^^^^^
    ...<13 lines>...
    )
    ^
  File "C:\Users\user\PycharmProjects\LearnLang_TMA\venv\lib\python3.13\site-packages\telegram\ext\_extbot.py", line 1482, in edit_message_text
    return await super().edit_message_text(
           ^^^^^^^^^^^^^^^^^^^^^^^^^^^^^^^^
    ...<13 lines>...
    )
    ^
  File "C:\Users\user\PycharmProjects\LearnLang_TMA\venv\lib\python3.13\site-packages\telegram\_bot.py", line 381, in decorator
    result = await func(self, *args, **kwargs)  # skipcq: PYL-E1102
             ^^^^^^^^^^^^^^^^^^^^^^^^^^^^^^^^^
  File "C:\Users\user\PycharmProjects\LearnLang_TMA\venv\lib\python3.13\site-packages\telegram\_bot.py", line 3381, in edit_message_text
    return await self._send_message(
           ^^^^^^^^^^^^^^^^^^^^^^^^^
    ...<10 lines>...
    )
    ^
  File "C:\Users\user\PycharmProjects\LearnLang_TMA\venv\lib\python3.13\site-packages\telegram\ext\_extbot.py", line 507, in _send_message
    result = await super()._send_message(
             ^^^^^^^^^^^^^^^^^^^^^^^^^^^^
    ...<17 lines>...
    )
    ^
  File "C:\Users\user\PycharmProjects\LearnLang_TMA\venv\lib\python3.13\site-packages\telegram\_bot.py", line 559, in _send_message
    result = await self._post(
             ^^^^^^^^^^^^^^^^^
    ...<7 lines>...
    )
    ^
  File "C:\Users\user\PycharmProjects\LearnLang_TMA\venv\lib\python3.13\site-packages\telegram\_bot.py", line 469, in _post
    return await self._do_post(
           ^^^^^^^^^^^^^^^^^^^^
    ...<6 lines>...
    )
    ^
  File "C:\Users\user\PycharmProjects\LearnLang_TMA\venv\lib\python3.13\site-packages\telegram\ext\_extbot.py", line 325, in _do_post
    return await super()._do_post(
           ^^^^^^^^^^^^^^^^^^^^^^^
    ...<6 lines>...
    )
    ^
  File "C:\Users\user\PycharmProjects\LearnLang_TMA\venv\lib\python3.13\site-packages\telegram\_bot.py", line 497, in _do_post
    return await request.post(
           ^^^^^^^^^^^^^^^^^^^
    ...<6 lines>...
    )
    ^
  File "C:\Users\user\PycharmProjects\LearnLang_TMA\venv\lib\python3.13\site-packages\telegram\request\_baserequest.py", line 168, in post
    result = await self._request_wrapper(
             ^^^^^^^^^^^^^^^^^^^^^^^^^^^^
    ...<7 lines>...
    )
    ^
  File "C:\Users\user\PycharmProjects\LearnLang_TMA\venv\lib\python3.13\site-packages\telegram\request\_baserequest.py", line 328, in _request_wrapper
    raise BadRequest(message)
telegram.error.BadRequest: Message is not modified: specified new message content and reply markup are exactly the same as a current content and reply markup of the message
2026-02-26 01:10:54,338 - httpx - INFO - HTTP Request: POST https://api.telegram.org/bot7966102912:AAE6lVKzQ_OCchVeODIMl3pxYvWBiIx8Z1w/getUpdates "HTTP/1.1 200 OK"
2026-02-26 01:10:54,780 - httpx - INFO - HTTP Request: POST https://api.telegram.org/bot7966102912:AAE6lVKzQ_OCchVeODIMl3pxYvWBiIx8Z1w/answerCallbackQuery "HTTP/1.1 200 OK"
2026-02-26 01:10:54,781 - __main__ - INFO - Пользователь 1276438743 нажал: achievements
2026-02-26 01:10:55,436 - httpx - INFO - HTTP Request: POST https://api.telegram.org/bot7966102912:AAE6lVKzQ_OCchVeODIMl3pxYvWBiIx8Z1w/editMessageText "HTTP/1.1 200 OK"
2026-02-26 01:10:58,277 - httpx - INFO - HTTP Request: POST https://api.telegram.org/bot7966102912:AAE6lVKzQ_OCchVeODIMl3pxYvWBiIx8Z1w/getUpdates "HTTP/1.1 200 OK"
2026-02-26 01:10:58,715 - httpx - INFO - HTTP Request: POST https://api.telegram.org/bot7966102912:AAE6lVKzQ_OCchVeODIMl3pxYvWBiIx8Z1w/answerCallbackQuery "HTTP/1.1 200 OK"
2026-02-26 01:10:58,715 - __main__ - INFO - Пользователь 1276438743 нажал: back
2026-02-26 01:10:58,931 - httpx - INFO - HTTP Request: POST https://api.telegram.org/bot7966102912:AAE6lVKzQ_OCchVeODIMl3pxYvWBiIx8Z1w/editMessageText "HTTP/1.1 200 OK"
2026-02-26 01:11:00,651 - httpx - INFO - HTTP Request: POST https://api.telegram.org/bot7966102912:AAE6lVKzQ_OCchVeODIMl3pxYvWBiIx8Z1w/getUpdates "HTTP/1.1 200 OK"
2026-02-26 01:11:01,137 - httpx - INFO - HTTP Request: POST https://api.telegram.org/bot7966102912:AAE6lVKzQ_OCchVeODIMl3pxYvWBiIx8Z1w/answerCallbackQuery "HTTP/1.1 200 OK"
2026-02-26 01:11:01,138 - __main__ - INFO - Пользователь 1276438743 нажал: stats
2026-02-26 01:11:01,662 - httpx - INFO - HTTP Request: POST https://api.telegram.org/bot7966102912:AAE6lVKzQ_OCchVeODIMl3pxYvWBiIx8Z1w/editMessageText "HTTP/1.1 200 OK"
2026-02-26 01:11:04,042 - httpx - INFO - HTTP Request: POST https://api.telegram.org/bot7966102912:AAE6lVKzQ_OCchVeODIMl3pxYvWBiIx8Z1w/getUpdates "HTTP/1.1 200 OK"
2026-02-26 01:11:04,235 - httpx - INFO - HTTP Request: POST https://api.telegram.org/bot7966102912:AAE6lVKzQ_OCchVeODIMl3pxYvWBiIx8Z1w/answerCallbackQuery "HTTP/1.1 200 OK"
2026-02-26 01:11:04,235 - __main__ - INFO - Пользователь 1276438743 нажал: back
2026-02-26 01:11:04,886 - httpx - INFO - HTTP Request: POST https://api.telegram.org/bot7966102912:AAE6lVKzQ_OCchVeODIMl3pxYvWBiIx8Z1w/editMessageText "HTTP/1.1 200 OK"
2026-02-26 01:11:14,149 - httpx - INFO - HTTP Request: POST https://api.telegram.org/bot7966102912:AAE6lVKzQ_OCchVeODIMl3pxYvWBiIx8Z1w/getUpdates "HTTP/1.1 200 OK"
2026-02-26 01:11:14,992 - httpx - INFO - HTTP Request: POST https://api.telegram.org/bot7966102912:AAE6lVKzQ_OCchVeODIMl3pxYvWBiIx8Z1w/getUpdates "HTTP/1.1 200 OK"
2026-02-26 01:11:17,005 - httpx - INFO - HTTP Request: POST https://api.telegram.org/bot7966102912:AAE6lVKzQ_OCchVeODIMl3pxYvWBiIx8Z1w/sendMessage "HTTP/1.1 200 OK"
2026-02-26 01:11:21,678 - httpx - INFO - HTTP Request: POST https://api.telegram.org/bot7966102912:AAE6lVKzQ_OCchVeODIMl3pxYvWBiIx8Z1w/getUpdates "HTTP/1.1 200 OK"
2026-02-26 01:11:21,883 - httpx - INFO - HTTP Request: POST https://api.telegram.org/bot7966102912:AAE6lVKzQ_OCchVeODIMl3pxYvWBiIx8Z1w/answerCallbackQuery "HTTP/1.1 200 OK"
2026-02-26 01:11:21,884 - __main__ - INFO - Пользователь 1276438743 нажал: back
2026-02-26 01:11:22,726 - httpx - INFO - HTTP Request: POST https://api.telegram.org/bot7966102912:AAE6lVKzQ_OCchVeODIMl3pxYvWBiIx8Z1w/editMessageText "HTTP/1.1 400 Bad Request"
2026-02-26 01:11:22,727 - __main__ - ERROR - Ошибка в button_callback: Message is not modified: specified new message content and reply markup are exactly the same as a current content and reply markup of the message
Traceback (most recent call last):
  File "C:\Users\user\PycharmProjects\LearnLang_TMA\backend\advanced_bot.py", line 156, in button_callback
    await query.edit_message_text(
    ...<3 lines>...
    )
  File "C:\Users\user\PycharmProjects\LearnLang_TMA\venv\lib\python3.13\site-packages\telegram\_callbackquery.py", line 241, in edit_message_text
    return await self.message.edit_text(
           ^^^^^^^^^^^^^^^^^^^^^^^^^^^^^
    ...<10 lines>...
    )
    ^
  File "C:\Users\user\PycharmProjects\LearnLang_TMA\venv\lib\python3.13\site-packages\telegram\_message.py", line 2526, in edit_text
    return await self.get_bot().edit_message_text(
           ^^^^^^^^^^^^^^^^^^^^^^^^^^^^^^^^^^^^^^^
    ...<13 lines>...
    )
    ^
  File "C:\Users\user\PycharmProjects\LearnLang_TMA\venv\lib\python3.13\site-packages\telegram\ext\_extbot.py", line 1482, in edit_message_text
    return await super().edit_message_text(
           ^^^^^^^^^^^^^^^^^^^^^^^^^^^^^^^^
    ...<13 lines>...
    )
    ^
  File "C:\Users\user\PycharmProjects\LearnLang_TMA\venv\lib\python3.13\site-packages\telegram\_bot.py", line 381, in decorator
    result = await func(self, *args, **kwargs)  # skipcq: PYL-E1102
             ^^^^^^^^^^^^^^^^^^^^^^^^^^^^^^^^^
  File "C:\Users\user\PycharmProjects\LearnLang_TMA\venv\lib\python3.13\site-packages\telegram\_bot.py", line 3381, in edit_message_text
    return await self._send_message(
           ^^^^^^^^^^^^^^^^^^^^^^^^^
    ...<10 lines>...
    )
    ^
  File "C:\Users\user\PycharmProjects\LearnLang_TMA\venv\lib\python3.13\site-packages\telegram\ext\_extbot.py", line 507, in _send_message
    result = await super()._send_message(
             ^^^^^^^^^^^^^^^^^^^^^^^^^^^^
    ...<17 lines>...
    )
    ^
  File "C:\Users\user\PycharmProjects\LearnLang_TMA\venv\lib\python3.13\site-packages\telegram\_bot.py", line 559, in _send_message
    result = await self._post(
             ^^^^^^^^^^^^^^^^^
    ...<7 lines>...
    )
    ^
  File "C:\Users\user\PycharmProjects\LearnLang_TMA\venv\lib\python3.13\site-packages\telegram\_bot.py", line 469, in _post
    return await self._do_post(
           ^^^^^^^^^^^^^^^^^^^^
    ...<6 lines>...
    )
    ^
  File "C:\Users\user\PycharmProjects\LearnLang_TMA\venv\lib\python3.13\site-packages\telegram\ext\_extbot.py", line 325, in _do_post
    return await super()._do_post(
           ^^^^^^^^^^^^^^^^^^^^^^^
    ...<6 lines>...
    )
    ^
  File "C:\Users\user\PycharmProjects\LearnLang_TMA\venv\lib\python3.13\site-packages\telegram\_bot.py", line 497, in _do_post
    return await request.post(
           ^^^^^^^^^^^^^^^^^^^
    ...<6 lines>...
    )
    ^
  File "C:\Users\user\PycharmProjects\LearnLang_TMA\venv\lib\python3.13\site-packages\telegram\request\_baserequest.py", line 168, in post
    result = await self._request_wrapper(
             ^^^^^^^^^^^^^^^^^^^^^^^^^^^^
    ...<7 lines>...
    )
    ^
  File "C:\Users\user\PycharmProjects\LearnLang_TMA\venv\lib\python3.13\site-packages\telegram\request\_baserequest.py", line 328, in _request_wrapper
    raise BadRequest(message)
telegram.error.BadRequest: Message is not modified: specified new message content and reply markup are exactly the same as a current content and reply markup of the message
2026-02-26 01:11:32,131 - httpx - INFO - HTTP Request: POST https://api.telegram.org/bot7966102912:AAE6lVKzQ_OCchVeODIMl3pxYvWBiIx8Z1w/getUpdates "HTTP/1.1 200 OK"
2026-02-26 01:11:42,763 - httpx - INFO - HTTP Request: POST https://api.telegram.org/bot7966102912:AAE6lVKzQ_OCchVeODIMl3pxYvWBiIx8Z1w/getUpdates "HTTP/1.1 200 OK"
2026-02-26 01:11:53,297 - httpx - INFO - HTTP Request: POST https://api.telegram.org/bot7966102912:AAE6lVKzQ_OCchVeODIMl3pxYvWBiIx8Z1w/getUpdates "HTTP/1.1 200 OK"
2026-02-26 01:12:03,955 - httpx - INFO - HTTP Request: POST https://api.telegram.org/bot7966102912:AAE6lVKzQ_OCchVeODIMl3pxYvWBiIx8Z1w/getUpdates "HTTP/1.1 200 OK"
2026-02-26 01:12:04,475 - httpx - INFO - HTTP Request: POST https://api.telegram.org/bot7966102912:AAE6lVKzQ_OCchVeODIMl3pxYvWBiIx8Z1w/getUpdates "HTTP/1.1 200 OK"
2026-02-26 01:12:05,506 - httpx - INFO - HTTP Request: POST https://api.telegram.org/bot7966102912:AAE6lVKzQ_OCchVeODIMl3pxYvWBiIx8Z1w/sendMessage "HTTP/1.1 200 OK"
2026-02-26 01:12:15,464 - httpx - INFO - HTTP Request: POST https://api.telegram.org/bot7966102912:AAE6lVKzQ_OCchVeODIMl3pxYvWBiIx8Z1w/getUpdates "HTTP/1.1 200 OK"
2026-02-26 01:12:26,076 - httpx - INFO - HTTP Request: POST https://api.telegram.org/bot7966102912:AAE6lVKzQ_OCchVeODIMl3pxYvWBiIx8Z1w/getUpdates "HTTP/1.1 200 OK"
2026-02-26 01:12:36,562 - httpx - INFO - HTTP Request: POST https://api.telegram.org/bot7966102912:AAE6lVKzQ_OCchVeODIMl3pxYvWBiIx8Z1w/getUpdates "HTTP/1.1 200 OK"
2026-02-26 01:12:46,929 - httpx - INFO - HTTP Request: POST https://api.telegram.org/bot7966102912:AAE6lVKzQ_OCchVeODIMl3pxYvWBiIx8Z1w/getUpdates "HTTP/1.1 200 OK"
2026-02-26 01:12:57,081 - httpx - INFO - HTTP Request: POST https://api.telegram.org/bot7966102912:AAE6lVKzQ_OCchVeODIMl3pxYvWBiIx8Z1w/getUpdates "HTTP/1.1 200 OK"
2026-02-26 01:13:07,859 - httpx - INFO - HTTP Request: POST https://api.telegram.org/bot7966102912:AAE6lVKzQ_OCchVeODIMl3pxYvWBiIx8Z1w/getUpdates "HTTP/1.1 200 OK"
2026-02-26 01:13:18,046 - httpx - INFO - HTTP Request: POST https://api.telegram.org/bot7966102912:AAE6lVKzQ_OCchVeODIMl3pxYvWBiIx8Z1w/getUpdates "HTTP/1.1 200 OK"
2026-02-26 01:13:28,541 - httpx - INFO - HTTP Request: POST https://api.telegram.org/bot7966102912:AAE6lVKzQ_OCchVeODIMl3pxYvWBiIx8Z1w/getUpdates "HTTP/1.1 200 OK"
2026-02-26 01:13:38,957 - httpx - INFO - HTTP Request: POST https://api.telegram.org/bot7966102912:AAE6lVKzQ_OCchVeODIMl3pxYvWBiIx8Z1w/getUpdates "HTTP/1.1 200 OK"
2026-02-26 01:13:49,489 - httpx - INFO - HTTP Request: POST https://api.telegram.org/bot7966102912:AAE6lVKzQ_OCchVeODIMl3pxYvWBiIx8Z1w/getUpdates "HTTP/1.1 200 OK"
2026-02-26 01:13:59,820 - httpx - INFO - HTTP Request: POST https://api.telegram.org/bot7966102912:AAE6lVKzQ_OCchVeODIMl3pxYvWBiIx8Z1w/getUpdates "HTTP/1.1 200 OK"
2026-02-26 01:14:09,923 - httpx - INFO - HTTP Request: POST https://api.telegram.org/bot7966102912:AAE6lVKzQ_OCchVeODIMl3pxYvWBiIx8Z1w/getUpdates "HTTP/1.1 200 OK"
2026-02-26 01:14:20,656 - httpx - INFO - HTTP Request: POST https://api.telegram.org/bot7966102912:AAE6lVKzQ_OCchVeODIMl3pxYvWBiIx8Z1w/getUpdates "HTTP/1.1 200 OK"
2026-02-26 01:14:30,769 - httpx - INFO - HTTP Request: POST https://api.telegram.org/bot7966102912:AAE6lVKzQ_OCchVeODIMl3pxYvWBiIx8Z1w/getUpdates "HTTP/1.1 200 OK"
2026-02-26 01:14:41,235 - httpx - INFO - HTTP Request: POST https://api.telegram.org/bot7966102912:AAE6lVKzQ_OCchVeODIMl3pxYvWBiIx8Z1w/getUpdates "HTTP/1.1 200 OK"
2026-02-26 01:14:51,803 - httpx - INFO - HTTP Request: POST https://api.telegram.org/bot7966102912:AAE6lVKzQ_OCchVeODIMl3pxYvWBiIx8Z1w/getUpdates "HTTP/1.1 200 OK"
2026-02-26 01:15:02,228 - httpx - INFO - HTTP Request: POST https://api.telegram.org/bot7966102912:AAE6lVKzQ_OCchVeODIMl3pxYvWBiIx8Z1w/getUpdates "HTTP/1.1 200 OK"
2026-02-26 01:15:12,720 - httpx - INFO - HTTP Request: POST https://api.telegram.org/bot7966102912:AAE6lVKzQ_OCchVeODIMl3pxYvWBiIx8Z1w/getUpdates "HTTP/1.1 200 OK"
2026-02-26 01:15:23,227 - httpx - INFO - HTTP Request: POST https://api.telegram.org/bot7966102912:AAE6lVKzQ_OCchVeODIMl3pxYvWBiIx8Z1w/getUpdates "HTTP/1.1 200 OK"
2026-02-26 01:15:23,702 - telegram.ext.Application - INFO - Application is stopping. This might take a moment.
2026-02-26 01:15:23,702 - telegram.ext.Application - INFO - Application.stop() complete
2026-02-26 01:18:58,397 - httpx - INFO - HTTP Request: POST https://api.telegram.org/bot7966102912:AAE6lVKzQ_OCchVeODIMl3pxYvWBiIx8Z1w/getMe "HTTP/1.1 200 OK"
2026-02-26 01:18:58,915 - httpx - INFO - HTTP Request: POST https://api.telegram.org/bot7966102912:AAE6lVKzQ_OCchVeODIMl3pxYvWBiIx8Z1w/deleteWebhook "HTTP/1.1 200 OK"
2026-02-26 01:18:58,917 - telegram.ext.Application - INFO - Application started
2026-02-26 01:19:05,220 - httpx - INFO - HTTP Request: POST https://api.telegram.org/bot7966102912:AAE6lVKzQ_OCchVeODIMl3pxYvWBiIx8Z1w/getUpdates "HTTP/1.1 200 OK"
2026-02-26 01:19:06,288 - httpx - INFO - HTTP Request: POST https://api.telegram.org/bot7966102912:AAE6lVKzQ_OCchVeODIMl3pxYvWBiIx8Z1w/sendMessage "HTTP/1.1 200 OK"
2026-02-26 01:19:15,939 - httpx - INFO - HTTP Request: POST https://api.telegram.org/bot7966102912:AAE6lVKzQ_OCchVeODIMl3pxYvWBiIx8Z1w/getUpdates "HTTP/1.1 200 OK"
2026-02-26 01:19:26,056 - httpx - INFO - HTTP Request: POST https://api.telegram.org/bot7966102912:AAE6lVKzQ_OCchVeODIMl3pxYvWBiIx8Z1w/getUpdates "HTTP/1.1 200 OK"
2026-02-26 01:19:36,969 - httpx - INFO - HTTP Request: POST https://api.telegram.org/bot7966102912:AAE6lVKzQ_OCchVeODIMl3pxYvWBiIx8Z1w/getUpdates "HTTP/1.1 200 OK"
2026-02-26 01:19:47,085 - httpx - INFO - HTTP Request: POST https://api.telegram.org/bot7966102912:AAE6lVKzQ_OCchVeODIMl3pxYvWBiIx8Z1w/getUpdates "HTTP/1.1 200 OK"
2026-02-26 01:19:57,523 - httpx - INFO - HTTP Request: POST https://api.telegram.org/bot7966102912:AAE6lVKzQ_OCchVeODIMl3pxYvWBiIx8Z1w/getUpdates "HTTP/1.1 200 OK"
2026-02-26 01:20:08,002 - httpx - INFO - HTTP Request: POST https://api.telegram.org/bot7966102912:AAE6lVKzQ_OCchVeODIMl3pxYvWBiIx8Z1w/getUpdates "HTTP/1.1 200 OK"
2026-02-26 01:20:13,834 - telegram.ext.Application - INFO - Application is stopping. This might take a moment.
2026-02-26 01:20:13,835 - telegram.ext.Application - INFO - Application.stop() complete
